2020-05-15 18:04:37,690 [INFO] Activator:176 - 


2020-05-15 18:04:37,694 [INFO] Activator:177 - !SESSION log4j initialized
2020-05-15 18:04:50,455 [INFO] ApplicationProperties:181 - Using Application install path: C:\ST\STM32CubeIDE_1.3.0\STM32CubeIDE\plugins\com.st.stm32cube.common.mx_5.6.0.202002181639
2020-05-15 18:04:50,470 [INFO] DbMcusXml:72 - Set database path to: C:\ST\STM32CubeIDE_1.3.0\STM32CubeIDE\plugins\com.st.stm32cube.common.mx_5.6.0.202002181639\\db\/mcu/
2020-05-15 18:04:50,474 [INFO] DbBoardsPdsc:54 - Set plugin database path to: C:\ST\STM32CubeIDE_1.3.0\STM32CubeIDE\plugins\com.st.stm32cube.common.mx_5.6.0.202002181639\\db\/plugins/boardmanager/
2020-05-15 18:04:50,475 [INFO] DbMcus:235 - Set plugin images path to: C:\ST\STM32CubeIDE_1.3.0\STM32CubeIDE\plugins\com.st.stm32cube.common.mx_5.6.0.202002181639\\db\/plugins/mcufinder/images/
2020-05-15 18:04:50,475 [INFO] DbBoards:232 - Set plugin images path to: C:\ST\STM32CubeIDE_1.3.0\STM32CubeIDE\plugins\com.st.stm32cube.common.mx_5.6.0.202002181639\\db\/plugins/mcufinder/images/
2020-05-15 18:04:50,488 [INFO] DbMcusAds:85 - Set database path to: C:\Users\CJS\.stmcufinder\plugins\mcufinder//mcu/
2020-05-15 18:04:50,489 [INFO] DbMcusDocs:108 - Set database path to: C:\Users\CJS\.stmcufinder\plugins\mcufinder//mcu/
2020-05-15 18:04:50,491 [INFO] DbMcusJson:61 - Set database path to: C:\Users\CJS\.stmcufinder\plugins\mcufinder//mcu/
2020-05-15 18:04:50,492 [INFO] DbBoardsDocs:97 - Set database path to: C:\Users\CJS\.stmcufinder\plugins\mcufinder//mcu/
2020-05-15 18:04:50,493 [INFO] DbBoardsJson:51 - Set database path to: C:\Users\CJS\.stmcufinder\plugins\mcufinder//mcu/
2020-05-15 18:04:50,888 [INFO] CrossReferenceDbSqlite:197 - Set database path to: C:\Users\CJS\.stmcufinder\plugins\mcufinder//mcu/cs/
2020-05-15 18:04:51,003 [INFO] RulesReader:52 - Compatibility file has been processed (208 Rules)
2020-05-15 18:04:51,135 [INFO] MicroXplorer:570 - Detected Java Version = 1.8.0_242
2020-05-15 18:04:51,136 [INFO] DbMcusXml:72 - Set database path to: C:\ST\STM32CubeIDE_1.3.0\STM32CubeIDE\plugins\com.st.stm32cube.common.mx_5.6.0.202002181639\\db\/mcu/
2020-05-15 18:04:51,136 [INFO] DbBoardsPdsc:54 - Set plugin database path to: C:\ST\STM32CubeIDE_1.3.0\STM32CubeIDE\plugins\com.st.stm32cube.common.mx_5.6.0.202002181639\\db\/plugins/boardmanager/
2020-05-15 18:04:51,136 [INFO] DbMcus:235 - Set plugin images path to: C:\ST\STM32CubeIDE_1.3.0\STM32CubeIDE\plugins\com.st.stm32cube.common.mx_5.6.0.202002181639\\db\/plugins/mcufinder/images/
2020-05-15 18:04:51,139 [INFO] DbBoards:232 - Set plugin images path to: C:\ST\STM32CubeIDE_1.3.0\STM32CubeIDE\plugins\com.st.stm32cube.common.mx_5.6.0.202002181639\\db\/plugins/mcufinder/images/
2020-05-15 18:04:51,139 [WARN] DbFile:36 - Overriding database path with different value: C:\Users\CJS\.stmcufinder\plugins\mcufinder/ => C:\Users\CJS\.stmcufinder\plugins\mcufinder
2020-05-15 18:04:51,140 [INFO] DbMcusAds:85 - Set database path to: C:\Users\CJS\.stmcufinder\plugins\mcufinder//mcu/
2020-05-15 18:04:51,140 [WARN] DbFile:36 - Overriding database path with different value: C:\Users\CJS\.stmcufinder\plugins\mcufinder/ => C:\Users\CJS\.stmcufinder\plugins\mcufinder
2020-05-15 18:04:51,140 [INFO] DbMcusDocs:108 - Set database path to: C:\Users\CJS\.stmcufinder\plugins\mcufinder//mcu/
2020-05-15 18:04:51,140 [WARN] DbFile:36 - Overriding database path with different value: C:\Users\CJS\.stmcufinder\plugins\mcufinder/ => C:\Users\CJS\.stmcufinder\plugins\mcufinder
2020-05-15 18:04:51,141 [INFO] DbMcusJson:61 - Set database path to: C:\Users\CJS\.stmcufinder\plugins\mcufinder//mcu/
2020-05-15 18:04:51,141 [WARN] DbFile:36 - Overriding database path with different value: C:\Users\CJS\.stmcufinder\plugins\mcufinder/ => C:\Users\CJS\.stmcufinder\plugins\mcufinder
2020-05-15 18:04:51,141 [INFO] DbBoardsDocs:97 - Set database path to: C:\Users\CJS\.stmcufinder\plugins\mcufinder//mcu/
2020-05-15 18:04:51,141 [WARN] DbFile:36 - Overriding database path with different value: C:\Users\CJS\.stmcufinder\plugins\mcufinder/ => C:\Users\CJS\.stmcufinder\plugins\mcufinder
2020-05-15 18:04:51,141 [INFO] DbBoardsJson:51 - Set database path to: C:\Users\CJS\.stmcufinder\plugins\mcufinder//mcu/
2020-05-15 18:04:51,142 [WARN] DbFile:36 - Overriding database path with different value: C:\Users\CJS\.stmcufinder\plugins\mcufinder/ => C:\Users\CJS\.stmcufinder\plugins\mcufinder
2020-05-15 18:04:51,142 [WARN] DbFile:36 - Overriding database path with different value: C:\Users\CJS\.stmcufinder\plugins\mcufinder/ => C:\Users\CJS\.stmcufinder\plugins\mcufinder
2020-05-15 18:04:51,142 [INFO] CrossReferenceDbSqlite:197 - Set database path to: C:\Users\CJS\.stmcufinder\plugins\mcufinder//mcu/cs/
2020-05-15 18:04:51,240 [INFO] MainPanel:181 - HeapMemory: 324009984
2020-05-15 18:04:51,345 [INFO] DbMcusXml:72 - Set database path to: C:\ST\STM32CubeIDE_1.3.0\STM32CubeIDE\plugins\com.st.stm32cube.common.mx_5.6.0.202002181639\\db\/mcu/
2020-05-15 18:04:51,345 [INFO] DbBoardsPdsc:54 - Set plugin database path to: C:\ST\STM32CubeIDE_1.3.0\STM32CubeIDE\plugins\com.st.stm32cube.common.mx_5.6.0.202002181639\\db\/plugins/boardmanager/
2020-05-15 18:04:51,345 [INFO] DbMcus:235 - Set plugin images path to: C:\ST\STM32CubeIDE_1.3.0\STM32CubeIDE\plugins\com.st.stm32cube.common.mx_5.6.0.202002181639\\db\/plugins/mcufinder/images/
2020-05-15 18:04:51,346 [INFO] DbBoards:232 - Set plugin images path to: C:\ST\STM32CubeIDE_1.3.0\STM32CubeIDE\plugins\com.st.stm32cube.common.mx_5.6.0.202002181639\\db\/plugins/mcufinder/images/
2020-05-15 18:04:51,346 [WARN] DbFile:36 - Overriding database path with different value: C:\Users\CJS\.stmcufinder\plugins\mcufinder/ => C:\Users\CJS\.stmcufinder\plugins\mcufinder
2020-05-15 18:04:51,347 [INFO] DbMcusAds:85 - Set database path to: C:\Users\CJS\.stmcufinder\plugins\mcufinder//mcu/
2020-05-15 18:04:51,347 [WARN] DbFile:36 - Overriding database path with different value: C:\Users\CJS\.stmcufinder\plugins\mcufinder/ => C:\Users\CJS\.stmcufinder\plugins\mcufinder
2020-05-15 18:04:51,347 [INFO] DbMcusDocs:108 - Set database path to: C:\Users\CJS\.stmcufinder\plugins\mcufinder//mcu/
2020-05-15 18:04:51,347 [WARN] DbFile:36 - Overriding database path with different value: C:\Users\CJS\.stmcufinder\plugins\mcufinder/ => C:\Users\CJS\.stmcufinder\plugins\mcufinder
2020-05-15 18:04:51,347 [INFO] DbMcusJson:61 - Set database path to: C:\Users\CJS\.stmcufinder\plugins\mcufinder//mcu/
2020-05-15 18:04:51,347 [WARN] DbFile:36 - Overriding database path with different value: C:\Users\CJS\.stmcufinder\plugins\mcufinder/ => C:\Users\CJS\.stmcufinder\plugins\mcufinder
2020-05-15 18:04:51,348 [INFO] DbBoardsDocs:97 - Set database path to: C:\Users\CJS\.stmcufinder\plugins\mcufinder//mcu/
2020-05-15 18:04:51,348 [WARN] DbFile:36 - Overriding database path with different value: C:\Users\CJS\.stmcufinder\plugins\mcufinder/ => C:\Users\CJS\.stmcufinder\plugins\mcufinder
2020-05-15 18:04:51,348 [INFO] DbBoardsJson:51 - Set database path to: C:\Users\CJS\.stmcufinder\plugins\mcufinder//mcu/
2020-05-15 18:04:51,348 [WARN] DbFile:36 - Overriding database path with different value: C:\Users\CJS\.stmcufinder\plugins\mcufinder/ => C:\Users\CJS\.stmcufinder\plugins\mcufinder
2020-05-15 18:04:51,348 [WARN] DbFile:36 - Overriding database path with different value: C:\Users\CJS\.stmcufinder\plugins\mcufinder/ => C:\Users\CJS\.stmcufinder\plugins\mcufinder
2020-05-15 18:04:51,349 [INFO] CrossReferenceDbSqlite:197 - Set database path to: C:\Users\CJS\.stmcufinder\plugins\mcufinder//mcu/cs/
2020-05-15 18:04:51,374 [INFO] ApplicationProperties:181 - Using Application install path: C:\ST\STM32CubeIDE_1.3.0\STM32CubeIDE\plugins\com.st.stm32cube.common.mx_5.6.0.202002181639
2020-05-15 18:04:51,375 [INFO] PluginManage:178 - Search for loadable plugins [exclusion list=, tutovideos]
2020-05-15 18:04:51,377 [INFO] PluginManage:292 - Check plugin analytics
2020-05-15 18:04:51,426 [INFO] PluginManage:342 - Loaded plugin analytics (category:tool,tabindex:-1)
2020-05-15 18:04:51,426 [INFO] PluginManage:292 - Check plugin clock
2020-05-15 18:04:51,465 [INFO] PluginManage:342 - Loaded plugin clock (category:base,tabindex:2)
2020-05-15 18:04:51,465 [INFO] PluginManage:292 - Check plugin ddr
2020-05-15 18:04:51,468 [INFO] PluginManage:342 - Loaded plugin ddr (category:tool,tabindex:6)
2020-05-15 18:04:51,468 [INFO] PluginManage:292 - Check plugin filemanager
2020-05-15 18:04:51,605 [INFO] PluginManage:342 - Loaded plugin filemanager (category:base,tabindex:10)
2020-05-15 18:04:51,606 [INFO] PluginManage:292 - Check plugin ipmanager
2020-05-15 18:04:51,619 [INFO] PluginManage:342 - Loaded plugin ipmanager (category:base,tabindex:5)
2020-05-15 18:04:51,619 [INFO] PluginManage:292 - Check plugin pinoutandconfiguration
2020-05-15 18:04:51,647 [INFO] PluginManage:342 - Loaded plugin pinoutandconfiguration (category:base,tabindex:1)
2020-05-15 18:04:51,647 [INFO] PluginManage:292 - Check plugin pinoutconfig
2020-05-15 18:04:51,696 [INFO] PluginManage:342 - Loaded plugin pinoutconfig (category:base,tabindex:0)
2020-05-15 18:04:51,696 [INFO] PluginManage:292 - Check plugin power
2020-05-15 18:04:51,773 [INFO] PluginManage:342 - Loaded plugin power (category:power,tabindex:4)
2020-05-15 18:04:51,773 [INFO] PluginManage:292 - Check plugin projectmanager
2020-05-15 18:04:51,794 [INFO] PluginManage:342 - Loaded plugin projectmanager (category:projectmanager,tabindex:3)
2020-05-15 18:04:51,794 [INFO] PluginManage:292 - Check plugin thirdparty
2020-05-15 18:04:51,856 [INFO] ThirdPartyDb:295 - Open Third Party DataBase File (C:/Users/CJS/.stm32cubemx/plugins/thirdparty/db/thirdparties_db.xml) : 19 ms. number of Sw pack : 2
2020-05-15 18:04:51,880 [INFO] PluginManage:342 - Loaded plugin thirdparty (category:base,tabindex:-1)
2020-05-15 18:04:51,881 [INFO] PluginManage:292 - Check plugin tools
2020-05-15 18:04:51,889 [INFO] PluginManage:342 - Loaded plugin tools (category:base,tabindex:7)
2020-05-15 18:04:51,889 [INFO] PluginManage:292 - Check plugin tutovideos
2020-05-15 18:04:51,901 [INFO] PluginManage:347 - Ignore plugin tutovideos (category:base)
2020-05-15 18:04:51,901 [INFO] PluginManage:292 - Check plugin updater
2020-05-15 18:04:51,911 [INFO] PluginManage:342 - Loaded plugin updater (category:base,tabindex:12)
2020-05-15 18:04:51,912 [INFO] PluginManage:265 - PluginManage : Loaded plugins [12]
2020-05-15 18:04:52,124 [INFO] PinOutPanel:1420 - setPackage(No Configuration,No Configuration)
2020-05-15 18:04:52,254 [INFO] IPUIPlugin:65 - create IPUIPlugin
2020-05-15 18:04:52,254 [INFO] PluginManager:200 - loadIPPluginJar : add adc
2020-05-15 18:04:52,264 [INFO] IPUIPlugin:65 - create IPUIPlugin
2020-05-15 18:04:52,265 [INFO] PluginManager:200 - loadIPPluginJar : add aes
2020-05-15 18:04:52,280 [INFO] IPUIPlugin:65 - create IPUIPlugin
2020-05-15 18:04:52,280 [INFO] PluginManager:200 - loadIPPluginJar : add can
2020-05-15 18:04:52,287 [INFO] IPUIPlugin:65 - create IPUIPlugin
2020-05-15 18:04:52,287 [INFO] PluginManager:200 - loadIPPluginJar : add comp
2020-05-15 18:04:52,296 [INFO] IPUIPlugin:65 - create IPUIPlugin
2020-05-15 18:04:52,296 [INFO] PluginManager:200 - loadIPPluginJar : add cryp
2020-05-15 18:04:52,307 [INFO] IPUIPlugin:65 - create IPUIPlugin
2020-05-15 18:04:52,308 [INFO] PluginManager:200 - loadIPPluginJar : add dfsdm
2020-05-15 18:04:52,326 [INFO] IPUIPlugin:65 - create IPUIPlugin
2020-05-15 18:04:52,327 [INFO] PluginManager:200 - loadIPPluginJar : add dma
2020-05-15 18:04:52,333 [INFO] IPUIPlugin:65 - create IPUIPlugin
2020-05-15 18:04:52,333 [INFO] PluginManager:200 - loadIPPluginJar : add fatfs
2020-05-15 18:04:52,350 [INFO] IPUIPlugin:65 - create IPUIPlugin
2020-05-15 18:04:52,351 [INFO] PluginManager:200 - loadIPPluginJar : add fmc
2020-05-15 18:04:52,378 [INFO] IPUIPlugin:65 - create IPUIPlugin
2020-05-15 18:04:52,379 [INFO] PluginManager:200 - loadIPPluginJar : add freertos
2020-05-15 18:04:52,385 [INFO] IPUIPlugin:65 - create IPUIPlugin
2020-05-15 18:04:52,385 [INFO] PluginManager:200 - loadIPPluginJar : add genericplugin
2020-05-15 18:04:52,398 [INFO] IPUIPlugin:65 - create IPUIPlugin
2020-05-15 18:04:52,398 [INFO] PluginManager:200 - loadIPPluginJar : add gfxmmu
2020-05-15 18:04:52,413 [INFO] IPUIPlugin:65 - create IPUIPlugin
2020-05-15 18:04:52,414 [INFO] PluginManager:200 - loadIPPluginJar : add gic
2020-05-15 18:04:52,430 [INFO] IPUIPlugin:65 - create IPUIPlugin
2020-05-15 18:04:52,431 [INFO] PluginManager:200 - loadIPPluginJar : add gpio
2020-05-15 18:04:52,445 [INFO] IPUIPlugin:65 - create IPUIPlugin
2020-05-15 18:04:52,446 [INFO] PluginManager:200 - loadIPPluginJar : add gtzc
2020-05-15 18:04:52,454 [INFO] IPUIPlugin:65 - create IPUIPlugin
2020-05-15 18:04:52,455 [INFO] PluginManager:200 - loadIPPluginJar : add hash
2020-05-15 18:04:52,468 [INFO] IPUIPlugin:65 - create IPUIPlugin
2020-05-15 18:04:52,468 [INFO] PluginManager:200 - loadIPPluginJar : add i2c
2020-05-15 18:04:52,484 [INFO] IPUIPlugin:65 - create IPUIPlugin
2020-05-15 18:04:52,485 [INFO] PluginManager:200 - loadIPPluginJar : add i2s
2020-05-15 18:04:52,501 [INFO] IPUIPlugin:65 - create IPUIPlugin
2020-05-15 18:04:52,501 [INFO] PluginManager:200 - loadIPPluginJar : add ipddr
2020-05-15 18:04:52,512 [INFO] IPUIPlugin:65 - create IPUIPlugin
2020-05-15 18:04:52,512 [INFO] PluginManager:200 - loadIPPluginJar : add ltdc
2020-05-15 18:04:52,529 [INFO] IPUIPlugin:65 - create IPUIPlugin
2020-05-15 18:04:52,529 [INFO] PluginManager:200 - loadIPPluginJar : add mdma
2020-05-15 18:04:52,545 [INFO] IPUIPlugin:65 - create IPUIPlugin
2020-05-15 18:04:52,545 [INFO] PluginManager:200 - loadIPPluginJar : add nvic
2020-05-15 18:04:52,558 [INFO] IPUIPlugin:65 - create IPUIPlugin
2020-05-15 18:04:52,558 [INFO] PluginManager:200 - loadIPPluginJar : add opamp
2020-05-15 18:04:52,572 [INFO] IPUIPlugin:65 - create IPUIPlugin
2020-05-15 18:04:52,572 [INFO] PluginManager:200 - loadIPPluginJar : add pdm2pcm
2020-05-15 18:04:52,592 [INFO] IPUIPlugin:65 - create IPUIPlugin
2020-05-15 18:04:52,596 [INFO] PluginManager:200 - loadIPPluginJar : add plateformsettings
2020-05-15 18:04:52,602 [INFO] IPUIPlugin:65 - create IPUIPlugin
2020-05-15 18:04:52,602 [INFO] PluginManager:200 - loadIPPluginJar : add quadspi
2020-05-15 18:04:52,621 [INFO] IPUIPlugin:65 - create IPUIPlugin
2020-05-15 18:04:52,622 [INFO] PluginManager:200 - loadIPPluginJar : add resmgrutility
2020-05-15 18:04:52,636 [INFO] IPUIPlugin:65 - create IPUIPlugin
2020-05-15 18:04:52,637 [INFO] PluginManager:200 - loadIPPluginJar : add sai
2020-05-15 18:04:52,649 [INFO] IPUIPlugin:65 - create IPUIPlugin
2020-05-15 18:04:52,649 [INFO] PluginManager:200 - loadIPPluginJar : add spi
2020-05-15 18:04:52,666 [INFO] IPUIPlugin:65 - create IPUIPlugin
2020-05-15 18:04:52,666 [INFO] PluginManager:200 - loadIPPluginJar : add stm32_wpan
2020-05-15 18:04:52,673 [INFO] IPUIPlugin:65 - create IPUIPlugin
2020-05-15 18:04:52,673 [INFO] PluginManager:200 - loadIPPluginJar : add tim
2020-05-15 18:04:52,690 [INFO] IPUIPlugin:65 - create IPUIPlugin
2020-05-15 18:04:52,690 [INFO] PluginManager:200 - loadIPPluginJar : add touchsensing
2020-05-15 18:04:52,697 [INFO] IPUIPlugin:65 - create IPUIPlugin
2020-05-15 18:04:52,697 [INFO] PluginManager:200 - loadIPPluginJar : add tracer_emb
2020-05-15 18:04:52,704 [INFO] IPUIPlugin:65 - create IPUIPlugin
2020-05-15 18:04:52,705 [INFO] PluginManager:200 - loadIPPluginJar : add ts
2020-05-15 18:04:52,711 [INFO] IPUIPlugin:65 - create IPUIPlugin
2020-05-15 18:04:52,712 [INFO] PluginManager:200 - loadIPPluginJar : add tsc
2020-05-15 18:04:52,718 [INFO] IPUIPlugin:65 - create IPUIPlugin
2020-05-15 18:04:52,718 [INFO] PluginManager:200 - loadIPPluginJar : add ucpd
2020-05-15 18:04:52,735 [INFO] IPUIPlugin:65 - create IPUIPlugin
2020-05-15 18:04:52,735 [INFO] PluginManager:200 - loadIPPluginJar : add usart
2020-05-15 18:04:53,664 [INFO] BoardConnectionPanel:3472 - [DDR PANEL] STM32CubeIDE environment
2020-05-15 18:04:53,665 [INFO] MainDdrPanel:103 - [DDR PANEL] GETTER - cubeProgrammerPath is: null
2020-05-15 18:04:53,870 [FATAL] Updater:277 - Updater called before beeing initialized
2020-05-15 18:04:54,103 [FATAL] Updater:277 - Updater called before beeing initialized
2020-05-15 18:04:54,107 [INFO] PinOutPanel:1420 - setPackage(No Configuration,No Configuration)
2020-05-15 18:04:54,109 [FATAL] Updater:277 - Updater called before beeing initialized
2020-05-15 18:04:54,115 [INFO] BoardConnectionPanel:3472 - [DDR PANEL] STM32CubeIDE environment
2020-05-15 18:04:54,115 [INFO] MainDdrPanel:103 - [DDR PANEL] GETTER - cubeProgrammerPath is: C:\ST\STM32CubeIDE_1.3.0\STM32CubeIDE\plugins\com.st.stm32cube.ide.mcu.externaltools.cubeprogrammer.win32_1.3.0.202002181050\tools\bin
2020-05-15 18:04:54,121 [INFO] ProgrammerExecThread:148 - [ProgrammerAPI] CubeProgrammer command construction: C:\ST\STM32CubeIDE_1.3.0\STM32CubeIDE\plugins\com.st.stm32cube.ide.mcu.externaltools.cubeprogrammer.win32_1.3.0.202002181050\tools\bin\STM32_Programmer_CLI.exe -l
2020-05-15 18:04:54,423 [INFO] MainDdrPanel:93 - [DDR PANEL] SETTER - Set cubeProgrammerPath to: C:\ST\STM32CubeIDE_1.3.0\STM32CubeIDE\plugins\com.st.stm32cube.ide.mcu.externaltools.cubeprogrammer.win32_1.3.0.202002181050\tools\bin
2020-05-15 18:04:54,439 [INFO] Updater:886 - Updater Version found : 5.6.0
2020-05-15 18:04:54,457 [INFO] ApplicationProperties:181 - Using Application install path: C:\ST\STM32CubeIDE_1.3.0\STM32CubeIDE\plugins\com.st.stm32cube.common.mx_5.6.0.202002181639
2020-05-15 18:04:54,866 [FATAL] Updater:277 - Updater called before beeing initialized
2020-05-15 18:04:54,866 [ERROR] IntegrityCheckThread:252 - Cannot obtain thirdParties list 21
2020-05-15 18:04:54,866 [ERROR] IntegrityCheckThread:100 - Unexpected exception IntegrityCheckThread Thread: Updater error
2020-05-15 18:04:54,868 [INFO] ThirdPartyDb:261 - Close Third Party DataBase File (C:/Users/CJS/.stm32cubemx/plugins/thirdparty/db/thirdparties_db.xml)
2020-05-15 18:04:55,313 [INFO] MainUpdater:2230 - connection check result : 10
2020-05-15 18:04:55,314 [INFO] MainUpdater:236 - Updater Check For Update Now.
2020-05-15 18:04:55,314 [INFO] MicroXplorer:420 - Change Database Version : DB.5.0.60
2020-05-15 18:04:55,354 [INFO] CheckServerUpdateThread:92 - End of CheckServer Thread
2020-05-15 18:04:55,525 [INFO] MainUpdater:2230 - connection check result : 10
2020-05-15 18:04:55,526 [INFO] LogOutputStream:76 - [STDOUT_REDIRECT] Successfull proxy connection.
2020-05-15 18:04:55,745 [INFO] McuFinderGlobals:40 - Set McuFinder mode to 2 (CubeIDE integrated)
2020-05-15 18:04:55,757 [INFO] FinderPluginLoader:86 - Searching for filters in installed packs
2020-05-15 18:04:55,761 [INFO] DbMcusXml:110 - Load MCU database from C:\ST\STM32CubeIDE_1.3.0\STM32CubeIDE\plugins\com.st.stm32cube.common.mx_5.6.0.202002181639\\db\/mcu/families.xml
2020-05-15 18:04:57,007 [INFO] DbMcusJson:90 - JSON generation date=Wed Apr 15 14:54:18 KST 2020 (1586930058)
2020-05-15 18:04:57,754 [INFO] DbMcus:171 - Found 1670 MCUs (1625 are supported by CubeMX, 1625 are visible in CubeMX)
2020-05-15 18:04:57,755 [INFO] ApiDb:158 - Load user favorites file C:\Users\CJS/.stm32cubeide/favorites.mcus.txt: 0 item(s)
2020-05-15 18:04:57,755 [INFO] ApiDb:163 - User favorites MCUs=[]
2020-05-15 18:04:57,755 [INFO] DbMcus:183 - Set 0 / 0 favorites MCUs
2020-05-15 18:04:58,674 [INFO] DbMcusAds:143 - JSON generation date=Thu Apr 30 22:50:56 KST 2020 (1588254656)
2020-05-15 18:04:58,676 [INFO] LoadUrlFilesThread:161 - End of LoadServerUrlFiles without Thread
2020-05-15 18:04:58,705 [INFO] McuDetailPanel:181 - Set advertising image to C:/Users/CJS/STM32Cube/Repository/\PR_STM32Cube_GitHub_0320_V1.png
2020-05-15 18:04:59,286 [INFO] McuFilterPanel:249 - Update 0 favorites MCUs
2020-05-15 18:04:59,524 [INFO] DbBoardsPdsc:92 - Found 22 items
2020-05-15 18:04:59,545 [INFO] DbBoardsPdsc:92 - Found 9 items
2020-05-15 18:04:59,581 [INFO] DbBoardsPdsc:92 - Found 28 items
2020-05-15 18:04:59,593 [INFO] DbBoardsPdsc:92 - Found 1 items
2020-05-15 18:04:59,629 [INFO] DbBoardsPdsc:92 - Found 40 items
2020-05-15 18:04:59,684 [INFO] DbBoardsPdsc:92 - Found 39 items
2020-05-15 18:04:59,703 [INFO] DbBoardsPdsc:92 - Found 2 items
2020-05-15 18:04:59,713 [INFO] DbBoardsPdsc:92 - Found 4 items
2020-05-15 18:04:59,718 [WARN] DbBoardsPdsc:256 - Board STM32H7B3I-DK: unknown feature type=Audio, name=, username=Audio stereo codec with Headphone Amp (CS42L51-CNZ), n=1
2020-05-15 18:04:59,718 [WARN] DbBoardsPdsc:256 - Board STM32H7B3I-DK: unknown feature type=WIFI, name=, username=WIFI 802.11 b/g/n, n=1
2020-05-15 18:04:59,720 [WARN] DbBoardsPdsc:256 - Board STM32H7B3I-EVAL: unknown feature type=Audio, name=, username=Multi-Channel Audio Codec (CS42L51-CNZ), n=1
2020-05-15 18:04:59,720 [WARN] DbBoardsPdsc:256 - Board STM32H7B3I-EVAL: unknown feature type=Meter, name=, username=Power-metering and Temperature-monitoring with sigma-delta modulators, n=1
2020-05-15 18:04:59,720 [WARN] DbBoardsPdsc:256 - Board STM32H7B3I-EVAL: unknown feature type=WIFI, name=, username=WIFI 802.11 a/b/g/n, n=1
2020-05-15 18:04:59,721 [WARN] DbBoardsPdsc:256 - Board STM32H7B3I-EVAL: unknown feature type=Motor, name=, username=Motor Control, n=1
2020-05-15 18:04:59,806 [INFO] DbBoardsJson:80 - JSON generation date=Tue Feb 11 22:53:55 KST 2020 (1581429235)
2020-05-15 18:04:59,813 [INFO] DbBoards:120 - Found 145 boards (142 are supported by CubeMX)
2020-05-15 18:04:59,963 [INFO] DbBoardsDocs:131 - JSON generation date=Wed Apr 15 14:54:18 KST 2020 (1586930058)
2020-05-15 18:04:59,982 [INFO] DbBoardsDocs:70 - Found 157 boards documents
2020-05-15 18:04:59,983 [WARN] DbBoards:130 - board NUCLEO-H743ZI2 has no document id list !
2020-05-15 18:04:59,984 [WARN] DbBoards:130 - board NUCLEO-L4P5ZG has no document id list !
2020-05-15 18:04:59,985 [WARN] DbBoards:130 - board P-NUCLEO-WB55-Nucleo has no document id list !
2020-05-15 18:04:59,985 [WARN] DbBoards:130 - board P-NUCLEO-WB55-USBDongle has no document id list !
2020-05-15 18:04:59,985 [WARN] DbBoards:130 - board NUCLEO-WB35CE has no document id list !
2020-05-15 18:04:59,985 [WARN] DbBoards:130 - board STM32F401C-DISCO has no document id list !
2020-05-15 18:04:59,986 [WARN] DbBoards:130 - board STM32F769I-DISC1 has no document id list !
2020-05-15 18:04:59,986 [WARN] DbBoards:152 - board STM32F723E-DISCO / document id not found: 4598
2020-05-15 18:04:59,986 [WARN] DbBoards:130 - board STM32L-DISCOVERY has no document id list !
2020-05-15 18:04:59,986 [WARN] DbBoards:152 - board STM32L496G-DISCO / document id not found: 4598
2020-05-15 18:04:59,987 [WARN] DbBoards:152 - board STM32H747I-DISCO / document id not found: 4598
2020-05-15 18:04:59,987 [WARN] DbBoards:130 - board STM32H747I-DISC1 has no document id list !
2020-05-15 18:04:59,987 [WARN] DbBoards:152 - board STM32H745I-DISCO / document id not found: 4598
2020-05-15 18:04:59,987 [WARN] DbBoards:152 - board STM32H750B-DK / document id not found: 4598
2020-05-15 18:04:59,987 [WARN] DbBoards:152 - board STM32H7B3I-DK / document id not found: 4598
2020-05-15 18:04:59,988 [WARN] DbBoards:152 - board STM32L4R9I-DISCO / document id not found: 4598
2020-05-15 18:04:59,988 [WARN] DbBoards:130 - board STM32MP157A-DK1 has no document id list !
2020-05-15 18:04:59,988 [WARN] DbBoards:152 - board STM32L562E-DK / document id not found: 4598
2020-05-15 18:04:59,988 [WARN] DbBoards:130 - board STM32L4P5G-DK has no document id list !
2020-05-15 18:04:59,988 [WARN] DbBoards:130 - board STM32091C-EVAL has no document id list !
2020-05-15 18:04:59,988 [WARN] DbBoards:130 - board STM3210C-EVAL has no document id list !
2020-05-15 18:04:59,989 [WARN] DbBoards:130 - board STM32100E-EVAL has no document id list !
2020-05-15 18:04:59,989 [WARN] DbBoards:130 - board STM3221G-EVAL has no document id list !
2020-05-15 18:04:59,989 [WARN] DbBoards:130 - board STM32303C-EVAL has no document id list !
2020-05-15 18:04:59,989 [WARN] DbBoards:130 - board STM32L152D-EVAL has no document id list !
2020-05-15 18:04:59,989 [WARN] DbBoards:130 - board STM32746G-EVAL2 has no document id list !
2020-05-15 18:04:59,989 [WARN] DbBoards:130 - board STM32F779I-EVAL has no document id list !
2020-05-15 18:04:59,989 [WARN] DbBoards:130 - board STM32479I-EVAL has no document id list !
2020-05-15 18:04:59,990 [WARN] DbBoards:130 - board STM32H743I-EVAL2 has no document id list !
2020-05-15 18:04:59,990 [WARN] DbBoards:152 - board STM32H7B3I-EVAL / document id not found: 4596
2020-05-15 18:04:59,990 [WARN] DbBoards:130 - board STM32H753I-EVAL2 has no document id list !
2020-05-15 18:04:59,990 [WARN] DbBoards:130 - board STM32G474E-EVAL1 has no document id list !
2020-05-15 18:04:59,991 [WARN] DbBoards:130 - board STEVAL-BFA001V1B has no document id list !
2020-05-15 18:04:59,991 [WARN] DbBoards:130 - board STEVAL-BFA001V2B has no document id list !
2020-05-15 18:04:59,991 [WARN] DbBoards:130 - board STEVAL-MKSBOX1V1 has no document id list !
2020-05-15 18:04:59,991 [WARN] DbBoards:130 - board STEVAL-STWINKT1 has no document id list !
2020-05-15 18:04:59,991 [WARN] DbBoards:130 - board STEVAL-IDP005V1 has no document id list !
2020-05-15 18:04:59,991 [WARN] DbBoards:130 - board STEVAL-IDP005V2 has no document id list !
2020-05-15 18:05:03,442 [INFO] ApiDb:158 - Load user favorites file C:\Users\CJS/.stm32cubeide/favorites.boards.txt: 0 item(s)
2020-05-15 18:05:03,443 [INFO] ApiDb:163 - User favorites Boards=[]
2020-05-15 18:05:03,443 [INFO] DbBoards:209 - Set 0 / 0 favorites Boards
2020-05-15 18:05:03,534 [INFO] LoadUrlFilesThread:161 - End of LoadServerUrlFiles without Thread
2020-05-15 18:05:03,535 [INFO] BoardDetailPanel:180 - Set advertising image to C:/Users/CJS/STM32Cube/Repository/\PR_STM32Cube_GitHub_0320_V1.png
2020-05-15 18:05:03,559 [INFO] BoardFilterPanel:211 - Update 0 favorites Boards
2020-05-15 18:05:03,657 [INFO] CrossSelectorPresenter:1319 - Cross Selector saved comparison directory: C:\Users\CJS\.stmcufinder\plugins\mcufinder\mcu\cs_comparisons_mx
2020-05-15 18:05:37,941 [INFO] McuPeriphSelectorTable:90 - getCtxTitle()CORDIC
2020-05-15 18:05:41,064 [INFO] McuPeriphSelectorTable:90 - getCtxTitle()CORDIC
2020-05-15 18:05:49,275 [INFO] McuPeriphSelectorTable:90 - getCtxTitle()DDR
2020-05-15 18:06:18,588 [INFO] McuPeriphSelectorTable:90 - getCtxTitle()SDIO
2020-05-15 18:06:20,093 [INFO] McuPeriphSelectorTable:90 - getCtxTitle()IRTIM
2020-05-15 18:07:16,154 [INFO] LogOutputStream:76 - [STDOUT_REDIRECT] withoutVersionV1.25.0
2020-05-15 18:07:19,233 [INFO] LogOutputStream:76 - [STDOUT_REDIRECT] File copied successfully!!
2020-05-15 18:07:20,836 [INFO] MainUpdater:2230 - connection check result : 10
2020-05-15 18:07:20,885 [INFO] MicroXplorer:390 - Change Database Path : 
2020-05-15 18:07:20,886 [INFO] MicroXplorer:420 - Change Database Version : DB.5.0.60
2020-05-15 18:07:20,888 [INFO] PinOutPanel:1420 - setPackage(No Configuration,No Configuration)
2020-05-15 18:07:20,889 [INFO] UtilMem:74 - Begin LoadConfig() Used Memory: 294614792 Bytes (386924544)
2020-05-15 18:07:20,890 [INFO] OpenFileManager:274 - Change cursor
2020-05-15 18:07:22,998 [INFO] Rule:211 - rule SPDIFRX instance for mcu is applicable
2020-05-15 18:07:22,998 [INFO] Rule:211 - rule Rename Tracer Mode is applicable
2020-05-15 18:07:22,998 [INFO] Rule:211 - rule SPDIFRX instance value for IP SPDIFRX is applicable
2020-05-15 18:07:22,998 [INFO] Rule:211 - rule SPDIFRX instance for signal is applicable
2020-05-15 18:07:22,999 [INFO] Rule:211 - rule SPDIFRX instance for project manager is applicable
2020-05-15 18:07:22,999 [INFO] Rule:211 - rule SPDIFRX instance for project manager is applicable
2020-05-15 18:07:22,999 [INFO] Rule:211 - rule ADC Scan  fix with FW F7 is applicable
2020-05-15 18:07:22,999 [INFO] Rule:211 - rule ADC Scan  fix with FW F7 is applicable
2020-05-15 18:07:22,999 [INFO] Rule:211 - rule Add RTC Activate Clock Source is applicable
2020-05-15 18:07:22,999 [INFO] Rule:211 - rule Add RTC Activate Calendar 1 is applicable
2020-05-15 18:07:22,999 [INFO] Rule:211 - rule Add RTC Activate Calendar 2 is applicable
2020-05-15 18:07:23,000 [INFO] Rule:211 - rule Add RTC Activate Calendar 3 is applicable
2020-05-15 18:07:23,000 [INFO] Rule:211 - rule UART/USART TX Mode is applicable
2020-05-15 18:07:23,000 [INFO] Rule:211 - rule UART/USART RX Mode is applicable
2020-05-15 18:07:23,000 [INFO] Rule:211 - rule UART/USART RX TX Mode is applicable
2020-05-15 18:07:23,000 [INFO] Rule:211 - rule UART/USART PARITY NONE is applicable
2020-05-15 18:07:23,000 [INFO] Rule:211 - rule UART/USART PARITY EVEN is applicable
2020-05-15 18:07:23,000 [INFO] Rule:211 - rule UART/USART PARITY ODD is applicable
2020-05-15 18:07:23,000 [INFO] Rule:211 - rule USART StopBits 1 is applicable
2020-05-15 18:07:23,001 [INFO] Rule:211 - rule USART StopBits 2 is applicable
2020-05-15 18:07:23,001 [INFO] Rule:211 - rule USART StopBits 1.5 is applicable
2020-05-15 18:07:23,001 [INFO] Rule:211 - rule USART StopBits 0.5 is applicable
2020-05-15 18:07:23,001 [INFO] Rule:211 - rule UART/USART WORD LENGTH 7 is applicable
2020-05-15 18:07:23,001 [INFO] Rule:211 - rule UART/USART WORD LENGTH 8 is applicable
2020-05-15 18:07:23,001 [INFO] Rule:211 - rule UART/USART WORD LENGTH 9 is applicable
2020-05-15 18:07:23,001 [INFO] Rule:211 - rule Rename FMC NAND NCE signal is applicable
2020-05-15 18:07:23,001 [INFO] Rule:211 - rule Rename FMC NAND INT signal is applicable
2020-05-15 18:07:23,001 [INFO] Rule:211 - rule Change Default Value for ADC ExternalTrigConv L4 family is applicable
2020-05-15 18:07:23,002 [INFO] Rule:211 - rule Change Default Value for ADC ExternalTrigInjecConv L4 family is applicable
2020-05-15 18:07:23,002 [INFO] Rule:211 - rule Change Default Value for ADC ExternalTrigConv F3 family is applicable
2020-05-15 18:07:23,002 [INFO] Rule:211 - rule Change Default Value for ADC ExternalTrigInjecConv F3 family is applicable
2020-05-15 18:07:23,002 [INFO] Rule:211 - rule Change Default Value for ADC ExternalTrigConv Goldfish serie is applicable
2020-05-15 18:07:23,002 [INFO] Rule:211 - rule Change Default Value for ADC ExternalTrigInjecConv Goldfish serie is applicable
2020-05-15 18:07:23,002 [INFO] Rule:211 - rule Change Default Value for ADC ExternalTrigConv L0 family is applicable
2020-05-15 18:07:23,002 [INFO] Rule:211 - rule Change Default Value for ADC ExternalTrigConv F0 family is applicable
2020-05-15 18:07:23,002 [INFO] Rule:211 - rule Change Default Value for ADC ExternalTrigConvn L1 family is applicable
2020-05-15 18:07:23,003 [INFO] Rule:211 - rule Change Default Value for ADC ExternalTrigInjecConv L1 family is applicable
2020-05-15 18:07:23,003 [INFO] Rule:211 - rule Change Default Value for ADC ExternalTrigConv F1 family is applicable
2020-05-15 18:07:23,003 [INFO] Rule:211 - rule Change Default Value for ADC ExternalTrigInjecConv F1 family is applicable
2020-05-15 18:07:23,012 [INFO] Rule:211 - rule Change Default Value for ADC ExternalTrigConv F7 family is applicable
2020-05-15 18:07:23,012 [INFO] Rule:211 - rule Change Default Value for ADC ExternalTrigInjecConv F7 family is applicable
2020-05-15 18:07:23,012 [INFO] Rule:211 - rule Change Default Value for ADC ExternalTrigConv F4 and F2 family is applicable
2020-05-15 18:07:23,013 [INFO] Rule:211 - rule Change Default Value for ADC ExternalTrigInjecConv F4 and F2 family is applicable
2020-05-15 18:07:23,013 [INFO] Rule:211 - rule ADC SamplingTime fix with FW L0  is applicable
2020-05-15 18:07:23,013 [INFO] Rule:211 - rule ADC SamplingTime fix with FW L0  is applicable
2020-05-15 18:07:23,013 [INFO] Rule:211 - rule ADC SamplingTime fix with FW L0 is applicable
2020-05-15 18:07:23,013 [INFO] Rule:211 - rule ADC SamplingTime fix with FW L0 is applicable
2020-05-15 18:07:23,013 [INFO] Rule:211 - rule ADC SamplingTime fix with FW L0  is applicable
2020-05-15 18:07:23,013 [INFO] Rule:211 - rule ADC SamplingTime fix with FW L0 is applicable
2020-05-15 18:07:23,013 [INFO] Rule:211 - rule Rename USB_OE Signal is applicable
2020-05-15 18:07:23,013 [INFO] Rule:211 - rule Rename Activate_OE Mode is applicable
2020-05-15 18:07:23,014 [INFO] Rule:211 - rule Rename DIE462/DIE415 pin PC14/OSC32_IN -> PC14-OSC32_IN (PC14) is applicable
2020-05-15 18:07:23,014 [INFO] Rule:211 - rule Rename DIE462/DIE415 pin PC15/OSC32_OUT -> PC15-OSC32_OUT (PC15) is applicable
2020-05-15 18:07:23,014 [INFO] Rule:211 - rule Rename DIE462/DIE415 pin PH0/OSC_IN -> PH0-OSC_IN (PH0) is applicable
2020-05-15 18:07:23,014 [INFO] Rule:211 - rule Rename DIE462/DIE415 pin PH1/OSC_OUT -> PH1-OSC_OUT (PH1) is applicable
2020-05-15 18:07:23,014 [INFO] Rule:211 - rule Rename DIE462 pin PA13 -> PA13 (JTMS/SWDIO) is applicable
2020-05-15 18:07:23,014 [INFO] Rule:211 - rule Rename DIE415 pin PA13 -> PA13 (JTMS/SWDIO) is applicable
2020-05-15 18:07:23,014 [INFO] Rule:211 - rule Rename DIE462 pin PA14 -> PA14 (JTCK/SWCLK) is applicable
2020-05-15 18:07:23,015 [INFO] Rule:211 - rule Rename DIE415 pin PA14 -> PA14 (JTCK/SWCLK) is applicable
2020-05-15 18:07:23,015 [INFO] Rule:211 - rule Rename DIE462/DIE415 pin PA15 -> PA15 (JTDI) is applicable
2020-05-15 18:07:23,015 [INFO] Rule:211 - rule Rename DIE462 pin PB3 -> PB3 (JTD0/TRACESWO) is applicable
2020-05-15 18:07:23,015 [INFO] Rule:211 - rule Rename DIE415 pin PB3 -> PB3 (JTD0-TRACESWO) is applicable
2020-05-15 18:07:23,015 [INFO] Rule:211 - rule Rename DIE462/DIE415 pin PB4 -> PB4 (NJTRST) is applicable
2020-05-15 18:07:23,015 [INFO] Rule:211 - rule Rename DIE462 pin PH3/BOOT0 -> PH3-BOOT0 (BOOT0) is applicable
2020-05-15 18:07:23,015 [INFO] Rule:211 - rule Rename CRYP DataEncryptionTypesList to Algorithm is applicable
2020-05-15 18:07:23,015 [INFO] Rule:211 - rule Rename AES DataEncryptionTypesList to Algorithm is applicable
2020-05-15 18:07:23,015 [INFO] Rule:211 - rule Rename TDESECB to CRYP_TDES_ECB is applicable
2020-05-15 18:07:23,016 [INFO] Rule:211 - rule Rename TDESCBC to CRYP_TDES_CBC is applicable
2020-05-15 18:07:23,016 [INFO] Rule:211 - rule Rename DESECB to CRYP_DES_ECB is applicable
2020-05-15 18:07:23,016 [INFO] Rule:211 - rule Rename DESCBC to CRYP_DES_CBC is applicable
2020-05-15 18:07:23,016 [INFO] Rule:211 - rule Rename AESECB to CRYP_AES_ECB is applicable
2020-05-15 18:07:23,016 [INFO] Rule:211 - rule Rename AESCBC to CRYP_AES_CBC is applicable
2020-05-15 18:07:23,016 [INFO] Rule:211 - rule Rename AESCTR to CRYP_AES_CTR is applicable
2020-05-15 18:07:23,016 [INFO] Rule:211 - rule Rename AESGCM to CRYP_AES_GCM is applicable
2020-05-15 18:07:23,016 [INFO] Rule:211 - rule Rename AESCCM to CRYP_AES_CCM is applicable
2020-05-15 18:07:23,016 [INFO] Rule:211 - rule Rename CAN TimeSeg1 to BS1 is applicable
2020-05-15 18:07:23,017 [INFO] Rule:211 - rule Rename CAN TimeSeg2 to BS2 is applicable
2020-05-15 18:07:23,017 [INFO] Rule:211 - rule Rename CAN SyncJumpWidth to SJW is applicable
2020-05-15 18:07:23,017 [INFO] Rule:211 - rule TimeTriggeredMode to TTCM is applicable
2020-05-15 18:07:23,017 [INFO] Rule:211 - rule Rename CAN AutoBusOff to ABOM is applicable
2020-05-15 18:07:23,017 [INFO] Rule:211 - rule Rename CAN AutoWakeUp to AWUM is applicable
2020-05-15 18:07:23,017 [INFO] Rule:211 - rule Rename CAN AutoRetransmission to NART is applicable
2020-05-15 18:07:23,017 [INFO] Rule:211 - rule Rename CAN ReceiveFifoLocked to RFLM is applicable
2020-05-15 18:07:23,018 [INFO] Rule:211 - rule Rename CAN TransmitFifoPriority to TXFP is applicable
2020-05-15 18:07:23,018 [INFO] Rule:211 - rule Rename HRTIMER HRTIM_OUTPUTFAULTLEVEL_HIGH in HRTIMER HRTIM_OUTPUTFAULTLEVEL_HIGHZ is applicable
2020-05-15 18:07:23,018 [INFO] Rule:211 - rule Rename TIMER TIM_CLEARINPUTSOURCE_OCREFCLR in  TIMER TIM_CLEARINPUTSOURCE_NONE for F7 family is applicable
2020-05-15 18:07:23,018 [INFO] Rule:211 - rule FDCAN_R1 - Rename FDCAN mode Master into Classic is applicable
2020-05-15 18:07:23,018 [INFO] Rule:211 - rule FDCAN_R2 - Rename FDCAN mode Slave into Classic is applicable
2020-05-15 18:07:23,018 [INFO] Rule:211 - rule FDCAN1_R3 - if PA10.Mode=FullDuplex, add Pin PA12 is applicable
2020-05-15 18:07:23,018 [INFO] Rule:211 - rule FDCAN1_R3 - if PA9.Mode=FullDuplex, add Pin PA11 is applicable
2020-05-15 18:07:23,018 [INFO] Rule:211 - rule FDCAN1_R3 - Alternatepin_1 - if PE1.Mode=FullDuplex, add Pin PB9 is applicable
2020-05-15 18:07:23,018 [INFO] Rule:211 - rule FDCAN1_R3 - Alternatepin_1 - if PE0.Mode=FullDuplex, add Pin PB8 is applicable
2020-05-15 18:07:23,019 [INFO] Rule:211 - rule FDCAN1_R3 - Alternatepin_2 - if PD5.Mode=FullDuplex, add Pin PD1 is applicable
2020-05-15 18:07:23,019 [INFO] Rule:211 - rule FDCAN1_R3 - Alternatepin_2 - if PD4.Mode=FullDuplex, add Pin PD0 is applicable
2020-05-15 18:07:23,019 [INFO] Rule:211 - rule FDCAN1_R4 - Rename Mode FullDuplex into Enable FDCAN_TXFD for pin PA10 is applicable
2020-05-15 18:07:23,019 [INFO] Rule:211 - rule FDCAN1_R4 - Rename Mode FullDuplex into Enable FDCAN_TXFD for pin PA9 is applicable
2020-05-15 18:07:23,019 [INFO] Rule:211 - rule FDCAN1_R4 - Alternatepin_1 - Rename Mode FullDuplex into Enable FDCAN_TXFD for pin PE1 is applicable
2020-05-15 18:07:23,019 [INFO] Rule:211 - rule FDCAN1_R4 - Alternatepin_1 - Rename Mode FullDuplex into Enable FDCAN_TXFD for pin PE0 is applicable
2020-05-15 18:07:23,019 [INFO] Rule:211 - rule FDCAN1_R4 - Alternatepin_2 - Rename Mode FullDuplex into Enable FDCAN_TXFD for pin PD5 is applicable
2020-05-15 18:07:23,020 [INFO] Rule:211 - rule FDCAN1_R4 - Alternatepin_2 - Rename Mode FullDuplex into Enable FDCAN_TXFD for pin PD4 is applicable
2020-05-15 18:07:23,020 [INFO] Rule:211 - rule FDCAN2_R3 - if PD10.Mode=FullDuplex, add Pin PB13 is applicable
2020-05-15 18:07:23,020 [INFO] Rule:211 - rule FDCAN2_R3 - if PD9.Mode=FullDuplex, add Pin PB12 is applicable
2020-05-15 18:07:23,020 [INFO] Rule:211 - rule FDCAN2_R3 - Alternatepin_1 - if PB7.Mode=FullDuplex, add Pin PB6 is applicable
2020-05-15 18:07:23,020 [INFO] Rule:211 - rule FDCAN2_R3 - Alternatepin_1 - if PD9.Mode=FullDuplex, add Pin PB12 is applicable
2020-05-15 18:07:23,020 [INFO] Rule:211 - rule FDCAN2_R4 - Rename Mode FullDuplex into Enable FDCAN_TXFD for pin PD10 is applicable
2020-05-15 18:07:23,020 [INFO] Rule:211 - rule FDCAN2_R4 - Rename Mode FullDuplex into Enable FDCAN_TXFD for pin PD9 is applicable
2020-05-15 18:07:23,020 [INFO] Rule:211 - rule FDCAN2_R4 - Alternatepin_1 - Rename Mode FullDuplex into Enable FDCAN_TXFD for pin PB7 is applicable
2020-05-15 18:07:23,021 [INFO] Rule:211 - rule FDCAN2_R4 - Alternatepin_1 - Rename Mode FullDuplex into Enable FDCAN_TXFD for pin PD6 is applicable
2020-05-15 18:07:23,021 [INFO] Rule:211 - rule USART TxPinLevelInvertParam Mode is applicable
2020-05-15 18:07:23,021 [INFO] Rule:211 - rule USART RxPinLevelInvertParam Mode is applicable
2020-05-15 18:07:23,021 [INFO] Rule:211 - rule USART DataInvertParam Mode is applicable
2020-05-15 18:07:23,021 [INFO] Rule:211 - rule USART SwapParam Mode is applicable
2020-05-15 18:07:23,021 [INFO] Rule:211 - rule USART OverrunDisableParam Mode is applicable
2020-05-15 18:07:23,021 [INFO] Rule:211 - rule USART DMADisableonRxErrorParam Mode is applicable
2020-05-15 18:07:23,021 [INFO] Rule:211 - rule USART MSBFirstParam Mode is applicable
2020-05-15 18:07:23,021 [INFO] Rule:211 - rule Update MwName for USB_DEVICE is applicable
2020-05-15 18:07:23,022 [INFO] Rule:211 - rule Change PWR_Regulator_Voltage_Scale Default Value for RCC  H7 family is applicable
2020-05-15 18:07:23,022 [INFO] Rule:211 - rule UART/USART IPParameter rename Prescaler parameter to ClockPrescaler is applicable
2020-05-15 18:07:23,022 [INFO] Rule:211 - rule UART/USART Prescaler rename Prescaler parameter to ClockPrescaler is applicable
2020-05-15 18:07:23,022 [INFO] Rule:211 - rule TIM1CLockSelection is applicable
2020-05-15 18:07:23,022 [INFO] Rule:211 - rule TIM15CLockSelection is applicable
2020-05-15 18:07:23,022 [INFO] Rule:211 - rule align RCC SDMMC3CLockSelection default value on MP1 is applicable
2020-05-15 18:07:23,022 [INFO] Rule:211 - rule align RCC SDMMC12CLockSelection default value on MP1 is applicable
2020-05-15 18:07:23,022 [INFO] Rule:211 - rule align RCC QSPICLockSelection default value on MP1 is applicable
2020-05-15 18:07:23,022 [INFO] Rule:211 - rule align RCC QSPICLockSelection default value on MP1 is applicable
2020-05-15 18:07:23,023 [INFO] Rule:211 - rule align RCC SPI6CLockSelection default value on MP1 is applicable
2020-05-15 18:07:23,023 [INFO] Rule:211 - rule align RCC LPTIM23CLockSelection default value on MP1 is applicable
2020-05-15 18:07:23,023 [INFO] Rule:211 - rule align RCC LPTIM1CLockSelection default value on MP1 is applicable
2020-05-15 18:07:23,023 [INFO] Rule:211 - rule align RCC USART1CLockSelection default value on MP1 is applicable
2020-05-15 18:07:23,023 [INFO] Rule:211 - rule align RCC USART24CLockSelection default value on MP1 is applicable
2020-05-15 18:07:23,023 [INFO] Rule:211 - rule align RCC USART6CLockSelection default value on MP1 is applicable
2020-05-15 18:07:23,023 [INFO] Rule:211 - rule align RCC UART78CLockSelection default value on MP1 is applicable
2020-05-15 18:07:23,023 [INFO] Rule:211 - rule align RCC USART35CLockSelection default value on MP1 is applicable
2020-05-15 18:07:23,024 [INFO] Rule:211 - rule align RCC SPI45CLockSelection default value on MP1 is applicable
2020-05-15 18:07:23,024 [INFO] Rule:211 - rule align RCC I2C46CLockSelection BCLK value on MP1 is applicable
2020-05-15 18:07:23,024 [INFO] Rule:211 - rule align RCC SPI45CLockSelection default value on MP1 is applicable
2020-05-15 18:07:23,024 [INFO] Rule:211 - rule align RCC I2C12CLockSelection default value on MP1 is applicable
2020-05-15 18:07:23,024 [INFO] Rule:211 - rule align RCC I2C35CLockSelection default value on MP1 is applicable
2020-05-15 18:07:23,024 [INFO] Rule:211 - rule align RCC LPTIM45CLockSelection default value on MP1 is applicable
2020-05-15 18:07:23,024 [INFO] Rule:211 - rule Rename DCMI PIXCK signal is applicable
2020-05-15 18:07:23,024 [INFO] Rule:211 - rule Change Default Value for I2C46CLockSelection MP1 family is applicable
2020-05-15 18:07:23,024 [INFO] Rule:211 - rule Change Default Value for UART for G4, G0 and WB families is applicable
2020-05-15 18:07:23,025 [INFO] Rule:211 - rule Change Default Value for USART for G4, G0 and WB families is applicable
2020-05-15 18:07:23,025 [INFO] Rule:211 - rule Change Default Value for USART for G4 family is applicable
2020-05-15 18:07:23,025 [INFO] Rule:211 - rule Change USART1CLockSelection refparam name for MP1 is applicable
2020-05-15 18:07:23,025 [INFO] Rule:211 - rule Change USART2CLockSelection refparam name for MP1 is applicable
2020-05-15 18:07:23,025 [INFO] Rule:211 - rule Change USART3CLockSelection refparam name for MP1 is applicable
2020-05-15 18:07:23,025 [INFO] Rule:211 - rule Change UART4CLockSelection refparam name for MP1 is applicable
2020-05-15 18:07:23,025 [INFO] Rule:211 - rule Change UART5CLockSelection refparam name for MP1 is applicable
2020-05-15 18:07:23,025 [INFO] Rule:211 - rule Change LPUART1CLockSelection refparam name for MP1 is applicable
2020-05-15 18:07:23,025 [INFO] Rule:211 - rule Change LPTIM1CLockSelection refparam name for MP1 is applicable
2020-05-15 18:07:23,026 [INFO] Rule:211 - rule Change LPTIM2CLockSelection refparam name for MP1 is applicable
2020-05-15 18:07:23,026 [INFO] Rule:211 - rule Change RCC_MCO1Source refparam name for MP1 is applicable
2020-05-15 18:07:23,026 [INFO] Rule:211 - rule Change LSCOSource1 refparam name for MP1 is applicable
2020-05-15 18:07:23,026 [INFO] Rule:211 - rule Change SMPSCLockSelection refparam name for MP1 is applicable
2020-05-15 18:07:23,026 [INFO] Rule:211 - rule Change LPTIM3CLockSelection refparam name for MP1 is applicable
2020-05-15 18:07:23,026 [INFO] Rule:211 - rule Change MPCBB* Default Template Mode to Parameters is applicable
2020-05-15 18:07:23,027 [INFO] Rule:211 - rule Change MPCWM* or MPCBB* Secure Mode to Parameters is applicable
2020-05-15 18:07:23,027 [INFO] Rule:211 - rule Change MPCWM* or MPCBB* No Secure Mode to Parameters is applicable
2020-05-15 18:07:23,027 [INFO] Rule:211 - rule Change TZSC IP Secure Mode to Parameters is applicable
2020-05-15 18:07:23,027 [INFO] Rule:211 - rule Change TZSC IP No Secure Mode to Parameters is applicable
2020-05-15 18:07:23,027 [INFO] Rule:211 - rule Change TZSC IP Privilege Mode to Parameters is applicable
2020-05-15 18:07:23,027 [INFO] Rule:211 - rule Change TZSC IP No Privilege Mode to Parameters is applicable
2020-05-15 18:07:23,027 [INFO] Rule:211 - rule Change TZIC IT Secure Mode to Parameters is applicable
2020-05-15 18:07:23,027 [INFO] Rule:211 - rule Change TZIC IT No Secure Mode to Parameters is applicable
2020-05-15 18:07:23,027 [INFO] Rule:211 - rule Add MPCBB1_NonSecureArea_Start_Address value with referenced to MPCBB1_NonSecureArea_Start value is applicable
2020-05-15 18:07:23,028 [INFO] Rule:211 - rule Add MPCBB2_NonSecureArea_Start_Address value with referenced to MPCBB2_NonSecureArea_Start value is applicable
2020-05-15 18:07:23,029 [INFO] Rule:211 - rule Add MPCWM1_NonSecureArea*_Start_Address value with referenced to MPCWM1_NonSecureArea*_Start value is applicable
2020-05-15 18:07:23,029 [INFO] Rule:211 - rule Add MPCWM2_NonSecureArea*_Start_Address value with referenced to MPCWM2_NonSecureArea*_Start value is applicable
2020-05-15 18:07:23,030 [INFO] Rule:211 - rule Add MPCWM3_NonSecureArea_Start_Address value with referenced to MPCWM3_NonSecureArea_Start value is applicable
2020-05-15 18:07:23,030 [INFO] Rule:211 - rule Change Default Value for PLL1UserDefinedConfig is applicable
2020-05-15 18:07:23,030 [INFO] Rule:211 - rule Change GPIO_PuPd Default Value for USART in async mode is applicable
2020-05-15 18:07:23,030 [INFO] Rule:211 - rule Change SMPSDivider Default Value is applicable
2020-05-15 18:07:23,045 [INFO] DbConfProperties:294 - Apply Compatibility (46/173 Rules)
2020-05-15 18:07:23,119 [INFO] ImportTextPane:162 - (OptionalMessage_ERROR) Unable to find key (Mcu.ThirdPartyNb) in loaded IOC file
2020-05-15 18:07:23,181 [INFO] ImportTextPane:162 - (OptionalMessage_ERROR) IP (RCC) : Parameter (48MHZClocksFreq_Value) has invalid value (84000000)
2020-05-15 18:07:23,183 [INFO] ImportTextPane:162 - (OptionalMessage_ERROR) IP (RCC) : Parameter (FLatency) has Id (AdvancedSettings) currently not set
2020-05-15 18:07:23,184 [INFO] ImportTextPane:162 - (OptionalMessage_ERROR) IP (RCC) : Parameter (RTCHSEDivFreq_Value) has invalid value (4000000)
2020-05-15 18:07:23,468 [INFO] UtilMem:74 - End LoadConfig() Used Memory: 291783856 Bytes (386924544)
2020-05-15 18:07:23,477 [INFO] ThirdPartyDb:295 - Open Third Party DataBase File (C:/Users/CJS/.stm32cubemx/plugins/thirdparty/db/thirdparties_db.xml) : 3 ms. number of Sw pack : 2
2020-05-15 18:07:23,583 [INFO] ThirdParty:899 - CMSIS Pack Vendor :STMicroelectronics X-CUBE-MEMS1 7.1.0
2020-05-15 18:07:23,584 [INFO] ThirdParty:899 - CMSIS Pack Vendor :STMicroelectronics FreeRTOS 0.0.1
2020-05-15 18:07:23,807 [INFO] PinOutPanel:1420 - setPackage(No Configuration,No Configuration)
2020-05-15 18:07:23,810 [INFO] PinOutPanel:1420 - setPackage(STM32F411RETx,LQFP64)
2020-05-15 18:07:24,340 [INFO] UtilMem:74 - Before build in PCC Used Memory: 317464288 Bytes (386924544)
2020-05-15 18:07:24,907 [INFO] SharedServices:71 - Folder for power plug-in: C:/Users/CJS/.stm32cubemx/plugins/power
2020-05-15 18:07:24,958 [INFO] SharedServices:71 - Folder for power plug-in: C:/Users/CJS/.stm32cubemx/plugins/power
2020-05-15 18:07:24,994 [INFO] SharedServices:71 - Folder for power plug-in: C:/Users/CJS/.stm32cubemx/plugins/power
2020-05-15 18:07:24,998 [INFO] SharedServices:71 - Folder for power plug-in: C:/Users/CJS/.stm32cubemx/plugins/power
2020-05-15 18:07:25,204 [INFO] UtilMem:74 - After build in PCC Used Memory: 314466320 Bytes (386924544)
2020-05-15 18:07:25,224 [INFO] IPUIPlugin:65 - create IPUIPlugin
2020-05-15 18:07:25,225 [INFO] IPUIPlugin:65 - create IPUIPlugin
2020-05-15 18:07:25,225 [INFO] IPUIPlugin:65 - create IPUIPlugin
2020-05-15 18:07:25,225 [INFO] IPUIPlugin:65 - create IPUIPlugin
2020-05-15 18:07:25,225 [INFO] IPUIPlugin:65 - create IPUIPlugin
2020-05-15 18:07:25,226 [INFO] IPUIPlugin:65 - create IPUIPlugin
2020-05-15 18:07:25,226 [INFO] IPUIPlugin:65 - create IPUIPlugin
2020-05-15 18:07:25,226 [INFO] IPUIPlugin:65 - create IPUIPlugin
2020-05-15 18:07:25,226 [INFO] IPUIPlugin:65 - create IPUIPlugin
2020-05-15 18:07:25,227 [INFO] IPUIPlugin:65 - create IPUIPlugin
2020-05-15 18:07:25,227 [INFO] IPUIPlugin:65 - create IPUIPlugin
2020-05-15 18:07:25,227 [INFO] IPUIPlugin:65 - create IPUIPlugin
2020-05-15 18:07:25,227 [INFO] IPUIPlugin:65 - create IPUIPlugin
2020-05-15 18:07:25,227 [INFO] IPUIPlugin:65 - create IPUIPlugin
2020-05-15 18:07:25,227 [INFO] IPUIPlugin:65 - create IPUIPlugin
2020-05-15 18:07:25,228 [INFO] IPUIPlugin:65 - create IPUIPlugin
2020-05-15 18:07:25,228 [INFO] IPUIPlugin:65 - create IPUIPlugin
2020-05-15 18:07:25,228 [INFO] IPUIPlugin:65 - create IPUIPlugin
2020-05-15 18:07:25,228 [INFO] IPUIPlugin:65 - create IPUIPlugin
2020-05-15 18:07:25,228 [INFO] IPUIPlugin:65 - create IPUIPlugin
2020-05-15 18:07:25,228 [INFO] IPUIPlugin:65 - create IPUIPlugin
2020-05-15 18:07:25,229 [INFO] IPUIPlugin:65 - create IPUIPlugin
2020-05-15 18:07:25,229 [INFO] IPUIPlugin:65 - create IPUIPlugin
2020-05-15 18:07:25,229 [INFO] IPUIPlugin:65 - create IPUIPlugin
2020-05-15 18:07:25,229 [INFO] IPUIPlugin:65 - create IPUIPlugin
2020-05-15 18:07:25,229 [INFO] IPUIPlugin:65 - create IPUIPlugin
2020-05-15 18:07:25,230 [INFO] IPUIPlugin:65 - create IPUIPlugin
2020-05-15 18:07:25,230 [INFO] IPUIPlugin:65 - create IPUIPlugin
2020-05-15 18:07:25,230 [INFO] IPUIPlugin:65 - create IPUIPlugin
2020-05-15 18:07:25,230 [INFO] IPUIPlugin:65 - create IPUIPlugin
2020-05-15 18:07:25,230 [INFO] IPUIPlugin:65 - create IPUIPlugin
2020-05-15 18:07:25,230 [INFO] IPUIPlugin:65 - create IPUIPlugin
2020-05-15 18:07:25,231 [INFO] IPUIPlugin:65 - create IPUIPlugin
2020-05-15 18:07:25,231 [INFO] IPUIPlugin:65 - create IPUIPlugin
2020-05-15 18:07:25,231 [INFO] IPUIPlugin:65 - create IPUIPlugin
2020-05-15 18:07:25,231 [INFO] IPUIPlugin:65 - create IPUIPlugin
2020-05-15 18:07:25,231 [INFO] IPUIPlugin:65 - create IPUIPlugin
2020-05-15 18:07:25,231 [INFO] IPUIPlugin:65 - create IPUIPlugin
2020-05-15 18:07:25,232 [INFO] IPUIPlugin:65 - create IPUIPlugin
2020-05-15 18:07:25,232 [INFO] IPUIPlugin:65 - create IPUIPlugin
2020-05-15 18:07:25,232 [INFO] IPUIPlugin:65 - create IPUIPlugin
2020-05-15 18:07:25,232 [INFO] IPUIPlugin:65 - create IPUIPlugin
2020-05-15 18:07:25,232 [INFO] IPUIPlugin:65 - create IPUIPlugin
2020-05-15 18:07:25,270 [INFO] LogOutputStream:76 - [STDOUT_REDIRECT] toolchainItems.length=====1
2020-05-15 18:07:25,386 [INFO] OpenFileManager:294 - Restore cursor
2020-05-15 18:07:25,802 [INFO] UtilMem:74 - End SaveConfig() Used Memory: 288193312 Bytes (386924544)
2020-05-15 18:07:25,998 [INFO] UtilMem:74 - End SaveConfig() Used Memory: 293601656 Bytes (386924544)
2020-05-15 18:07:26,551 [INFO] BlockDiagram:2671 - set Specific Code input for plugin: NVIC
2020-05-15 18:07:26,551 [INFO] BlockDiagram:2671 - set Specific Code input for plugin: USART
2020-05-15 18:07:26,551 [INFO] BlockDiagram:2671 - set Specific Code input for plugin: SYS
2020-05-15 18:07:26,552 [INFO] BlockDiagram:2671 - set Specific Code input for plugin: GPIO
2020-05-15 18:07:26,552 [INFO] BlockDiagram:2671 - set Specific Code input for plugin: RCC
2020-05-15 18:07:26,554 [INFO] CodeGenerator:603 - code generatio: config db path: C:\ST\STM32CubeIDE_1.3.0\STM32CubeIDE\plugins\com.st.stm32cube.common.mx_5.6.0.202002181639\\db\
2020-05-15 18:07:27,001 [INFO] CodeEngine:188 - oldGeneratedFile, C:\source\ECOX_ME\eco_x\MXTmpFiles\license.tmp_save
2020-05-15 18:07:27,489 [INFO] CodeEngine:206 - Generated code: C:\source\ECOX_ME\eco_x\MXTmpFiles\license.tmp
2020-05-15 18:07:27,617 [INFO] CodeEngine:188 - oldGeneratedFile, C:\source\ECOX_ME\eco_x\MXTmpFiles\gpio.tmp_save
2020-05-15 18:07:27,811 [INFO] CodeEngine:206 - Generated code: C:\source\ECOX_ME\eco_x\MXTmpFiles\gpio.tmp
2020-05-15 18:07:27,916 [INFO] LogOutputStream:76 - [STDOUT_REDIRECT] Command line
2020-05-15 18:07:27,918 [INFO] LogOutputStream:76 - [STDOUT_REDIRECT] Debug : prepare data for USART
2020-05-15 18:07:27,919 [INFO] LogOutputStream:76 - [STDOUT_REDIRECT] Command line test
2020-05-15 18:07:27,922 [INFO] LogOutputStream:76 - [STDOUT_REDIRECT] Debug : prepare data for NVIC
2020-05-15 18:07:27,923 [INFO] LogOutputStream:76 - [STDOUT_REDIRECT] Command line test
2020-05-15 18:07:27,937 [INFO] CodeEngine:188 - oldGeneratedFile, C:\source\ECOX_ME\eco_x\Core\Src\stm32f4xx_it.c_save
2020-05-15 18:07:28,263 [INFO] CodeEngine:206 - Generated code: C:\source\ECOX_ME\eco_x\Core\Src\stm32f4xx_it.c
2020-05-15 18:07:28,321 [INFO] CodeEngine:188 - oldGeneratedFile, C:\source\ECOX_ME\eco_x\Core\Inc\stm32f4xx_it.h_save
2020-05-15 18:07:28,657 [INFO] CodeEngine:206 - Generated code: C:\source\ECOX_ME\eco_x\Core\Inc\stm32f4xx_it.h
2020-05-15 18:07:28,679 [INFO] CodeEngine:188 - oldGeneratedFile, C:\source\ECOX_ME\eco_x\Core\Src\stm32f4xx_hal_msp.c_save
2020-05-15 18:07:29,111 [INFO] CodeEngine:206 - Generated code: C:\source\ECOX_ME\eco_x\Core\Src\stm32f4xx_hal_msp.c
2020-05-15 18:07:29,129 [INFO] CodeEngine:188 - oldGeneratedFile, C:\source\ECOX_ME\eco_x\MXTmpFiles\system.tmp_save
2020-05-15 18:07:29,278 [INFO] CodeEngine:206 - Generated code: C:\source\ECOX_ME\eco_x\MXTmpFiles\system.tmp
2020-05-15 18:07:29,296 [INFO] CodeEngine:188 - oldGeneratedFile, C:\source\ECOX_ME\eco_x\Core\Inc\stm32f4xx_hal_conf.h_save
2020-05-15 18:07:29,482 [INFO] CodeEngine:206 - Generated code: C:\source\ECOX_ME\eco_x\Core\Inc\stm32f4xx_hal_conf.h
2020-05-15 18:07:29,551 [WARN] IPConfigManager:2701 - IP not found : gpio
2020-05-15 18:07:29,554 [WARN] CodeGenerator:2649 - IP not found : gpio
2020-05-15 18:07:29,584 [INFO] CodeEngine:188 - oldGeneratedFile, C:\source\ECOX_ME\eco_x\Core\Inc\main.h_save
2020-05-15 18:07:29,714 [INFO] CodeEngine:206 - Generated code: C:\source\ECOX_ME\eco_x\Core\Inc\main.h
2020-05-15 18:07:29,732 [INFO] CodeEngine:188 - oldGeneratedFile, C:\source\ECOX_ME\eco_x\Core\Src\main.c_save
2020-05-15 18:07:29,906 [INFO] CodeEngine:206 - Generated code: C:\source\ECOX_ME\eco_x\Core\Src\main.c
2020-05-15 18:07:30,985 [INFO] ProjectBuilder:2002 - Time for Copy HAL[1] : 217mS.
2020-05-15 18:07:30,996 [INFO] ProjectBuilder:2727 - Project Generator version: 3.7.1
2020-05-15 18:07:31,553 [INFO] ConfigFileManager:1066 - The Die is : DIE431
2020-05-15 18:07:38,578 [INFO] ProjectBuilder:2894 - Time for Generating toolchain IDE Files: 7582mS.
2020-05-15 18:07:38,580 [INFO] ProjectBuilder:1878 - Time for Copy CMSIS : 1mS.
2020-05-15 18:07:38,591 [INFO] ProjectBuilder:1878 - Time for Copy CMSIS : 0mS.
2020-05-15 18:08:22,645 [INFO] UtilMem:74 - End SaveConfig() Used Memory: 758596096 Bytes (969932800)
2020-05-15 18:08:25,540 [INFO] UtilMem:74 - End SaveConfig() Used Memory: 766984704 Bytes (969932800)
2020-05-15 18:08:25,799 [INFO] UtilMem:74 - End SaveConfig() Used Memory: 782187016 Bytes (969932800)
2020-05-15 18:08:26,161 [INFO] BlockDiagram:2671 - set Specific Code input for plugin: NVIC
2020-05-15 18:08:26,162 [INFO] BlockDiagram:2671 - set Specific Code input for plugin: USART
2020-05-15 18:08:26,162 [INFO] BlockDiagram:2671 - set Specific Code input for plugin: USART
2020-05-15 18:08:26,162 [INFO] BlockDiagram:2671 - set Specific Code input for plugin: SYS
2020-05-15 18:08:26,162 [INFO] BlockDiagram:2671 - set Specific Code input for plugin: GPIO
2020-05-15 18:08:26,162 [INFO] BlockDiagram:2671 - set Specific Code input for plugin: RCC
2020-05-15 18:08:26,164 [INFO] CodeGenerator:603 - code generatio: config db path: C:\ST\STM32CubeIDE_1.3.0\STM32CubeIDE\plugins\com.st.stm32cube.common.mx_5.6.0.202002181639\\db\
2020-05-15 18:08:26,334 [INFO] CodeEngine:188 - oldGeneratedFile, C:\source\ECOX_ME\eco_x\MXTmpFiles\license.tmp_save
2020-05-15 18:08:26,416 [INFO] CodeEngine:206 - Generated code: C:\source\ECOX_ME\eco_x\MXTmpFiles\license.tmp
2020-05-15 18:08:26,445 [INFO] CodeEngine:188 - oldGeneratedFile, C:\source\ECOX_ME\eco_x\MXTmpFiles\gpio.tmp_save
2020-05-15 18:08:26,528 [INFO] CodeEngine:206 - Generated code: C:\source\ECOX_ME\eco_x\MXTmpFiles\gpio.tmp
2020-05-15 18:08:26,614 [INFO] LogOutputStream:76 - [STDOUT_REDIRECT] Command line
2020-05-15 18:08:26,616 [INFO] LogOutputStream:76 - [STDOUT_REDIRECT] Debug : prepare data for USART
2020-05-15 18:08:26,617 [INFO] LogOutputStream:76 - [STDOUT_REDIRECT] Command line test
2020-05-15 18:08:26,619 [INFO] LogOutputStream:76 - [STDOUT_REDIRECT] Debug : prepare data for NVIC
2020-05-15 18:08:26,620 [INFO] LogOutputStream:76 - [STDOUT_REDIRECT] Command line test
2020-05-15 18:08:26,636 [INFO] CodeEngine:188 - oldGeneratedFile, C:\source\ECOX_ME\eco_x\Core\Src\stm32f4xx_it.c_save
2020-05-15 18:08:26,763 [INFO] CodeEngine:206 - Generated code: C:\source\ECOX_ME\eco_x\Core\Src\stm32f4xx_it.c
2020-05-15 18:08:26,780 [INFO] CodeEngine:188 - oldGeneratedFile, C:\source\ECOX_ME\eco_x\Core\Inc\stm32f4xx_it.h_save
2020-05-15 18:08:26,868 [INFO] CodeEngine:206 - Generated code: C:\source\ECOX_ME\eco_x\Core\Inc\stm32f4xx_it.h
2020-05-15 18:08:26,887 [INFO] CodeEngine:188 - oldGeneratedFile, C:\source\ECOX_ME\eco_x\Core\Src\stm32f4xx_hal_msp.c_save
2020-05-15 18:08:27,020 [INFO] CodeEngine:206 - Generated code: C:\source\ECOX_ME\eco_x\Core\Src\stm32f4xx_hal_msp.c
2020-05-15 18:08:27,032 [INFO] CodeEngine:188 - oldGeneratedFile, C:\source\ECOX_ME\eco_x\MXTmpFiles\system.tmp_save
2020-05-15 18:08:27,105 [INFO] CodeEngine:206 - Generated code: C:\source\ECOX_ME\eco_x\MXTmpFiles\system.tmp
2020-05-15 18:08:27,120 [INFO] CodeEngine:188 - oldGeneratedFile, C:\source\ECOX_ME\eco_x\Core\Inc\stm32f4xx_hal_conf.h_save
2020-05-15 18:08:27,216 [INFO] CodeEngine:206 - Generated code: C:\source\ECOX_ME\eco_x\Core\Inc\stm32f4xx_hal_conf.h
2020-05-15 18:08:27,246 [WARN] IPConfigManager:2701 - IP not found : gpio
2020-05-15 18:08:27,247 [WARN] CodeGenerator:2649 - IP not found : gpio
2020-05-15 18:08:27,259 [INFO] CodeEngine:188 - oldGeneratedFile, C:\source\ECOX_ME\eco_x\Core\Inc\main.h_save
2020-05-15 18:08:27,358 [INFO] CodeEngine:206 - Generated code: C:\source\ECOX_ME\eco_x\Core\Inc\main.h
2020-05-15 18:08:27,374 [INFO] CodeEngine:188 - oldGeneratedFile, C:\source\ECOX_ME\eco_x\Core\Src\main.c_save
2020-05-15 18:08:27,512 [INFO] CodeEngine:206 - Generated code: C:\source\ECOX_ME\eco_x\Core\Src\main.c
2020-05-15 18:08:28,133 [INFO] ProjectBuilder:2002 - Time for Copy HAL[1] : 192mS.
2020-05-15 18:08:28,139 [INFO] ProjectBuilder:2727 - Project Generator version: 3.7.1
2020-05-15 18:08:28,708 [INFO] ConfigFileManager:1066 - The Die is : DIE431
2020-05-15 18:08:30,849 [INFO] ProjectBuilder:2894 - Time for Generating toolchain IDE Files: 2710mS.
2020-05-15 18:08:30,851 [INFO] ProjectBuilder:1878 - Time for Copy CMSIS : 1mS.
2020-05-15 18:08:30,858 [INFO] ProjectBuilder:1878 - Time for Copy CMSIS : 0mS.
