2020-05-16 15:57:50,151 [INFO] Activator:176 - 


2020-05-16 15:57:50,151 [INFO] Activator:177 - !SESSION log4j initialized
2020-05-16 15:58:02,882 [INFO] ApplicationProperties:181 - Using Application install path: C:\ST\STM32CubeIDE_1.3.0\STM32CubeIDE\plugins\com.st.stm32cube.common.mx_5.6.0.202002181639
2020-05-16 15:58:02,898 [INFO] DbMcusXml:72 - Set database path to: C:\ST\STM32CubeIDE_1.3.0\STM32CubeIDE\plugins\com.st.stm32cube.common.mx_5.6.0.202002181639\\db\/mcu/
2020-05-16 15:58:02,914 [INFO] DbBoardsPdsc:54 - Set plugin database path to: C:\ST\STM32CubeIDE_1.3.0\STM32CubeIDE\plugins\com.st.stm32cube.common.mx_5.6.0.202002181639\\db\/plugins/boardmanager/
2020-05-16 15:58:02,914 [INFO] DbMcus:235 - Set plugin images path to: C:\ST\STM32CubeIDE_1.3.0\STM32CubeIDE\plugins\com.st.stm32cube.common.mx_5.6.0.202002181639\\db\/plugins/mcufinder/images/
2020-05-16 15:58:02,914 [INFO] DbBoards:232 - Set plugin images path to: C:\ST\STM32CubeIDE_1.3.0\STM32CubeIDE\plugins\com.st.stm32cube.common.mx_5.6.0.202002181639\\db\/plugins/mcufinder/images/
2020-05-16 15:58:02,929 [INFO] DbMcusAds:85 - Set database path to: C:\Users\wndks\.stmcufinder\plugins\mcufinder//mcu/
2020-05-16 15:58:02,929 [INFO] DbMcusDocs:108 - Set database path to: C:\Users\wndks\.stmcufinder\plugins\mcufinder//mcu/
2020-05-16 15:58:02,929 [INFO] DbMcusJson:61 - Set database path to: C:\Users\wndks\.stmcufinder\plugins\mcufinder//mcu/
2020-05-16 15:58:02,929 [INFO] DbBoardsDocs:97 - Set database path to: C:\Users\wndks\.stmcufinder\plugins\mcufinder//mcu/
2020-05-16 15:58:02,945 [INFO] DbBoardsJson:51 - Set database path to: C:\Users\wndks\.stmcufinder\plugins\mcufinder//mcu/
2020-05-16 15:58:03,179 [INFO] CrossReferenceDbSqlite:197 - Set database path to: C:\Users\wndks\.stmcufinder\plugins\mcufinder//mcu/cs/
2020-05-16 15:58:03,413 [INFO] RulesReader:52 - Compatibility file has been processed (208 Rules)
2020-05-16 15:58:03,601 [INFO] MicroXplorer:570 - Detected Java Version = 1.8.0_242
2020-05-16 15:58:03,601 [INFO] DbMcusXml:72 - Set database path to: C:\ST\STM32CubeIDE_1.3.0\STM32CubeIDE\plugins\com.st.stm32cube.common.mx_5.6.0.202002181639\\db\/mcu/
2020-05-16 15:58:03,601 [INFO] DbBoardsPdsc:54 - Set plugin database path to: C:\ST\STM32CubeIDE_1.3.0\STM32CubeIDE\plugins\com.st.stm32cube.common.mx_5.6.0.202002181639\\db\/plugins/boardmanager/
2020-05-16 15:58:03,601 [INFO] DbMcus:235 - Set plugin images path to: C:\ST\STM32CubeIDE_1.3.0\STM32CubeIDE\plugins\com.st.stm32cube.common.mx_5.6.0.202002181639\\db\/plugins/mcufinder/images/
2020-05-16 15:58:03,601 [INFO] DbBoards:232 - Set plugin images path to: C:\ST\STM32CubeIDE_1.3.0\STM32CubeIDE\plugins\com.st.stm32cube.common.mx_5.6.0.202002181639\\db\/plugins/mcufinder/images/
2020-05-16 15:58:03,601 [WARN] DbFile:36 - Overriding database path with different value: C:\Users\wndks\.stmcufinder\plugins\mcufinder/ => C:\Users\wndks\.stmcufinder\plugins\mcufinder
2020-05-16 15:58:03,601 [INFO] DbMcusAds:85 - Set database path to: C:\Users\wndks\.stmcufinder\plugins\mcufinder//mcu/
2020-05-16 15:58:03,601 [WARN] DbFile:36 - Overriding database path with different value: C:\Users\wndks\.stmcufinder\plugins\mcufinder/ => C:\Users\wndks\.stmcufinder\plugins\mcufinder
2020-05-16 15:58:03,601 [INFO] DbMcusDocs:108 - Set database path to: C:\Users\wndks\.stmcufinder\plugins\mcufinder//mcu/
2020-05-16 15:58:03,601 [WARN] DbFile:36 - Overriding database path with different value: C:\Users\wndks\.stmcufinder\plugins\mcufinder/ => C:\Users\wndks\.stmcufinder\plugins\mcufinder
2020-05-16 15:58:03,601 [INFO] DbMcusJson:61 - Set database path to: C:\Users\wndks\.stmcufinder\plugins\mcufinder//mcu/
2020-05-16 15:58:03,601 [WARN] DbFile:36 - Overriding database path with different value: C:\Users\wndks\.stmcufinder\plugins\mcufinder/ => C:\Users\wndks\.stmcufinder\plugins\mcufinder
2020-05-16 15:58:03,601 [INFO] DbBoardsDocs:97 - Set database path to: C:\Users\wndks\.stmcufinder\plugins\mcufinder//mcu/
2020-05-16 15:58:03,601 [WARN] DbFile:36 - Overriding database path with different value: C:\Users\wndks\.stmcufinder\plugins\mcufinder/ => C:\Users\wndks\.stmcufinder\plugins\mcufinder
2020-05-16 15:58:03,601 [INFO] DbBoardsJson:51 - Set database path to: C:\Users\wndks\.stmcufinder\plugins\mcufinder//mcu/
2020-05-16 15:58:03,601 [WARN] DbFile:36 - Overriding database path with different value: C:\Users\wndks\.stmcufinder\plugins\mcufinder/ => C:\Users\wndks\.stmcufinder\plugins\mcufinder
2020-05-16 15:58:03,601 [WARN] DbFile:36 - Overriding database path with different value: C:\Users\wndks\.stmcufinder\plugins\mcufinder/ => C:\Users\wndks\.stmcufinder\plugins\mcufinder
2020-05-16 15:58:03,601 [INFO] CrossReferenceDbSqlite:197 - Set database path to: C:\Users\wndks\.stmcufinder\plugins\mcufinder//mcu/cs/
2020-05-16 15:58:03,726 [INFO] MainPanel:181 - HeapMemory: 268435456
2020-05-16 15:58:03,929 [INFO] DbMcusXml:72 - Set database path to: C:\ST\STM32CubeIDE_1.3.0\STM32CubeIDE\plugins\com.st.stm32cube.common.mx_5.6.0.202002181639\\db\/mcu/
2020-05-16 15:58:03,929 [INFO] DbBoardsPdsc:54 - Set plugin database path to: C:\ST\STM32CubeIDE_1.3.0\STM32CubeIDE\plugins\com.st.stm32cube.common.mx_5.6.0.202002181639\\db\/plugins/boardmanager/
2020-05-16 15:58:03,929 [INFO] DbMcus:235 - Set plugin images path to: C:\ST\STM32CubeIDE_1.3.0\STM32CubeIDE\plugins\com.st.stm32cube.common.mx_5.6.0.202002181639\\db\/plugins/mcufinder/images/
2020-05-16 15:58:03,929 [INFO] DbBoards:232 - Set plugin images path to: C:\ST\STM32CubeIDE_1.3.0\STM32CubeIDE\plugins\com.st.stm32cube.common.mx_5.6.0.202002181639\\db\/plugins/mcufinder/images/
2020-05-16 15:58:03,929 [WARN] DbFile:36 - Overriding database path with different value: C:\Users\wndks\.stmcufinder\plugins\mcufinder/ => C:\Users\wndks\.stmcufinder\plugins\mcufinder
2020-05-16 15:58:03,929 [INFO] DbMcusAds:85 - Set database path to: C:\Users\wndks\.stmcufinder\plugins\mcufinder//mcu/
2020-05-16 15:58:03,929 [WARN] DbFile:36 - Overriding database path with different value: C:\Users\wndks\.stmcufinder\plugins\mcufinder/ => C:\Users\wndks\.stmcufinder\plugins\mcufinder
2020-05-16 15:58:03,929 [INFO] DbMcusDocs:108 - Set database path to: C:\Users\wndks\.stmcufinder\plugins\mcufinder//mcu/
2020-05-16 15:58:03,929 [WARN] DbFile:36 - Overriding database path with different value: C:\Users\wndks\.stmcufinder\plugins\mcufinder/ => C:\Users\wndks\.stmcufinder\plugins\mcufinder
2020-05-16 15:58:03,929 [INFO] DbMcusJson:61 - Set database path to: C:\Users\wndks\.stmcufinder\plugins\mcufinder//mcu/
2020-05-16 15:58:03,929 [WARN] DbFile:36 - Overriding database path with different value: C:\Users\wndks\.stmcufinder\plugins\mcufinder/ => C:\Users\wndks\.stmcufinder\plugins\mcufinder
2020-05-16 15:58:03,929 [INFO] DbBoardsDocs:97 - Set database path to: C:\Users\wndks\.stmcufinder\plugins\mcufinder//mcu/
2020-05-16 15:58:03,929 [WARN] DbFile:36 - Overriding database path with different value: C:\Users\wndks\.stmcufinder\plugins\mcufinder/ => C:\Users\wndks\.stmcufinder\plugins\mcufinder
2020-05-16 15:58:03,929 [INFO] DbBoardsJson:51 - Set database path to: C:\Users\wndks\.stmcufinder\plugins\mcufinder//mcu/
2020-05-16 15:58:03,929 [WARN] DbFile:36 - Overriding database path with different value: C:\Users\wndks\.stmcufinder\plugins\mcufinder/ => C:\Users\wndks\.stmcufinder\plugins\mcufinder
2020-05-16 15:58:03,929 [WARN] DbFile:36 - Overriding database path with different value: C:\Users\wndks\.stmcufinder\plugins\mcufinder/ => C:\Users\wndks\.stmcufinder\plugins\mcufinder
2020-05-16 15:58:03,929 [INFO] CrossReferenceDbSqlite:197 - Set database path to: C:\Users\wndks\.stmcufinder\plugins\mcufinder//mcu/cs/
2020-05-16 15:58:03,976 [INFO] ApplicationProperties:181 - Using Application install path: C:\ST\STM32CubeIDE_1.3.0\STM32CubeIDE\plugins\com.st.stm32cube.common.mx_5.6.0.202002181639
2020-05-16 15:58:03,976 [INFO] PluginManage:178 - Search for loadable plugins [exclusion list=, tutovideos]
2020-05-16 15:58:03,976 [INFO] PluginManage:292 - Check plugin analytics
2020-05-16 15:58:04,007 [INFO] PluginManage:342 - Loaded plugin analytics (category:tool,tabindex:-1)
2020-05-16 15:58:04,007 [INFO] PluginManage:292 - Check plugin clock
2020-05-16 15:58:04,038 [INFO] PluginManage:342 - Loaded plugin clock (category:base,tabindex:2)
2020-05-16 15:58:04,038 [INFO] PluginManage:292 - Check plugin ddr
2020-05-16 15:58:04,038 [INFO] PluginManage:342 - Loaded plugin ddr (category:tool,tabindex:6)
2020-05-16 15:58:04,038 [INFO] PluginManage:292 - Check plugin filemanager
2020-05-16 15:58:04,460 [INFO] PluginManage:342 - Loaded plugin filemanager (category:base,tabindex:10)
2020-05-16 15:58:04,460 [INFO] PluginManage:292 - Check plugin ipmanager
2020-05-16 15:58:04,476 [INFO] PluginManage:342 - Loaded plugin ipmanager (category:base,tabindex:5)
2020-05-16 15:58:04,476 [INFO] PluginManage:292 - Check plugin pinoutandconfiguration
2020-05-16 15:58:04,523 [INFO] PluginManage:342 - Loaded plugin pinoutandconfiguration (category:base,tabindex:1)
2020-05-16 15:58:04,523 [INFO] PluginManage:292 - Check plugin pinoutconfig
2020-05-16 15:58:04,585 [INFO] PluginManage:342 - Loaded plugin pinoutconfig (category:base,tabindex:0)
2020-05-16 15:58:04,585 [INFO] PluginManage:292 - Check plugin power
2020-05-16 15:58:04,601 [INFO] PluginManage:342 - Loaded plugin power (category:power,tabindex:4)
2020-05-16 15:58:04,601 [INFO] PluginManage:292 - Check plugin projectmanager
2020-05-16 15:58:04,632 [INFO] PluginManage:342 - Loaded plugin projectmanager (category:projectmanager,tabindex:3)
2020-05-16 15:58:04,632 [INFO] PluginManage:292 - Check plugin thirdparty
2020-05-16 15:58:04,757 [INFO] ThirdPartyDb:295 - Open Third Party DataBase File (C:/Users/wndks/.stm32cubemx/plugins/thirdparty/db/thirdparties_db.xml) : 63 ms. number of Sw pack : 15
2020-05-16 15:58:04,851 [INFO] PluginManage:342 - Loaded plugin thirdparty (category:base,tabindex:-1)
2020-05-16 15:58:04,851 [INFO] PluginManage:292 - Check plugin tools
2020-05-16 15:58:04,866 [INFO] PluginManage:342 - Loaded plugin tools (category:base,tabindex:7)
2020-05-16 15:58:04,866 [INFO] PluginManage:292 - Check plugin tutovideos
2020-05-16 15:58:04,944 [INFO] PluginManage:347 - Ignore plugin tutovideos (category:base)
2020-05-16 15:58:04,944 [INFO] PluginManage:292 - Check plugin updater
2020-05-16 15:58:04,991 [INFO] PluginManage:342 - Loaded plugin updater (category:base,tabindex:12)
2020-05-16 15:58:04,991 [INFO] PluginManage:265 - PluginManage : Loaded plugins [12]
2020-05-16 15:58:05,288 [INFO] PinOutPanel:1420 - setPackage(No Configuration,No Configuration)
2020-05-16 15:58:05,491 [INFO] IPUIPlugin:65 - create IPUIPlugin
2020-05-16 15:58:05,491 [INFO] PluginManager:200 - loadIPPluginJar : add adc
2020-05-16 15:58:05,522 [INFO] IPUIPlugin:65 - create IPUIPlugin
2020-05-16 15:58:05,522 [INFO] PluginManager:200 - loadIPPluginJar : add aes
2020-05-16 15:58:05,538 [INFO] IPUIPlugin:65 - create IPUIPlugin
2020-05-16 15:58:05,538 [INFO] PluginManager:200 - loadIPPluginJar : add can
2020-05-16 15:58:05,554 [INFO] IPUIPlugin:65 - create IPUIPlugin
2020-05-16 15:58:05,569 [INFO] PluginManager:200 - loadIPPluginJar : add comp
2020-05-16 15:58:05,600 [INFO] IPUIPlugin:65 - create IPUIPlugin
2020-05-16 15:58:05,600 [INFO] PluginManager:200 - loadIPPluginJar : add cryp
2020-05-16 15:58:05,632 [INFO] IPUIPlugin:65 - create IPUIPlugin
2020-05-16 15:58:05,632 [INFO] PluginManager:200 - loadIPPluginJar : add dfsdm
2020-05-16 15:58:05,694 [INFO] IPUIPlugin:65 - create IPUIPlugin
2020-05-16 15:58:05,694 [INFO] PluginManager:200 - loadIPPluginJar : add dma
2020-05-16 15:58:05,710 [INFO] IPUIPlugin:65 - create IPUIPlugin
2020-05-16 15:58:05,710 [INFO] PluginManager:200 - loadIPPluginJar : add fatfs
2020-05-16 15:58:05,725 [INFO] IPUIPlugin:65 - create IPUIPlugin
2020-05-16 15:58:05,725 [INFO] PluginManager:200 - loadIPPluginJar : add fmc
2020-05-16 15:58:05,757 [INFO] IPUIPlugin:65 - create IPUIPlugin
2020-05-16 15:58:05,757 [INFO] PluginManager:200 - loadIPPluginJar : add freertos
2020-05-16 15:58:05,772 [INFO] IPUIPlugin:65 - create IPUIPlugin
2020-05-16 15:58:05,772 [INFO] PluginManager:200 - loadIPPluginJar : add genericplugin
2020-05-16 15:58:05,835 [INFO] IPUIPlugin:65 - create IPUIPlugin
2020-05-16 15:58:05,835 [INFO] PluginManager:200 - loadIPPluginJar : add gfxmmu
2020-05-16 15:58:05,929 [INFO] IPUIPlugin:65 - create IPUIPlugin
2020-05-16 15:58:05,929 [INFO] PluginManager:200 - loadIPPluginJar : add gic
2020-05-16 15:58:06,069 [INFO] IPUIPlugin:65 - create IPUIPlugin
2020-05-16 15:58:06,069 [INFO] PluginManager:200 - loadIPPluginJar : add gpio
2020-05-16 15:58:06,132 [INFO] IPUIPlugin:65 - create IPUIPlugin
2020-05-16 15:58:06,132 [INFO] PluginManager:200 - loadIPPluginJar : add gtzc
2020-05-16 15:58:06,163 [INFO] IPUIPlugin:65 - create IPUIPlugin
2020-05-16 15:58:06,163 [INFO] PluginManager:200 - loadIPPluginJar : add hash
2020-05-16 15:58:06,194 [INFO] IPUIPlugin:65 - create IPUIPlugin
2020-05-16 15:58:06,194 [INFO] PluginManager:200 - loadIPPluginJar : add i2c
2020-05-16 15:58:06,225 [INFO] IPUIPlugin:65 - create IPUIPlugin
2020-05-16 15:58:06,225 [INFO] PluginManager:200 - loadIPPluginJar : add i2s
2020-05-16 15:58:06,319 [INFO] IPUIPlugin:65 - create IPUIPlugin
2020-05-16 15:58:06,319 [INFO] PluginManager:200 - loadIPPluginJar : add ipddr
2020-05-16 15:58:06,350 [INFO] IPUIPlugin:65 - create IPUIPlugin
2020-05-16 15:58:06,350 [INFO] PluginManager:200 - loadIPPluginJar : add ltdc
2020-05-16 15:58:06,475 [INFO] IPUIPlugin:65 - create IPUIPlugin
2020-05-16 15:58:06,475 [INFO] PluginManager:200 - loadIPPluginJar : add mdma
2020-05-16 15:58:06,663 [INFO] IPUIPlugin:65 - create IPUIPlugin
2020-05-16 15:58:06,663 [INFO] PluginManager:200 - loadIPPluginJar : add nvic
2020-05-16 15:58:06,694 [INFO] IPUIPlugin:65 - create IPUIPlugin
2020-05-16 15:58:06,710 [INFO] PluginManager:200 - loadIPPluginJar : add opamp
2020-05-16 15:58:06,741 [INFO] IPUIPlugin:65 - create IPUIPlugin
2020-05-16 15:58:06,741 [INFO] PluginManager:200 - loadIPPluginJar : add pdm2pcm
2020-05-16 15:58:06,960 [INFO] IPUIPlugin:65 - create IPUIPlugin
2020-05-16 15:58:06,975 [INFO] PluginManager:200 - loadIPPluginJar : add plateformsettings
2020-05-16 15:58:06,991 [INFO] IPUIPlugin:65 - create IPUIPlugin
2020-05-16 15:58:06,991 [INFO] PluginManager:200 - loadIPPluginJar : add quadspi
2020-05-16 15:58:07,006 [INFO] IPUIPlugin:65 - create IPUIPlugin
2020-05-16 15:58:07,006 [INFO] PluginManager:200 - loadIPPluginJar : add resmgrutility
2020-05-16 15:58:07,053 [INFO] IPUIPlugin:65 - create IPUIPlugin
2020-05-16 15:58:07,053 [INFO] PluginManager:200 - loadIPPluginJar : add sai
2020-05-16 15:58:07,084 [INFO] IPUIPlugin:65 - create IPUIPlugin
2020-05-16 15:58:07,084 [INFO] PluginManager:200 - loadIPPluginJar : add spi
2020-05-16 15:58:07,116 [INFO] IPUIPlugin:65 - create IPUIPlugin
2020-05-16 15:58:07,116 [INFO] PluginManager:200 - loadIPPluginJar : add stm32_wpan
2020-05-16 15:58:07,131 [INFO] IPUIPlugin:65 - create IPUIPlugin
2020-05-16 15:58:07,147 [INFO] PluginManager:200 - loadIPPluginJar : add tim
2020-05-16 15:58:07,194 [INFO] IPUIPlugin:65 - create IPUIPlugin
2020-05-16 15:58:07,194 [INFO] PluginManager:200 - loadIPPluginJar : add touchsensing
2020-05-16 15:58:07,209 [INFO] IPUIPlugin:65 - create IPUIPlugin
2020-05-16 15:58:07,209 [INFO] PluginManager:200 - loadIPPluginJar : add tracer_emb
2020-05-16 15:58:07,225 [INFO] IPUIPlugin:65 - create IPUIPlugin
2020-05-16 15:58:07,225 [INFO] PluginManager:200 - loadIPPluginJar : add ts
2020-05-16 15:58:07,241 [INFO] IPUIPlugin:65 - create IPUIPlugin
2020-05-16 15:58:07,241 [INFO] PluginManager:200 - loadIPPluginJar : add tsc
2020-05-16 15:58:07,272 [INFO] IPUIPlugin:65 - create IPUIPlugin
2020-05-16 15:58:07,272 [INFO] PluginManager:200 - loadIPPluginJar : add ucpd
2020-05-16 15:58:07,303 [INFO] IPUIPlugin:65 - create IPUIPlugin
2020-05-16 15:58:07,303 [INFO] PluginManager:200 - loadIPPluginJar : add usart
2020-05-16 15:58:08,506 [INFO] BoardConnectionPanel:3472 - [DDR PANEL] STM32CubeIDE environment
2020-05-16 15:58:08,506 [INFO] MainDdrPanel:103 - [DDR PANEL] GETTER - cubeProgrammerPath is: null
2020-05-16 15:58:08,795 [FATAL] Updater:277 - Updater called before beeing initialized
2020-05-16 15:58:09,201 [FATAL] Updater:277 - Updater called before beeing initialized
2020-05-16 15:58:09,201 [INFO] PinOutPanel:1420 - setPackage(No Configuration,No Configuration)
2020-05-16 15:58:09,201 [FATAL] Updater:277 - Updater called before beeing initialized
2020-05-16 15:58:09,216 [INFO] BoardConnectionPanel:3472 - [DDR PANEL] STM32CubeIDE environment
2020-05-16 15:58:09,216 [INFO] MainDdrPanel:103 - [DDR PANEL] GETTER - cubeProgrammerPath is: C:\ST\STM32CubeIDE_1.3.0\STM32CubeIDE\plugins\com.st.stm32cube.ide.mcu.externaltools.cubeprogrammer.win32_1.3.0.202002181050\tools\bin
2020-05-16 15:58:09,232 [INFO] ProgrammerExecThread:148 - [ProgrammerAPI] CubeProgrammer command construction: C:\ST\STM32CubeIDE_1.3.0\STM32CubeIDE\plugins\com.st.stm32cube.ide.mcu.externaltools.cubeprogrammer.win32_1.3.0.202002181050\tools\bin\STM32_Programmer_CLI.exe -l
2020-05-16 15:58:10,060 [INFO] MainDdrPanel:93 - [DDR PANEL] SETTER - Set cubeProgrammerPath to: C:\ST\STM32CubeIDE_1.3.0\STM32CubeIDE\plugins\com.st.stm32cube.ide.mcu.externaltools.cubeprogrammer.win32_1.3.0.202002181050\tools\bin
2020-05-16 15:58:10,091 [INFO] Updater:886 - Updater Version found : 5.6.0
2020-05-16 15:58:10,154 [INFO] ApplicationProperties:181 - Using Application install path: C:\ST\STM32CubeIDE_1.3.0\STM32CubeIDE\plugins\com.st.stm32cube.common.mx_5.6.0.202002181639
2020-05-16 15:58:10,372 [INFO] MainUpdater:2230 - connection check result : 10
2020-05-16 15:58:10,372 [INFO] MainUpdater:236 - Updater Check For Update Now.
2020-05-16 15:58:10,372 [INFO] MicroXplorer:420 - Change Database Version : DB.5.0.60
2020-05-16 15:58:10,435 [INFO] CheckServerUpdateThread:92 - End of CheckServer Thread
2020-05-16 15:58:10,607 [INFO] MainUpdater:2230 - connection check result : 10
2020-05-16 15:58:10,607 [INFO] LogOutputStream:76 - [STDOUT_REDIRECT] Successfull proxy connection.
2020-05-16 15:58:10,903 [INFO] ThirdPartyDb:261 - Close Third Party DataBase File (C:/Users/wndks/.stm32cubemx/plugins/thirdparty/db/thirdparties_db.xml)
2020-05-16 15:58:10,903 [INFO] McuFinderGlobals:40 - Set McuFinder mode to 2 (CubeIDE integrated)
2020-05-16 15:58:10,935 [INFO] FinderPluginLoader:86 - Searching for filters in installed packs
2020-05-16 15:58:10,966 [INFO] DbMcusXml:110 - Load MCU database from C:\ST\STM32CubeIDE_1.3.0\STM32CubeIDE\plugins\com.st.stm32cube.common.mx_5.6.0.202002181639\\db\/mcu/families.xml
2020-05-16 15:58:11,025 [INFO] ThirdPartyDb:295 - Open Third Party DataBase File (C:/Users/wndks/.stm32cubemx/plugins/thirdparty/db/thirdparties_db.xml) : 28 ms. number of Sw pack : 16
2020-05-16 15:58:11,025 [INFO] Engine:366 - softwarePackList size : 16
2020-05-16 15:58:11,040 [INFO] Engine:378 - compute dependency for SwPack X-CUBE-BLE1 have been done, and update is requested
2020-05-16 15:58:11,228 [INFO] Engine:378 - compute dependency for SwPack X-CUBE-MEMS1 have been done, and update is requested
2020-05-16 15:58:11,243 [INFO] Engine:378 - compute dependency for SwPack X-CUBE-AI have been done, and update is requested
2020-05-16 15:58:11,274 [INFO] Engine:378 - compute dependency for SwPack X-CUBE-NFC4 have been done, and update is requested
2020-05-16 15:58:11,274 [INFO] Engine:378 - compute dependency for SwPack X-CUBE-GNSS1 have been done, and update is requested
2020-05-16 15:58:11,290 [INFO] Engine:378 - compute dependency for SwPack X-CUBE-AI have been done, and update is requested
2020-05-16 15:58:11,806 [INFO] Engine:378 - compute dependency for SwPack X-CUBE-MEMS1 have been done, and update is requested
2020-05-16 15:58:11,837 [INFO] Engine:378 - compute dependency for SwPack X-CUBE-NFC4 have been done, and update is requested
2020-05-16 15:58:11,852 [INFO] Engine:378 - compute dependency for SwPack X-CUBE-SUBG2 have been done, and update is requested
2020-05-16 15:58:11,852 [INFO] Engine:382 - compute dependency for SwPack X-CUBE-TOUCHGFX have been done, no update is requested
2020-05-16 15:58:11,931 [INFO] Engine:378 - compute dependency for SwPack CMSIS have been done, and update is requested
2020-05-16 15:58:12,477 [INFO] Engine:378 - compute dependency for SwPack X-CUBE-MEMS1 have been done, and update is requested
2020-05-16 15:58:12,493 [INFO] Engine:378 - compute dependency for SwPack X-CUBE-NFC4 have been done, and update is requested
2020-05-16 15:58:12,493 [INFO] Engine:378 - compute dependency for SwPack X-CUBE-SUBG2 have been done, and update is requested
2020-05-16 15:58:12,555 [INFO] Engine:378 - compute dependency for SwPack X-CUBE-ALGOBUILD have been done, and update is requested
2020-05-16 15:58:12,555 [INFO] Engine:382 - compute dependency for SwPack FreeRTOS have been done, no update is requested
2020-05-16 15:58:12,883 [INFO] DependencyParser:785 - This component is not compatible with the current MCU : [1578402155929, 1578402155930]
2020-05-16 15:58:12,883 [INFO] ThirdPartyModel:521 - Component with status : MCU_INCOMPATIBLE for condition : ARMCM0 CMSIS id : 1578402155175
2020-05-16 15:58:12,883 [INFO] DependencyParser:785 - This component is not compatible with the current MCU : [1578402155929, 1578402155930]
2020-05-16 15:58:12,883 [INFO] ThirdPartyModel:521 - Component with status : MCU_INCOMPATIBLE for condition : ARMCM0 CMSIS id : 1578402155177
2020-05-16 15:58:12,883 [INFO] DependencyParser:785 - This component is not compatible with the current MCU : [1578402158161, 1578402155930]
2020-05-16 15:58:12,883 [INFO] ThirdPartyModel:521 - Component with status : MCU_INCOMPATIBLE for condition : ARMCM0+ CMSIS id : 1578402155179
2020-05-16 15:58:12,883 [INFO] DependencyParser:785 - This component is not compatible with the current MCU : [1578402158161, 1578402155930]
2020-05-16 15:58:12,883 [INFO] ThirdPartyModel:521 - Component with status : MCU_INCOMPATIBLE for condition : ARMCM0+ CMSIS id : 1578402155181
2020-05-16 15:58:12,883 [INFO] DependencyParser:785 - This component is not compatible with the current MCU : [1578402156743, 1578402155930]
2020-05-16 15:58:12,883 [INFO] ThirdPartyModel:521 - Component with status : MCU_INCOMPATIBLE for condition : ARMCM1 CMSIS id : 1578402155183
2020-05-16 15:58:12,883 [INFO] DependencyParser:785 - This component is not compatible with the current MCU : [1578402156743, 1578402155930]
2020-05-16 15:58:12,883 [INFO] ThirdPartyModel:521 - Component with status : MCU_INCOMPATIBLE for condition : ARMCM1 CMSIS id : 1578402155185
2020-05-16 15:58:12,883 [INFO] DependencyParser:785 - This component is not compatible with the current MCU : [1578402159197, 1578402155930]
2020-05-16 15:58:12,883 [INFO] ThirdPartyModel:521 - Component with status : MCU_INCOMPATIBLE for condition : ARMCM3 CMSIS id : 1578402155187
2020-05-16 15:58:12,883 [INFO] DependencyParser:785 - This component is not compatible with the current MCU : [1578402159197, 1578402155930]
2020-05-16 15:58:12,883 [INFO] ThirdPartyModel:521 - Component with status : MCU_INCOMPATIBLE for condition : ARMCM3 CMSIS id : 1578402155189
2020-05-16 15:58:12,883 [INFO] DependencyParser:785 - This component is not compatible with the current MCU : [1578402158615, 1578402155930]
2020-05-16 15:58:12,883 [INFO] ThirdPartyModel:521 - Component with status : MCU_INCOMPATIBLE for condition : ARMCM4 CMSIS id : 1578402155191
2020-05-16 15:58:12,883 [INFO] DependencyParser:785 - This component is not compatible with the current MCU : [1578402158615, 1578402155930]
2020-05-16 15:58:12,883 [INFO] ThirdPartyModel:521 - Component with status : MCU_INCOMPATIBLE for condition : ARMCM4 CMSIS id : 1578402155193
2020-05-16 15:58:12,883 [INFO] DependencyParser:785 - This component is not compatible with the current MCU : [1578402158455, 1578402155930]
2020-05-16 15:58:12,883 [INFO] ThirdPartyModel:521 - Component with status : MCU_INCOMPATIBLE for condition : ARMCM7 CMSIS id : 1578402155195
2020-05-16 15:58:12,883 [INFO] DependencyParser:785 - This component is not compatible with the current MCU : [1578402158455, 1578402155930]
2020-05-16 15:58:12,883 [INFO] ThirdPartyModel:521 - Component with status : MCU_INCOMPATIBLE for condition : ARMCM7 CMSIS id : 1578402155197
2020-05-16 15:58:12,883 [INFO] DependencyParser:785 - This component is not compatible with the current MCU : [1578402156016, 1578402155930]
2020-05-16 15:58:12,883 [INFO] ThirdPartyModel:521 - Component with status : MCU_INCOMPATIBLE for condition : ARMCM23 CMSIS id : 1578402155199
2020-05-16 15:58:12,883 [INFO] DependencyParser:785 - This component is not compatible with the current MCU : [1578402156016, 1578402155930]
2020-05-16 15:58:12,883 [INFO] ThirdPartyModel:521 - Component with status : MCU_INCOMPATIBLE for condition : ARMCM23 CMSIS id : 1578402155201
2020-05-16 15:58:12,899 [INFO] DependencyParser:785 - This component is not compatible with the current MCU : [1578402157957, 1578402155930]
2020-05-16 15:58:12,899 [INFO] ThirdPartyModel:521 - Component with status : MCU_INCOMPATIBLE for condition : ARMCM33 CMSIS id : 1578402155203
2020-05-16 15:58:12,899 [INFO] DependencyParser:785 - This component is not compatible with the current MCU : [1578402157957, 1578402155930]
2020-05-16 15:58:12,899 [INFO] ThirdPartyModel:521 - Component with status : MCU_INCOMPATIBLE for condition : ARMCM33 CMSIS id : 1578402155205
2020-05-16 15:58:12,899 [INFO] DependencyParser:785 - This component is not compatible with the current MCU : [1578402159241, 1578402155930]
2020-05-16 15:58:12,899 [INFO] ThirdPartyModel:521 - Component with status : MCU_INCOMPATIBLE for condition : ARMCM35P CMSIS id : 1578402155207
2020-05-16 15:58:12,899 [INFO] DependencyParser:785 - This component is not compatible with the current MCU : [1578402159241, 1578402155930]
2020-05-16 15:58:12,899 [INFO] ThirdPartyModel:521 - Component with status : MCU_INCOMPATIBLE for condition : ARMCM35P CMSIS id : 1578402155209
2020-05-16 15:58:12,899 [INFO] DependencyParser:785 - This component is not compatible with the current MCU : [1578402158831, 1578402155930]
2020-05-16 15:58:12,899 [INFO] ThirdPartyModel:521 - Component with status : MCU_INCOMPATIBLE for condition : ARMSC000 CMSIS id : 1578402155211
2020-05-16 15:58:12,899 [INFO] DependencyParser:785 - This component is not compatible with the current MCU : [1578402158831, 1578402155930]
2020-05-16 15:58:12,899 [INFO] ThirdPartyModel:521 - Component with status : MCU_INCOMPATIBLE for condition : ARMSC000 CMSIS id : 1578402155213
2020-05-16 15:58:12,899 [INFO] DependencyParser:785 - This component is not compatible with the current MCU : [1578402158639, 1578402155930]
2020-05-16 15:58:12,899 [INFO] ThirdPartyModel:521 - Component with status : MCU_INCOMPATIBLE for condition : ARMSC300 CMSIS id : 1578402155215
2020-05-16 15:58:12,899 [INFO] DependencyParser:785 - This component is not compatible with the current MCU : [1578402158639, 1578402155930]
2020-05-16 15:58:12,899 [INFO] ThirdPartyModel:521 - Component with status : MCU_INCOMPATIBLE for condition : ARMSC300 CMSIS id : 1578402155217
2020-05-16 15:58:12,899 [INFO] DependencyParser:785 - This component is not compatible with the current MCU : [1578402157062, 1578402155930]
2020-05-16 15:58:12,899 [INFO] ThirdPartyModel:521 - Component with status : MCU_INCOMPATIBLE for condition : ARMv8MBL CMSIS id : 1578402155219
2020-05-16 15:58:12,899 [INFO] DependencyParser:785 - This component is not compatible with the current MCU : [1578402157062, 1578402155930]
2020-05-16 15:58:12,899 [INFO] ThirdPartyModel:521 - Component with status : MCU_INCOMPATIBLE for condition : ARMv8MBL CMSIS id : 1578402155221
2020-05-16 15:58:12,899 [INFO] DependencyParser:785 - This component is not compatible with the current MCU : [1578402157697, 1578402155930]
2020-05-16 15:58:12,899 [INFO] ThirdPartyModel:521 - Component with status : MCU_INCOMPATIBLE for condition : ARMv8MML CMSIS id : 1578402155223
2020-05-16 15:58:12,899 [INFO] DependencyParser:785 - This component is not compatible with the current MCU : [1578402157697, 1578402155930]
2020-05-16 15:58:12,899 [INFO] ThirdPartyModel:521 - Component with status : MCU_INCOMPATIBLE for condition : ARMv8MML CMSIS id : 1578402155225
2020-05-16 15:58:12,899 [INFO] DependencyParser:785 - This component is not compatible with the current MCU : [1578402159305, 1578402155930]
2020-05-16 15:58:12,899 [INFO] ThirdPartyModel:521 - Component with status : MCU_INCOMPATIBLE for condition : ARMv81MML CMSIS id : 1578402155227
2020-05-16 15:58:12,899 [INFO] DependencyParser:785 - This component is not compatible with the current MCU : [1578402156248, 1578402155930]
2020-05-16 15:58:12,899 [INFO] ThirdPartyModel:521 - Component with status : MCU_INCOMPATIBLE for condition : ARMCA5 CMSIS id : 1578402155229
2020-05-16 15:58:12,899 [INFO] DependencyParser:785 - This component is not compatible with the current MCU : [1578402158510, 1578402155930]
2020-05-16 15:58:12,899 [INFO] ThirdPartyModel:521 - Component with status : MCU_INCOMPATIBLE for condition : ARMCA7 CMSIS id : 1578402155231
2020-05-16 15:58:12,899 [INFO] DependencyParser:785 - This component is not compatible with the current MCU : [1578402158819, 1578402155930]
2020-05-16 15:58:12,899 [INFO] ThirdPartyModel:521 - Component with status : MCU_INCOMPATIBLE for condition : ARMCA9 CMSIS id : 1578402155233
2020-05-16 15:58:12,899 [INFO] DependencyParser:785 - This component is not compatible with the current MCU : [1578402155916]
2020-05-16 15:58:12,899 [INFO] ThirdPartyModel:521 - Component with status : MCU_INCOMPATIBLE for condition : OS Tick GTIM id : 1578402155243
2020-05-16 15:58:12,899 [INFO] DependencyParser:785 - This component is not compatible with the current MCU : [1578402158492, 1578402155999]
2020-05-16 15:58:12,899 [INFO] ThirdPartyModel:521 - Component with status : MCU_INCOMPATIBLE for condition : RTOS RTX IFX id : 1578402155317
2020-05-16 15:58:13,118 [INFO] DbMcusJson:90 - JSON generation date=Wed Apr 15 14:54:18 KST 2020 (1586930058)
2020-05-16 15:58:13,290 [WARN] ModelIntegratedPack:50 - Cannot find a middleware corresponding to integrated pack FreeRTOS
2020-05-16 15:58:13,368 [INFO] ThirdPartyDb:261 - Close Third Party DataBase File (C:/Users/wndks/.stm32cubemx/plugins/thirdparty/db/thirdparties_db.xml)
2020-05-16 15:58:14,477 [INFO] ThirdPartyDb:295 - Open Third Party DataBase File (C:/Users/wndks/.stm32cubemx/plugins/thirdparty/db/thirdparties_db.xml) : 16 ms. number of Sw pack : 16
2020-05-16 15:58:14,680 [INFO] ThirdPartyDb:261 - Close Third Party DataBase File (C:/Users/wndks/.stm32cubemx/plugins/thirdparty/db/thirdparties_db.xml)
2020-05-16 15:58:14,696 [INFO] DbMcus:171 - Found 1670 MCUs (1625 are supported by CubeMX, 1625 are visible in CubeMX)
2020-05-16 15:58:14,696 [INFO] ApiDb:147 - User favorites file not found: C:\Users\wndks/.stm32cubeide/favorites.mcus.txt
2020-05-16 15:58:14,696 [INFO] DbMcus:183 - Set 0 / 0 favorites MCUs
2020-05-16 15:58:14,727 [INFO] IntegrityCheckThread:98 - End integrity checks thread
2020-05-16 15:58:16,476 [INFO] DbMcusAds:143 - JSON generation date=Thu Apr 30 22:50:56 KST 2020 (1588254656)
2020-05-16 15:58:16,476 [INFO] LoadUrlFilesThread:161 - End of LoadServerUrlFiles without Thread
2020-05-16 15:58:16,508 [INFO] McuDetailPanel:181 - Set advertising image to C:/Users/wndks/STM32Cube/Repository/\PR_STM32Cube_GitHub_0320_V1.png
2020-05-16 15:58:17,226 [INFO] McuFilterPanel:249 - Update 0 favorites MCUs
2020-05-16 15:58:17,414 [INFO] DbBoardsPdsc:92 - Found 22 items
2020-05-16 15:58:17,429 [INFO] DbBoardsPdsc:92 - Found 9 items
2020-05-16 15:58:17,445 [INFO] DbBoardsPdsc:92 - Found 28 items
2020-05-16 15:58:17,445 [INFO] DbBoardsPdsc:92 - Found 1 items
2020-05-16 15:58:17,461 [INFO] DbBoardsPdsc:92 - Found 40 items
2020-05-16 15:58:17,492 [INFO] DbBoardsPdsc:92 - Found 39 items
2020-05-16 15:58:17,492 [INFO] DbBoardsPdsc:92 - Found 2 items
2020-05-16 15:58:17,507 [INFO] DbBoardsPdsc:92 - Found 4 items
2020-05-16 15:58:17,507 [WARN] DbBoardsPdsc:256 - Board STM32H7B3I-DK: unknown feature type=Audio, name=, username=Audio stereo codec with Headphone Amp (CS42L51-CNZ), n=1
2020-05-16 15:58:17,507 [WARN] DbBoardsPdsc:256 - Board STM32H7B3I-DK: unknown feature type=WIFI, name=, username=WIFI 802.11 b/g/n, n=1
2020-05-16 15:58:17,507 [WARN] DbBoardsPdsc:256 - Board STM32H7B3I-EVAL: unknown feature type=Audio, name=, username=Multi-Channel Audio Codec (CS42L51-CNZ), n=1
2020-05-16 15:58:17,507 [WARN] DbBoardsPdsc:256 - Board STM32H7B3I-EVAL: unknown feature type=Meter, name=, username=Power-metering and Temperature-monitoring with sigma-delta modulators, n=1
2020-05-16 15:58:17,507 [WARN] DbBoardsPdsc:256 - Board STM32H7B3I-EVAL: unknown feature type=WIFI, name=, username=WIFI 802.11 a/b/g/n, n=1
2020-05-16 15:58:17,507 [WARN] DbBoardsPdsc:256 - Board STM32H7B3I-EVAL: unknown feature type=Motor, name=, username=Motor Control, n=1
2020-05-16 15:58:17,570 [INFO] DbBoardsJson:80 - JSON generation date=Tue Feb 11 22:53:55 KST 2020 (1581429235)
2020-05-16 15:58:17,570 [INFO] DbBoards:120 - Found 145 boards (142 are supported by CubeMX)
2020-05-16 15:58:17,601 [INFO] DbBoardsDocs:131 - JSON generation date=Wed Apr 15 14:54:18 KST 2020 (1586930058)
2020-05-16 15:58:17,601 [INFO] DbBoardsDocs:70 - Found 157 boards documents
2020-05-16 15:58:17,601 [WARN] DbBoards:130 - board NUCLEO-H743ZI2 has no document id list !
2020-05-16 15:58:17,601 [WARN] DbBoards:130 - board NUCLEO-L4P5ZG has no document id list !
2020-05-16 15:58:17,617 [WARN] DbBoards:130 - board P-NUCLEO-WB55-Nucleo has no document id list !
2020-05-16 15:58:17,617 [WARN] DbBoards:130 - board P-NUCLEO-WB55-USBDongle has no document id list !
2020-05-16 15:58:17,617 [WARN] DbBoards:130 - board NUCLEO-WB35CE has no document id list !
2020-05-16 15:58:17,617 [WARN] DbBoards:130 - board STM32F401C-DISCO has no document id list !
2020-05-16 15:58:17,617 [WARN] DbBoards:130 - board STM32F769I-DISC1 has no document id list !
2020-05-16 15:58:17,617 [WARN] DbBoards:152 - board STM32F723E-DISCO / document id not found: 4598
2020-05-16 15:58:17,617 [WARN] DbBoards:130 - board STM32L-DISCOVERY has no document id list !
2020-05-16 15:58:17,617 [WARN] DbBoards:152 - board STM32L496G-DISCO / document id not found: 4598
2020-05-16 15:58:17,617 [WARN] DbBoards:152 - board STM32H747I-DISCO / document id not found: 4598
2020-05-16 15:58:17,617 [WARN] DbBoards:130 - board STM32H747I-DISC1 has no document id list !
2020-05-16 15:58:17,617 [WARN] DbBoards:152 - board STM32H745I-DISCO / document id not found: 4598
2020-05-16 15:58:17,617 [WARN] DbBoards:152 - board STM32H750B-DK / document id not found: 4598
2020-05-16 15:58:17,617 [WARN] DbBoards:152 - board STM32H7B3I-DK / document id not found: 4598
2020-05-16 15:58:17,617 [WARN] DbBoards:152 - board STM32L4R9I-DISCO / document id not found: 4598
2020-05-16 15:58:17,617 [WARN] DbBoards:130 - board STM32MP157A-DK1 has no document id list !
2020-05-16 15:58:17,617 [WARN] DbBoards:152 - board STM32L562E-DK / document id not found: 4598
2020-05-16 15:58:17,617 [WARN] DbBoards:130 - board STM32L4P5G-DK has no document id list !
2020-05-16 15:58:17,617 [WARN] DbBoards:130 - board STM32091C-EVAL has no document id list !
2020-05-16 15:58:17,617 [WARN] DbBoards:130 - board STM3210C-EVAL has no document id list !
2020-05-16 15:58:17,617 [WARN] DbBoards:130 - board STM32100E-EVAL has no document id list !
2020-05-16 15:58:17,617 [WARN] DbBoards:130 - board STM3221G-EVAL has no document id list !
2020-05-16 15:58:17,617 [WARN] DbBoards:130 - board STM32303C-EVAL has no document id list !
2020-05-16 15:58:17,617 [WARN] DbBoards:130 - board STM32L152D-EVAL has no document id list !
2020-05-16 15:58:17,617 [WARN] DbBoards:130 - board STM32746G-EVAL2 has no document id list !
2020-05-16 15:58:17,617 [WARN] DbBoards:130 - board STM32F779I-EVAL has no document id list !
2020-05-16 15:58:17,617 [WARN] DbBoards:130 - board STM32479I-EVAL has no document id list !
2020-05-16 15:58:17,617 [WARN] DbBoards:130 - board STM32H743I-EVAL2 has no document id list !
2020-05-16 15:58:17,617 [WARN] DbBoards:152 - board STM32H7B3I-EVAL / document id not found: 4596
2020-05-16 15:58:17,617 [WARN] DbBoards:130 - board STM32H753I-EVAL2 has no document id list !
2020-05-16 15:58:17,617 [WARN] DbBoards:130 - board STM32G474E-EVAL1 has no document id list !
2020-05-16 15:58:17,617 [WARN] DbBoards:130 - board STEVAL-BFA001V1B has no document id list !
2020-05-16 15:58:17,617 [WARN] DbBoards:130 - board STEVAL-BFA001V2B has no document id list !
2020-05-16 15:58:17,617 [WARN] DbBoards:130 - board STEVAL-MKSBOX1V1 has no document id list !
2020-05-16 15:58:17,617 [WARN] DbBoards:130 - board STEVAL-STWINKT1 has no document id list !
2020-05-16 15:58:17,617 [WARN] DbBoards:130 - board STEVAL-IDP005V1 has no document id list !
2020-05-16 15:58:17,617 [WARN] DbBoards:130 - board STEVAL-IDP005V2 has no document id list !
2020-05-16 15:58:19,694 [INFO] ApiDb:147 - User favorites file not found: C:\Users\wndks/.stm32cubeide/favorites.boards.txt
2020-05-16 15:58:19,694 [INFO] DbBoards:209 - Set 0 / 0 favorites Boards
2020-05-16 15:58:19,804 [INFO] LoadUrlFilesThread:161 - End of LoadServerUrlFiles without Thread
2020-05-16 15:58:19,804 [INFO] BoardDetailPanel:180 - Set advertising image to C:/Users/wndks/STM32Cube/Repository/\PR_STM32Cube_GitHub_0320_V1.png
2020-05-16 15:58:19,835 [INFO] BoardFilterPanel:211 - Update 0 favorites Boards
2020-05-16 15:58:20,007 [INFO] CrossSelectorPresenter:1319 - Cross Selector saved comparison directory: C:\Users\wndks\.stmcufinder\plugins\mcufinder\mcu\cs_comparisons_mx
2020-05-16 15:59:11,501 [INFO] LogOutputStream:76 - [STDOUT_REDIRECT] withoutVersionV1.25.0
2020-05-16 15:59:16,421 [INFO] LogOutputStream:76 - [STDOUT_REDIRECT] File copied successfully!!
2020-05-16 15:59:54,986 [INFO] MainUpdater:2230 - connection check result : 10
2020-05-16 15:59:55,079 [INFO] MicroXplorer:390 - Change Database Path : 
2020-05-16 15:59:55,079 [INFO] MicroXplorer:420 - Change Database Version : DB.5.0.60
2020-05-16 15:59:55,079 [INFO] PinOutPanel:1420 - setPackage(No Configuration,No Configuration)
2020-05-16 15:59:55,079 [INFO] UtilMem:74 - Begin LoadConfig() Used Memory: 299316960 Bytes (384827392)
2020-05-16 15:59:55,079 [INFO] OpenFileManager:274 - Change cursor
2020-05-16 16:00:00,328 [INFO] Rule:211 - rule SPDIFRX instance for mcu is applicable
2020-05-16 16:00:00,328 [INFO] Rule:211 - rule Rename Tracer Mode is applicable
2020-05-16 16:00:00,328 [INFO] Rule:211 - rule SPDIFRX instance value for IP SPDIFRX is applicable
2020-05-16 16:00:00,328 [INFO] Rule:211 - rule SPDIFRX instance for signal is applicable
2020-05-16 16:00:00,328 [INFO] Rule:211 - rule SPDIFRX instance for project manager is applicable
2020-05-16 16:00:00,328 [INFO] Rule:211 - rule SPDIFRX instance for project manager is applicable
2020-05-16 16:00:00,328 [INFO] Rule:211 - rule ADC Scan  fix with FW F7 is applicable
2020-05-16 16:00:00,328 [INFO] Rule:211 - rule ADC Scan  fix with FW F7 is applicable
2020-05-16 16:00:00,328 [INFO] Rule:211 - rule Add RTC Activate Clock Source is applicable
2020-05-16 16:00:00,328 [INFO] Rule:211 - rule Add RTC Activate Calendar 1 is applicable
2020-05-16 16:00:00,328 [INFO] Rule:211 - rule Add RTC Activate Calendar 2 is applicable
2020-05-16 16:00:00,328 [INFO] Rule:211 - rule Add RTC Activate Calendar 3 is applicable
2020-05-16 16:00:00,328 [INFO] Rule:211 - rule UART/USART TX Mode is applicable
2020-05-16 16:00:00,328 [INFO] Rule:211 - rule UART/USART RX Mode is applicable
2020-05-16 16:00:00,328 [INFO] Rule:211 - rule UART/USART RX TX Mode is applicable
2020-05-16 16:00:00,328 [INFO] Rule:211 - rule UART/USART PARITY NONE is applicable
2020-05-16 16:00:00,328 [INFO] Rule:211 - rule UART/USART PARITY EVEN is applicable
2020-05-16 16:00:00,328 [INFO] Rule:211 - rule UART/USART PARITY ODD is applicable
2020-05-16 16:00:00,328 [INFO] Rule:211 - rule USART StopBits 1 is applicable
2020-05-16 16:00:00,328 [INFO] Rule:211 - rule USART StopBits 2 is applicable
2020-05-16 16:00:00,328 [INFO] Rule:211 - rule USART StopBits 1.5 is applicable
2020-05-16 16:00:00,328 [INFO] Rule:211 - rule USART StopBits 0.5 is applicable
2020-05-16 16:00:00,328 [INFO] Rule:211 - rule UART/USART WORD LENGTH 7 is applicable
2020-05-16 16:00:00,328 [INFO] Rule:211 - rule UART/USART WORD LENGTH 8 is applicable
2020-05-16 16:00:00,328 [INFO] Rule:211 - rule UART/USART WORD LENGTH 9 is applicable
2020-05-16 16:00:00,328 [INFO] Rule:211 - rule Rename FMC NAND NCE signal is applicable
2020-05-16 16:00:00,328 [INFO] Rule:211 - rule Rename FMC NAND INT signal is applicable
2020-05-16 16:00:00,344 [INFO] Rule:211 - rule Change Default Value for ADC ExternalTrigConv L4 family is applicable
2020-05-16 16:00:00,344 [INFO] Rule:211 - rule Change Default Value for ADC ExternalTrigInjecConv L4 family is applicable
2020-05-16 16:00:00,344 [INFO] Rule:211 - rule Change Default Value for ADC ExternalTrigConv F3 family is applicable
2020-05-16 16:00:00,344 [INFO] Rule:211 - rule Change Default Value for ADC ExternalTrigInjecConv F3 family is applicable
2020-05-16 16:00:00,344 [INFO] Rule:211 - rule Change Default Value for ADC ExternalTrigConv Goldfish serie is applicable
2020-05-16 16:00:00,344 [INFO] Rule:211 - rule Change Default Value for ADC ExternalTrigInjecConv Goldfish serie is applicable
2020-05-16 16:00:00,344 [INFO] Rule:211 - rule Change Default Value for ADC ExternalTrigConv L0 family is applicable
2020-05-16 16:00:00,344 [INFO] Rule:211 - rule Change Default Value for ADC ExternalTrigConv F0 family is applicable
2020-05-16 16:00:00,344 [INFO] Rule:211 - rule Change Default Value for ADC ExternalTrigConvn L1 family is applicable
2020-05-16 16:00:00,344 [INFO] Rule:211 - rule Change Default Value for ADC ExternalTrigInjecConv L1 family is applicable
2020-05-16 16:00:00,344 [INFO] Rule:211 - rule Change Default Value for ADC ExternalTrigConv F1 family is applicable
2020-05-16 16:00:00,344 [INFO] Rule:211 - rule Change Default Value for ADC ExternalTrigInjecConv F1 family is applicable
2020-05-16 16:00:00,344 [INFO] Rule:211 - rule Change Default Value for ADC ExternalTrigConv F7 family is applicable
2020-05-16 16:00:00,344 [INFO] Rule:211 - rule Change Default Value for ADC ExternalTrigInjecConv F7 family is applicable
2020-05-16 16:00:00,344 [INFO] Rule:211 - rule Change Default Value for ADC ExternalTrigConv F4 and F2 family is applicable
2020-05-16 16:00:00,344 [INFO] Rule:211 - rule Change Default Value for ADC ExternalTrigInjecConv F4 and F2 family is applicable
2020-05-16 16:00:00,344 [INFO] Rule:211 - rule ADC SamplingTime fix with FW L0  is applicable
2020-05-16 16:00:00,344 [INFO] Rule:211 - rule ADC SamplingTime fix with FW L0  is applicable
2020-05-16 16:00:00,344 [INFO] Rule:211 - rule ADC SamplingTime fix with FW L0 is applicable
2020-05-16 16:00:00,344 [INFO] Rule:211 - rule ADC SamplingTime fix with FW L0 is applicable
2020-05-16 16:00:00,344 [INFO] Rule:211 - rule ADC SamplingTime fix with FW L0  is applicable
2020-05-16 16:00:00,344 [INFO] Rule:211 - rule ADC SamplingTime fix with FW L0 is applicable
2020-05-16 16:00:00,344 [INFO] Rule:211 - rule Rename USB_OE Signal is applicable
2020-05-16 16:00:00,344 [INFO] Rule:211 - rule Rename Activate_OE Mode is applicable
2020-05-16 16:00:00,344 [INFO] Rule:211 - rule Rename DIE462/DIE415 pin PC14/OSC32_IN -> PC14-OSC32_IN (PC14) is applicable
2020-05-16 16:00:00,344 [INFO] Rule:211 - rule Rename DIE462/DIE415 pin PC15/OSC32_OUT -> PC15-OSC32_OUT (PC15) is applicable
2020-05-16 16:00:00,344 [INFO] Rule:211 - rule Rename DIE462/DIE415 pin PH0/OSC_IN -> PH0-OSC_IN (PH0) is applicable
2020-05-16 16:00:00,344 [INFO] Rule:211 - rule Rename DIE462/DIE415 pin PH1/OSC_OUT -> PH1-OSC_OUT (PH1) is applicable
2020-05-16 16:00:00,344 [INFO] Rule:211 - rule Rename DIE462 pin PA13 -> PA13 (JTMS/SWDIO) is applicable
2020-05-16 16:00:00,344 [INFO] Rule:211 - rule Rename DIE415 pin PA13 -> PA13 (JTMS/SWDIO) is applicable
2020-05-16 16:00:00,344 [INFO] Rule:211 - rule Rename DIE462 pin PA14 -> PA14 (JTCK/SWCLK) is applicable
2020-05-16 16:00:00,344 [INFO] Rule:211 - rule Rename DIE415 pin PA14 -> PA14 (JTCK/SWCLK) is applicable
2020-05-16 16:00:00,344 [INFO] Rule:211 - rule Rename DIE462/DIE415 pin PA15 -> PA15 (JTDI) is applicable
2020-05-16 16:00:00,344 [INFO] Rule:211 - rule Rename DIE462 pin PB3 -> PB3 (JTD0/TRACESWO) is applicable
2020-05-16 16:00:00,344 [INFO] Rule:211 - rule Rename DIE415 pin PB3 -> PB3 (JTD0-TRACESWO) is applicable
2020-05-16 16:00:00,344 [INFO] Rule:211 - rule Rename DIE462/DIE415 pin PB4 -> PB4 (NJTRST) is applicable
2020-05-16 16:00:00,344 [INFO] Rule:211 - rule Rename DIE462 pin PH3/BOOT0 -> PH3-BOOT0 (BOOT0) is applicable
2020-05-16 16:00:00,344 [INFO] Rule:211 - rule Rename CRYP DataEncryptionTypesList to Algorithm is applicable
2020-05-16 16:00:00,344 [INFO] Rule:211 - rule Rename AES DataEncryptionTypesList to Algorithm is applicable
2020-05-16 16:00:00,344 [INFO] Rule:211 - rule Rename TDESECB to CRYP_TDES_ECB is applicable
2020-05-16 16:00:00,344 [INFO] Rule:211 - rule Rename TDESCBC to CRYP_TDES_CBC is applicable
2020-05-16 16:00:00,359 [INFO] Rule:211 - rule Rename DESECB to CRYP_DES_ECB is applicable
2020-05-16 16:00:00,359 [INFO] Rule:211 - rule Rename DESCBC to CRYP_DES_CBC is applicable
2020-05-16 16:00:00,359 [INFO] Rule:211 - rule Rename AESECB to CRYP_AES_ECB is applicable
2020-05-16 16:00:00,359 [INFO] Rule:211 - rule Rename AESCBC to CRYP_AES_CBC is applicable
2020-05-16 16:00:00,359 [INFO] Rule:211 - rule Rename AESCTR to CRYP_AES_CTR is applicable
2020-05-16 16:00:00,359 [INFO] Rule:211 - rule Rename AESGCM to CRYP_AES_GCM is applicable
2020-05-16 16:00:00,359 [INFO] Rule:211 - rule Rename AESCCM to CRYP_AES_CCM is applicable
2020-05-16 16:00:00,359 [INFO] Rule:211 - rule Rename CAN TimeSeg1 to BS1 is applicable
2020-05-16 16:00:00,359 [INFO] Rule:211 - rule Rename CAN TimeSeg2 to BS2 is applicable
2020-05-16 16:00:00,359 [INFO] Rule:211 - rule Rename CAN SyncJumpWidth to SJW is applicable
2020-05-16 16:00:00,359 [INFO] Rule:211 - rule TimeTriggeredMode to TTCM is applicable
2020-05-16 16:00:00,359 [INFO] Rule:211 - rule Rename CAN AutoBusOff to ABOM is applicable
2020-05-16 16:00:00,359 [INFO] Rule:211 - rule Rename CAN AutoWakeUp to AWUM is applicable
2020-05-16 16:00:00,359 [INFO] Rule:211 - rule Rename CAN AutoRetransmission to NART is applicable
2020-05-16 16:00:00,359 [INFO] Rule:211 - rule Rename CAN ReceiveFifoLocked to RFLM is applicable
2020-05-16 16:00:00,359 [INFO] Rule:211 - rule Rename CAN TransmitFifoPriority to TXFP is applicable
2020-05-16 16:00:00,359 [INFO] Rule:211 - rule Rename HRTIMER HRTIM_OUTPUTFAULTLEVEL_HIGH in HRTIMER HRTIM_OUTPUTFAULTLEVEL_HIGHZ is applicable
2020-05-16 16:00:00,359 [INFO] Rule:211 - rule Rename TIMER TIM_CLEARINPUTSOURCE_OCREFCLR in  TIMER TIM_CLEARINPUTSOURCE_NONE for F7 family is applicable
2020-05-16 16:00:00,359 [INFO] Rule:211 - rule FDCAN_R1 - Rename FDCAN mode Master into Classic is applicable
2020-05-16 16:00:00,359 [INFO] Rule:211 - rule FDCAN_R2 - Rename FDCAN mode Slave into Classic is applicable
2020-05-16 16:00:00,359 [INFO] Rule:211 - rule FDCAN1_R3 - if PA10.Mode=FullDuplex, add Pin PA12 is applicable
2020-05-16 16:00:00,359 [INFO] Rule:211 - rule FDCAN1_R3 - if PA9.Mode=FullDuplex, add Pin PA11 is applicable
2020-05-16 16:00:00,359 [INFO] Rule:211 - rule FDCAN1_R3 - Alternatepin_1 - if PE1.Mode=FullDuplex, add Pin PB9 is applicable
2020-05-16 16:00:00,359 [INFO] Rule:211 - rule FDCAN1_R3 - Alternatepin_1 - if PE0.Mode=FullDuplex, add Pin PB8 is applicable
2020-05-16 16:00:00,359 [INFO] Rule:211 - rule FDCAN1_R3 - Alternatepin_2 - if PD5.Mode=FullDuplex, add Pin PD1 is applicable
2020-05-16 16:00:00,359 [INFO] Rule:211 - rule FDCAN1_R3 - Alternatepin_2 - if PD4.Mode=FullDuplex, add Pin PD0 is applicable
2020-05-16 16:00:00,359 [INFO] Rule:211 - rule FDCAN1_R4 - Rename Mode FullDuplex into Enable FDCAN_TXFD for pin PA10 is applicable
2020-05-16 16:00:00,359 [INFO] Rule:211 - rule FDCAN1_R4 - Rename Mode FullDuplex into Enable FDCAN_TXFD for pin PA9 is applicable
2020-05-16 16:00:00,359 [INFO] Rule:211 - rule FDCAN1_R4 - Alternatepin_1 - Rename Mode FullDuplex into Enable FDCAN_TXFD for pin PE1 is applicable
2020-05-16 16:00:00,359 [INFO] Rule:211 - rule FDCAN1_R4 - Alternatepin_1 - Rename Mode FullDuplex into Enable FDCAN_TXFD for pin PE0 is applicable
2020-05-16 16:00:00,359 [INFO] Rule:211 - rule FDCAN1_R4 - Alternatepin_2 - Rename Mode FullDuplex into Enable FDCAN_TXFD for pin PD5 is applicable
2020-05-16 16:00:00,359 [INFO] Rule:211 - rule FDCAN1_R4 - Alternatepin_2 - Rename Mode FullDuplex into Enable FDCAN_TXFD for pin PD4 is applicable
2020-05-16 16:00:00,359 [INFO] Rule:211 - rule FDCAN2_R3 - if PD10.Mode=FullDuplex, add Pin PB13 is applicable
2020-05-16 16:00:00,359 [INFO] Rule:211 - rule FDCAN2_R3 - if PD9.Mode=FullDuplex, add Pin PB12 is applicable
2020-05-16 16:00:00,359 [INFO] Rule:211 - rule FDCAN2_R3 - Alternatepin_1 - if PB7.Mode=FullDuplex, add Pin PB6 is applicable
2020-05-16 16:00:00,359 [INFO] Rule:211 - rule FDCAN2_R3 - Alternatepin_1 - if PD9.Mode=FullDuplex, add Pin PB12 is applicable
2020-05-16 16:00:00,359 [INFO] Rule:211 - rule FDCAN2_R4 - Rename Mode FullDuplex into Enable FDCAN_TXFD for pin PD10 is applicable
2020-05-16 16:00:00,359 [INFO] Rule:211 - rule FDCAN2_R4 - Rename Mode FullDuplex into Enable FDCAN_TXFD for pin PD9 is applicable
2020-05-16 16:00:00,359 [INFO] Rule:211 - rule FDCAN2_R4 - Alternatepin_1 - Rename Mode FullDuplex into Enable FDCAN_TXFD for pin PB7 is applicable
2020-05-16 16:00:00,359 [INFO] Rule:211 - rule FDCAN2_R4 - Alternatepin_1 - Rename Mode FullDuplex into Enable FDCAN_TXFD for pin PD6 is applicable
2020-05-16 16:00:00,359 [INFO] Rule:211 - rule USART TxPinLevelInvertParam Mode is applicable
2020-05-16 16:00:00,359 [INFO] Rule:211 - rule USART RxPinLevelInvertParam Mode is applicable
2020-05-16 16:00:00,359 [INFO] Rule:211 - rule USART DataInvertParam Mode is applicable
2020-05-16 16:00:00,359 [INFO] Rule:211 - rule USART SwapParam Mode is applicable
2020-05-16 16:00:00,359 [INFO] Rule:211 - rule USART OverrunDisableParam Mode is applicable
2020-05-16 16:00:00,359 [INFO] Rule:211 - rule USART DMADisableonRxErrorParam Mode is applicable
2020-05-16 16:00:00,359 [INFO] Rule:211 - rule USART MSBFirstParam Mode is applicable
2020-05-16 16:00:00,359 [INFO] Rule:211 - rule Update MwName for USB_DEVICE is applicable
2020-05-16 16:00:00,359 [INFO] Rule:211 - rule Change PWR_Regulator_Voltage_Scale Default Value for RCC  H7 family is applicable
2020-05-16 16:00:00,359 [INFO] Rule:211 - rule UART/USART IPParameter rename Prescaler parameter to ClockPrescaler is applicable
2020-05-16 16:00:00,359 [INFO] Rule:211 - rule UART/USART Prescaler rename Prescaler parameter to ClockPrescaler is applicable
2020-05-16 16:00:00,359 [INFO] Rule:211 - rule TIM1CLockSelection is applicable
2020-05-16 16:00:00,359 [INFO] Rule:211 - rule TIM15CLockSelection is applicable
2020-05-16 16:00:00,359 [INFO] Rule:211 - rule align RCC SDMMC3CLockSelection default value on MP1 is applicable
2020-05-16 16:00:00,359 [INFO] Rule:211 - rule align RCC SDMMC12CLockSelection default value on MP1 is applicable
2020-05-16 16:00:00,359 [INFO] Rule:211 - rule align RCC QSPICLockSelection default value on MP1 is applicable
2020-05-16 16:00:00,359 [INFO] Rule:211 - rule align RCC QSPICLockSelection default value on MP1 is applicable
2020-05-16 16:00:00,359 [INFO] Rule:211 - rule align RCC SPI6CLockSelection default value on MP1 is applicable
2020-05-16 16:00:00,359 [INFO] Rule:211 - rule align RCC LPTIM23CLockSelection default value on MP1 is applicable
2020-05-16 16:00:00,359 [INFO] Rule:211 - rule align RCC LPTIM1CLockSelection default value on MP1 is applicable
2020-05-16 16:00:00,359 [INFO] Rule:211 - rule align RCC USART1CLockSelection default value on MP1 is applicable
2020-05-16 16:00:00,359 [INFO] Rule:211 - rule align RCC USART24CLockSelection default value on MP1 is applicable
2020-05-16 16:00:00,359 [INFO] Rule:211 - rule align RCC USART6CLockSelection default value on MP1 is applicable
2020-05-16 16:00:00,359 [INFO] Rule:211 - rule align RCC UART78CLockSelection default value on MP1 is applicable
2020-05-16 16:00:00,359 [INFO] Rule:211 - rule align RCC USART35CLockSelection default value on MP1 is applicable
2020-05-16 16:00:00,359 [INFO] Rule:211 - rule align RCC SPI45CLockSelection default value on MP1 is applicable
2020-05-16 16:00:00,359 [INFO] Rule:211 - rule align RCC I2C46CLockSelection BCLK value on MP1 is applicable
2020-05-16 16:00:00,359 [INFO] Rule:211 - rule align RCC SPI45CLockSelection default value on MP1 is applicable
2020-05-16 16:00:00,359 [INFO] Rule:211 - rule align RCC I2C12CLockSelection default value on MP1 is applicable
2020-05-16 16:00:00,359 [INFO] Rule:211 - rule align RCC I2C35CLockSelection default value on MP1 is applicable
2020-05-16 16:00:00,359 [INFO] Rule:211 - rule align RCC LPTIM45CLockSelection default value on MP1 is applicable
2020-05-16 16:00:00,359 [INFO] Rule:211 - rule Rename DCMI PIXCK signal is applicable
2020-05-16 16:00:00,359 [INFO] Rule:211 - rule Change Default Value for I2C46CLockSelection MP1 family is applicable
2020-05-16 16:00:00,359 [INFO] Rule:211 - rule Change Default Value for UART for G4, G0 and WB families is applicable
2020-05-16 16:00:00,359 [INFO] Rule:211 - rule Change Default Value for USART for G4, G0 and WB families is applicable
2020-05-16 16:00:00,359 [INFO] Rule:211 - rule Change Default Value for USART for G4 family is applicable
2020-05-16 16:00:00,359 [INFO] Rule:211 - rule Change USART1CLockSelection refparam name for MP1 is applicable
2020-05-16 16:00:00,359 [INFO] Rule:211 - rule Change USART2CLockSelection refparam name for MP1 is applicable
2020-05-16 16:00:00,359 [INFO] Rule:211 - rule Change USART3CLockSelection refparam name for MP1 is applicable
2020-05-16 16:00:00,359 [INFO] Rule:211 - rule Change UART4CLockSelection refparam name for MP1 is applicable
2020-05-16 16:00:00,359 [INFO] Rule:211 - rule Change UART5CLockSelection refparam name for MP1 is applicable
2020-05-16 16:00:00,359 [INFO] Rule:211 - rule Change LPUART1CLockSelection refparam name for MP1 is applicable
2020-05-16 16:00:00,359 [INFO] Rule:211 - rule Change LPTIM1CLockSelection refparam name for MP1 is applicable
2020-05-16 16:00:00,359 [INFO] Rule:211 - rule Change LPTIM2CLockSelection refparam name for MP1 is applicable
2020-05-16 16:00:00,359 [INFO] Rule:211 - rule Change RCC_MCO1Source refparam name for MP1 is applicable
2020-05-16 16:00:00,359 [INFO] Rule:211 - rule Change LSCOSource1 refparam name for MP1 is applicable
2020-05-16 16:00:00,359 [INFO] Rule:211 - rule Change SMPSCLockSelection refparam name for MP1 is applicable
2020-05-16 16:00:00,359 [INFO] Rule:211 - rule Change LPTIM3CLockSelection refparam name for MP1 is applicable
2020-05-16 16:00:00,359 [INFO] Rule:211 - rule Change MPCBB* Default Template Mode to Parameters is applicable
2020-05-16 16:00:00,359 [INFO] Rule:211 - rule Change MPCWM* or MPCBB* Secure Mode to Parameters is applicable
2020-05-16 16:00:00,359 [INFO] Rule:211 - rule Change MPCWM* or MPCBB* No Secure Mode to Parameters is applicable
2020-05-16 16:00:00,359 [INFO] Rule:211 - rule Change TZSC IP Secure Mode to Parameters is applicable
2020-05-16 16:00:00,359 [INFO] Rule:211 - rule Change TZSC IP No Secure Mode to Parameters is applicable
2020-05-16 16:00:00,359 [INFO] Rule:211 - rule Change TZSC IP Privilege Mode to Parameters is applicable
2020-05-16 16:00:00,359 [INFO] Rule:211 - rule Change TZSC IP No Privilege Mode to Parameters is applicable
2020-05-16 16:00:00,359 [INFO] Rule:211 - rule Change TZIC IT Secure Mode to Parameters is applicable
2020-05-16 16:00:00,359 [INFO] Rule:211 - rule Change TZIC IT No Secure Mode to Parameters is applicable
2020-05-16 16:00:00,359 [INFO] Rule:211 - rule Add MPCBB1_NonSecureArea_Start_Address value with referenced to MPCBB1_NonSecureArea_Start value is applicable
2020-05-16 16:00:00,359 [INFO] Rule:211 - rule Add MPCBB2_NonSecureArea_Start_Address value with referenced to MPCBB2_NonSecureArea_Start value is applicable
2020-05-16 16:00:00,359 [INFO] Rule:211 - rule Add MPCWM1_NonSecureArea*_Start_Address value with referenced to MPCWM1_NonSecureArea*_Start value is applicable
2020-05-16 16:00:00,359 [INFO] Rule:211 - rule Add MPCWM2_NonSecureArea*_Start_Address value with referenced to MPCWM2_NonSecureArea*_Start value is applicable
2020-05-16 16:00:00,359 [INFO] Rule:211 - rule Add MPCWM3_NonSecureArea_Start_Address value with referenced to MPCWM3_NonSecureArea_Start value is applicable
2020-05-16 16:00:00,359 [INFO] Rule:211 - rule Change Default Value for PLL1UserDefinedConfig is applicable
2020-05-16 16:00:00,359 [INFO] Rule:211 - rule Change GPIO_PuPd Default Value for USART in async mode is applicable
2020-05-16 16:00:00,359 [INFO] Rule:211 - rule Change SMPSDivider Default Value is applicable
2020-05-16 16:00:00,391 [INFO] DbConfProperties:294 - Apply Compatibility (46/173 Rules)
2020-05-16 16:00:00,438 [INFO] ImportTextPane:162 - (OptionalMessage_ERROR) Unable to find key (Mcu.ThirdPartyNb) in loaded IOC file
2020-05-16 16:00:00,500 [INFO] ImportTextPane:162 - (OptionalMessage_ERROR) IP (RCC) : Parameter (48MHZClocksFreq_Value) has invalid value (84000000)
2020-05-16 16:00:00,516 [INFO] ImportTextPane:162 - (OptionalMessage_ERROR) IP (RCC) : Parameter (FLatency) has Id (AdvancedSettings) currently not set
2020-05-16 16:00:00,516 [INFO] ImportTextPane:162 - (OptionalMessage_ERROR) IP (RCC) : Parameter (RTCHSEDivFreq_Value) has invalid value (4000000)
2020-05-16 16:00:01,375 [INFO] UtilMem:74 - End LoadConfig() Used Memory: 271008432 Bytes (384827392)
2020-05-16 16:00:01,390 [INFO] ThirdPartyDb:295 - Open Third Party DataBase File (C:/Users/wndks/.stm32cubemx/plugins/thirdparty/db/thirdparties_db.xml) : 0 ms. number of Sw pack : 16
2020-05-16 16:00:01,390 [INFO] DependencyParser:785 - This component is not compatible with the current MCU : [1578402155916]
2020-05-16 16:00:01,390 [INFO] ThirdPartyModel:521 - Component with status : MCU_INCOMPATIBLE for condition : OS Tick GTIM id : 1578402155243
2020-05-16 16:00:01,390 [INFO] DependencyParser:785 - This component is not compatible with the current MCU : [1578402158492, 1578402155999]
2020-05-16 16:00:01,469 [INFO] ThirdParty:899 - CMSIS Pack Vendor :STMicroelectronics X-CUBE-SUBG2 1.1.0
2020-05-16 16:00:01,469 [INFO] ThirdParty:899 - CMSIS Pack Vendor :STMicroelectronics X-CUBE-SUBG2 1.0.0
2020-05-16 16:00:01,469 [INFO] ThirdParty:899 - CMSIS Pack Vendor :ARM CMSIS 5.6.0
2020-05-16 16:00:01,469 [INFO] ThirdParty:899 - CMSIS Pack Vendor :STMicroelectronics X-CUBE-NFC4 1.4.0
2020-05-16 16:00:01,469 [INFO] ThirdParty:899 - CMSIS Pack Vendor :STMicroelectronics X-CUBE-NFC4 1.5.1
2020-05-16 16:00:01,469 [INFO] ThirdParty:899 - CMSIS Pack Vendor :STMicroelectronics FreeRTOS 0.0.1
2020-05-16 16:00:01,469 [INFO] ThirdParty:899 - CMSIS Pack Vendor :STMicroelectronics X-CUBE-ALGOBUILD 1.0.0
2020-05-16 16:00:01,469 [INFO] ThirdParty:899 - CMSIS Pack Vendor :STMicroelectronics X-CUBE-MEMS1 6.2.0
2020-05-16 16:00:01,469 [INFO] ThirdParty:899 - CMSIS Pack Vendor :STMicroelectronics X-CUBE-AI 4.0.0
2020-05-16 16:00:01,469 [INFO] ThirdParty:899 - CMSIS Pack Vendor :STMicroelectronics X-CUBE-BLE1 4.4.0
2020-05-16 16:00:01,469 [INFO] ThirdParty:899 - CMSIS Pack Vendor :STMicroelectronics X-CUBE-MEMS1 7.0.0
2020-05-16 16:00:01,469 [INFO] ThirdParty:899 - CMSIS Pack Vendor :STMicroelectronics X-CUBE-GNSS1 3.0.0
2020-05-16 16:00:01,469 [INFO] ThirdParty:899 - CMSIS Pack Vendor :STMicroelectronics X-CUBE-TOUCHGFX 4.13.0
2020-05-16 16:00:01,469 [INFO] ThirdParty:899 - CMSIS Pack Vendor :STMicroelectronics X-CUBE-NFC4 1.5.2
2020-05-16 16:00:01,469 [INFO] ThirdParty:899 - CMSIS Pack Vendor :STMicroelectronics X-CUBE-MEMS1 7.1.0
2020-05-16 16:00:01,469 [INFO] ThirdParty:899 - CMSIS Pack Vendor :STMicroelectronics X-CUBE-AI 5.0.0
2020-05-16 16:00:01,843 [INFO] PinOutPanel:1420 - setPackage(No Configuration,No Configuration)
2020-05-16 16:00:01,843 [INFO] PinOutPanel:1420 - setPackage(STM32F411RETx,LQFP64)
2020-05-16 16:00:02,531 [INFO] UtilMem:74 - Before build in PCC Used Memory: 303673048 Bytes (384827392)
2020-05-16 16:00:03,390 [INFO] SharedServices:71 - Folder for power plug-in: C:/Users/wndks/.stm32cubemx/plugins/power
2020-05-16 16:00:03,499 [INFO] SharedServices:71 - Folder for power plug-in: C:/Users/wndks/.stm32cubemx/plugins/power
2020-05-16 16:00:03,546 [INFO] SharedServices:71 - Folder for power plug-in: C:/Users/wndks/.stm32cubemx/plugins/power
2020-05-16 16:00:03,562 [INFO] SharedServices:71 - Folder for power plug-in: C:/Users/wndks/.stm32cubemx/plugins/power
2020-05-16 16:00:03,874 [INFO] UtilMem:74 - After build in PCC Used Memory: 301703696 Bytes (384827392)
2020-05-16 16:00:03,905 [INFO] IPUIPlugin:65 - create IPUIPlugin
2020-05-16 16:00:03,905 [INFO] IPUIPlugin:65 - create IPUIPlugin
2020-05-16 16:00:03,905 [INFO] IPUIPlugin:65 - create IPUIPlugin
2020-05-16 16:00:03,905 [INFO] IPUIPlugin:65 - create IPUIPlugin
2020-05-16 16:00:03,905 [INFO] IPUIPlugin:65 - create IPUIPlugin
2020-05-16 16:00:03,905 [INFO] IPUIPlugin:65 - create IPUIPlugin
2020-05-16 16:00:03,905 [INFO] IPUIPlugin:65 - create IPUIPlugin
2020-05-16 16:00:03,905 [INFO] IPUIPlugin:65 - create IPUIPlugin
2020-05-16 16:00:03,905 [INFO] IPUIPlugin:65 - create IPUIPlugin
2020-05-16 16:00:03,905 [INFO] IPUIPlugin:65 - create IPUIPlugin
2020-05-16 16:00:03,921 [INFO] IPUIPlugin:65 - create IPUIPlugin
2020-05-16 16:00:03,921 [INFO] IPUIPlugin:65 - create IPUIPlugin
2020-05-16 16:00:03,921 [INFO] IPUIPlugin:65 - create IPUIPlugin
2020-05-16 16:00:03,921 [INFO] IPUIPlugin:65 - create IPUIPlugin
2020-05-16 16:00:03,921 [INFO] IPUIPlugin:65 - create IPUIPlugin
2020-05-16 16:00:03,921 [INFO] IPUIPlugin:65 - create IPUIPlugin
2020-05-16 16:00:03,921 [INFO] IPUIPlugin:65 - create IPUIPlugin
2020-05-16 16:00:03,921 [INFO] IPUIPlugin:65 - create IPUIPlugin
2020-05-16 16:00:03,921 [INFO] IPUIPlugin:65 - create IPUIPlugin
2020-05-16 16:00:03,921 [INFO] IPUIPlugin:65 - create IPUIPlugin
2020-05-16 16:00:03,921 [INFO] IPUIPlugin:65 - create IPUIPlugin
2020-05-16 16:00:03,921 [INFO] IPUIPlugin:65 - create IPUIPlugin
2020-05-16 16:00:03,921 [INFO] IPUIPlugin:65 - create IPUIPlugin
2020-05-16 16:00:03,921 [INFO] IPUIPlugin:65 - create IPUIPlugin
2020-05-16 16:00:03,921 [INFO] IPUIPlugin:65 - create IPUIPlugin
2020-05-16 16:00:03,921 [INFO] IPUIPlugin:65 - create IPUIPlugin
2020-05-16 16:00:03,921 [INFO] IPUIPlugin:65 - create IPUIPlugin
2020-05-16 16:00:03,921 [INFO] IPUIPlugin:65 - create IPUIPlugin
2020-05-16 16:00:03,921 [INFO] IPUIPlugin:65 - create IPUIPlugin
2020-05-16 16:00:03,921 [INFO] IPUIPlugin:65 - create IPUIPlugin
2020-05-16 16:00:03,921 [INFO] IPUIPlugin:65 - create IPUIPlugin
2020-05-16 16:00:03,921 [INFO] IPUIPlugin:65 - create IPUIPlugin
2020-05-16 16:00:03,921 [INFO] IPUIPlugin:65 - create IPUIPlugin
2020-05-16 16:00:03,921 [INFO] IPUIPlugin:65 - create IPUIPlugin
2020-05-16 16:00:03,921 [INFO] IPUIPlugin:65 - create IPUIPlugin
2020-05-16 16:00:03,921 [INFO] IPUIPlugin:65 - create IPUIPlugin
2020-05-16 16:00:03,921 [INFO] IPUIPlugin:65 - create IPUIPlugin
2020-05-16 16:00:03,921 [INFO] IPUIPlugin:65 - create IPUIPlugin
2020-05-16 16:00:03,921 [INFO] IPUIPlugin:65 - create IPUIPlugin
2020-05-16 16:00:03,921 [INFO] IPUIPlugin:65 - create IPUIPlugin
2020-05-16 16:00:03,921 [INFO] IPUIPlugin:65 - create IPUIPlugin
2020-05-16 16:00:03,921 [INFO] IPUIPlugin:65 - create IPUIPlugin
2020-05-16 16:00:03,921 [INFO] IPUIPlugin:65 - create IPUIPlugin
2020-05-16 16:00:03,999 [INFO] LogOutputStream:76 - [STDOUT_REDIRECT] toolchainItems.length=====1
2020-05-16 16:00:04,155 [INFO] OpenFileManager:294 - Restore cursor
2020-05-16 16:00:06,233 [INFO] UtilMem:74 - End SaveConfig() Used Memory: 295555592 Bytes (384827392)
2020-05-16 16:00:09,451 [INFO] FileExtend:225 - Unzip File : stm32cube_fw_f4_v1250.zip
2020-05-16 16:00:09,451 [INFO] FileExtend:240 - Standard Zip Deflate
2020-05-16 16:02:02,163 [INFO] LoadServerPackagesThread:160 - End of LoadServerPackages Thread
2020-05-16 16:02:02,288 [INFO] CheckServerUpdateThread:92 - End of CheckServer Thread
2020-05-16 16:02:02,320 [INFO] UtilMem:74 - End SaveConfig() Used Memory: 405158120 Bytes (1035993088)
2020-05-16 16:02:03,241 [INFO] BlockDiagram:2671 - set Specific Code input for plugin: NVIC
2020-05-16 16:02:03,241 [INFO] BlockDiagram:2671 - set Specific Code input for plugin: USART
2020-05-16 16:02:03,241 [INFO] BlockDiagram:2671 - set Specific Code input for plugin: SYS
2020-05-16 16:02:03,241 [INFO] BlockDiagram:2671 - set Specific Code input for plugin: GPIO
2020-05-16 16:02:03,241 [INFO] BlockDiagram:2671 - set Specific Code input for plugin: RCC
2020-05-16 16:02:03,257 [INFO] CodeGenerator:603 - code generatio: config db path: C:\ST\STM32CubeIDE_1.3.0\STM32CubeIDE\plugins\com.st.stm32cube.common.mx_5.6.0.202002181639\\db\
2020-05-16 16:02:04,007 [INFO] CodeEngine:188 - oldGeneratedFile, C:\source\juankim\juankim\MXTmpFiles\license.tmp_save
2020-05-16 16:02:04,663 [INFO] CodeEngine:206 - Generated code: C:\source\juankim\juankim\MXTmpFiles\license.tmp
2020-05-16 16:02:04,897 [INFO] CodeEngine:188 - oldGeneratedFile, C:\source\juankim\juankim\MXTmpFiles\gpio.tmp_save
2020-05-16 16:02:05,194 [INFO] CodeEngine:206 - Generated code: C:\source\juankim\juankim\MXTmpFiles\gpio.tmp
2020-05-16 16:02:05,506 [INFO] LogOutputStream:76 - [STDOUT_REDIRECT] Command line
2020-05-16 16:02:05,506 [INFO] LogOutputStream:76 - [STDOUT_REDIRECT] Debug : prepare data for USART
2020-05-16 16:02:05,506 [INFO] LogOutputStream:76 - [STDOUT_REDIRECT] Command line test
2020-05-16 16:02:05,506 [INFO] LogOutputStream:76 - [STDOUT_REDIRECT] Debug : prepare data for NVIC
2020-05-16 16:02:05,506 [INFO] LogOutputStream:76 - [STDOUT_REDIRECT] Command line test
2020-05-16 16:02:05,538 [INFO] CodeEngine:188 - oldGeneratedFile, C:\source\juankim\juankim\Core\Src\stm32f4xx_it.c_save
2020-05-16 16:02:05,803 [INFO] CodeEngine:206 - Generated code: C:\source\juankim\juankim\Core\Src\stm32f4xx_it.c
2020-05-16 16:02:05,834 [INFO] CodeEngine:188 - oldGeneratedFile, C:\source\juankim\juankim\Core\Inc\stm32f4xx_it.h_save
2020-05-16 16:02:06,006 [INFO] CodeEngine:206 - Generated code: C:\source\juankim\juankim\Core\Inc\stm32f4xx_it.h
2020-05-16 16:02:06,022 [INFO] CodeEngine:188 - oldGeneratedFile, C:\source\juankim\juankim\Core\Src\stm32f4xx_hal_msp.c_save
2020-05-16 16:02:06,303 [INFO] CodeEngine:206 - Generated code: C:\source\juankim\juankim\Core\Src\stm32f4xx_hal_msp.c
2020-05-16 16:02:06,366 [INFO] CodeEngine:188 - oldGeneratedFile, C:\source\juankim\juankim\MXTmpFiles\system.tmp_save
2020-05-16 16:02:06,537 [INFO] CodeEngine:206 - Generated code: C:\source\juankim\juankim\MXTmpFiles\system.tmp
2020-05-16 16:02:06,553 [INFO] CodeEngine:188 - oldGeneratedFile, C:\source\juankim\juankim\Core\Inc\stm32f4xx_hal_conf.h_save
2020-05-16 16:02:06,756 [INFO] CodeEngine:206 - Generated code: C:\source\juankim\juankim\Core\Inc\stm32f4xx_hal_conf.h
2020-05-16 16:02:06,819 [WARN] IPConfigManager:2701 - IP not found : gpio
2020-05-16 16:02:06,819 [WARN] CodeGenerator:2649 - IP not found : gpio
2020-05-16 16:02:06,865 [INFO] CodeEngine:188 - oldGeneratedFile, C:\source\juankim\juankim\Core\Inc\main.h_save
2020-05-16 16:02:07,037 [INFO] CodeEngine:206 - Generated code: C:\source\juankim\juankim\Core\Inc\main.h
2020-05-16 16:02:07,053 [INFO] CodeEngine:188 - oldGeneratedFile, C:\source\juankim\juankim\Core\Src\main.c_save
2020-05-16 16:02:07,287 [INFO] CodeEngine:206 - Generated code: C:\source\juankim\juankim\Core\Src\main.c
2020-05-16 16:02:08,599 [INFO] ProjectBuilder:2002 - Time for Copy HAL[1] : 281mS.
2020-05-16 16:02:08,615 [INFO] ProjectBuilder:2727 - Project Generator version: 3.7.1
2020-05-16 16:02:11,880 [INFO] ConfigFileManager:1066 - The Die is : DIE431
2020-05-16 16:02:33,593 [INFO] ProjectBuilder:2894 - Time for Generating toolchain IDE Files: 24978mS.
2020-05-16 16:02:33,593 [INFO] ProjectBuilder:1878 - Time for Copy CMSIS : 0mS.
2020-05-16 16:02:33,609 [INFO] ProjectBuilder:1878 - Time for Copy CMSIS : 0mS.
2020-05-16 16:12:59,359 [INFO] Activator:176 - 


2020-05-16 16:12:59,359 [INFO] Activator:177 - !SESSION log4j initialized
2020-05-16 16:13:02,311 [INFO] ApplicationProperties:181 - Using Application install path: C:\ST\STM32CubeIDE_1.3.0\STM32CubeIDE\plugins\com.st.stm32cube.common.mx_5.6.0.202002181639
2020-05-16 16:13:02,342 [INFO] DbMcusXml:72 - Set database path to: C:\ST\STM32CubeIDE_1.3.0\STM32CubeIDE\plugins\com.st.stm32cube.common.mx_5.6.0.202002181639\\db\/mcu/
2020-05-16 16:13:02,342 [INFO] DbBoardsPdsc:54 - Set plugin database path to: C:\ST\STM32CubeIDE_1.3.0\STM32CubeIDE\plugins\com.st.stm32cube.common.mx_5.6.0.202002181639\\db\/plugins/boardmanager/
2020-05-16 16:13:02,342 [INFO] DbMcus:235 - Set plugin images path to: C:\ST\STM32CubeIDE_1.3.0\STM32CubeIDE\plugins\com.st.stm32cube.common.mx_5.6.0.202002181639\\db\/plugins/mcufinder/images/
2020-05-16 16:13:02,342 [INFO] DbBoards:232 - Set plugin images path to: C:\ST\STM32CubeIDE_1.3.0\STM32CubeIDE\plugins\com.st.stm32cube.common.mx_5.6.0.202002181639\\db\/plugins/mcufinder/images/
2020-05-16 16:13:02,358 [INFO] DbMcusAds:85 - Set database path to: C:\Users\wndks\.stmcufinder\plugins\mcufinder//mcu/
2020-05-16 16:13:02,358 [INFO] DbMcusDocs:108 - Set database path to: C:\Users\wndks\.stmcufinder\plugins\mcufinder//mcu/
2020-05-16 16:13:02,358 [INFO] DbMcusJson:61 - Set database path to: C:\Users\wndks\.stmcufinder\plugins\mcufinder//mcu/
2020-05-16 16:13:02,358 [INFO] DbBoardsDocs:97 - Set database path to: C:\Users\wndks\.stmcufinder\plugins\mcufinder//mcu/
2020-05-16 16:13:02,358 [INFO] DbBoardsJson:51 - Set database path to: C:\Users\wndks\.stmcufinder\plugins\mcufinder//mcu/
2020-05-16 16:13:02,420 [INFO] CrossReferenceDbSqlite:197 - Set database path to: C:\Users\wndks\.stmcufinder\plugins\mcufinder//mcu/cs/
2020-05-16 16:13:02,655 [INFO] RulesReader:52 - Compatibility file has been processed (208 Rules)
2020-05-16 16:13:02,827 [INFO] MicroXplorer:570 - Detected Java Version = 1.8.0_242
2020-05-16 16:13:02,827 [INFO] DbMcusXml:72 - Set database path to: C:\ST\STM32CubeIDE_1.3.0\STM32CubeIDE\plugins\com.st.stm32cube.common.mx_5.6.0.202002181639\\db\/mcu/
2020-05-16 16:13:02,827 [INFO] DbBoardsPdsc:54 - Set plugin database path to: C:\ST\STM32CubeIDE_1.3.0\STM32CubeIDE\plugins\com.st.stm32cube.common.mx_5.6.0.202002181639\\db\/plugins/boardmanager/
2020-05-16 16:13:02,827 [INFO] DbMcus:235 - Set plugin images path to: C:\ST\STM32CubeIDE_1.3.0\STM32CubeIDE\plugins\com.st.stm32cube.common.mx_5.6.0.202002181639\\db\/plugins/mcufinder/images/
2020-05-16 16:13:02,827 [INFO] DbBoards:232 - Set plugin images path to: C:\ST\STM32CubeIDE_1.3.0\STM32CubeIDE\plugins\com.st.stm32cube.common.mx_5.6.0.202002181639\\db\/plugins/mcufinder/images/
2020-05-16 16:13:02,827 [WARN] DbFile:36 - Overriding database path with different value: C:\Users\wndks\.stmcufinder\plugins\mcufinder/ => C:\Users\wndks\.stmcufinder\plugins\mcufinder
2020-05-16 16:13:02,842 [INFO] DbMcusAds:85 - Set database path to: C:\Users\wndks\.stmcufinder\plugins\mcufinder//mcu/
2020-05-16 16:13:02,842 [WARN] DbFile:36 - Overriding database path with different value: C:\Users\wndks\.stmcufinder\plugins\mcufinder/ => C:\Users\wndks\.stmcufinder\plugins\mcufinder
2020-05-16 16:13:02,842 [INFO] DbMcusDocs:108 - Set database path to: C:\Users\wndks\.stmcufinder\plugins\mcufinder//mcu/
2020-05-16 16:13:02,842 [WARN] DbFile:36 - Overriding database path with different value: C:\Users\wndks\.stmcufinder\plugins\mcufinder/ => C:\Users\wndks\.stmcufinder\plugins\mcufinder
2020-05-16 16:13:02,842 [INFO] DbMcusJson:61 - Set database path to: C:\Users\wndks\.stmcufinder\plugins\mcufinder//mcu/
2020-05-16 16:13:02,842 [WARN] DbFile:36 - Overriding database path with different value: C:\Users\wndks\.stmcufinder\plugins\mcufinder/ => C:\Users\wndks\.stmcufinder\plugins\mcufinder
2020-05-16 16:13:02,842 [INFO] DbBoardsDocs:97 - Set database path to: C:\Users\wndks\.stmcufinder\plugins\mcufinder//mcu/
2020-05-16 16:13:02,842 [WARN] DbFile:36 - Overriding database path with different value: C:\Users\wndks\.stmcufinder\plugins\mcufinder/ => C:\Users\wndks\.stmcufinder\plugins\mcufinder
2020-05-16 16:13:02,842 [INFO] DbBoardsJson:51 - Set database path to: C:\Users\wndks\.stmcufinder\plugins\mcufinder//mcu/
2020-05-16 16:13:02,842 [WARN] DbFile:36 - Overriding database path with different value: C:\Users\wndks\.stmcufinder\plugins\mcufinder/ => C:\Users\wndks\.stmcufinder\plugins\mcufinder
2020-05-16 16:13:02,842 [WARN] DbFile:36 - Overriding database path with different value: C:\Users\wndks\.stmcufinder\plugins\mcufinder/ => C:\Users\wndks\.stmcufinder\plugins\mcufinder
2020-05-16 16:13:02,842 [INFO] CrossReferenceDbSqlite:197 - Set database path to: C:\Users\wndks\.stmcufinder\plugins\mcufinder//mcu/cs/
2020-05-16 16:13:02,936 [INFO] MainPanel:181 - HeapMemory: 268435456
2020-05-16 16:13:03,045 [INFO] DbMcusXml:72 - Set database path to: C:\ST\STM32CubeIDE_1.3.0\STM32CubeIDE\plugins\com.st.stm32cube.common.mx_5.6.0.202002181639\\db\/mcu/
2020-05-16 16:13:03,045 [INFO] DbBoardsPdsc:54 - Set plugin database path to: C:\ST\STM32CubeIDE_1.3.0\STM32CubeIDE\plugins\com.st.stm32cube.common.mx_5.6.0.202002181639\\db\/plugins/boardmanager/
2020-05-16 16:13:03,045 [INFO] DbMcus:235 - Set plugin images path to: C:\ST\STM32CubeIDE_1.3.0\STM32CubeIDE\plugins\com.st.stm32cube.common.mx_5.6.0.202002181639\\db\/plugins/mcufinder/images/
2020-05-16 16:13:03,045 [INFO] DbBoards:232 - Set plugin images path to: C:\ST\STM32CubeIDE_1.3.0\STM32CubeIDE\plugins\com.st.stm32cube.common.mx_5.6.0.202002181639\\db\/plugins/mcufinder/images/
2020-05-16 16:13:03,045 [WARN] DbFile:36 - Overriding database path with different value: C:\Users\wndks\.stmcufinder\plugins\mcufinder/ => C:\Users\wndks\.stmcufinder\plugins\mcufinder
2020-05-16 16:13:03,045 [INFO] DbMcusAds:85 - Set database path to: C:\Users\wndks\.stmcufinder\plugins\mcufinder//mcu/
2020-05-16 16:13:03,045 [WARN] DbFile:36 - Overriding database path with different value: C:\Users\wndks\.stmcufinder\plugins\mcufinder/ => C:\Users\wndks\.stmcufinder\plugins\mcufinder
2020-05-16 16:13:03,045 [INFO] DbMcusDocs:108 - Set database path to: C:\Users\wndks\.stmcufinder\plugins\mcufinder//mcu/
2020-05-16 16:13:03,045 [WARN] DbFile:36 - Overriding database path with different value: C:\Users\wndks\.stmcufinder\plugins\mcufinder/ => C:\Users\wndks\.stmcufinder\plugins\mcufinder
2020-05-16 16:13:03,045 [INFO] DbMcusJson:61 - Set database path to: C:\Users\wndks\.stmcufinder\plugins\mcufinder//mcu/
2020-05-16 16:13:03,045 [WARN] DbFile:36 - Overriding database path with different value: C:\Users\wndks\.stmcufinder\plugins\mcufinder/ => C:\Users\wndks\.stmcufinder\plugins\mcufinder
2020-05-16 16:13:03,045 [INFO] DbBoardsDocs:97 - Set database path to: C:\Users\wndks\.stmcufinder\plugins\mcufinder//mcu/
2020-05-16 16:13:03,045 [WARN] DbFile:36 - Overriding database path with different value: C:\Users\wndks\.stmcufinder\plugins\mcufinder/ => C:\Users\wndks\.stmcufinder\plugins\mcufinder
2020-05-16 16:13:03,045 [INFO] DbBoardsJson:51 - Set database path to: C:\Users\wndks\.stmcufinder\plugins\mcufinder//mcu/
2020-05-16 16:13:03,045 [WARN] DbFile:36 - Overriding database path with different value: C:\Users\wndks\.stmcufinder\plugins\mcufinder/ => C:\Users\wndks\.stmcufinder\plugins\mcufinder
2020-05-16 16:13:03,045 [WARN] DbFile:36 - Overriding database path with different value: C:\Users\wndks\.stmcufinder\plugins\mcufinder/ => C:\Users\wndks\.stmcufinder\plugins\mcufinder
2020-05-16 16:13:03,045 [INFO] CrossReferenceDbSqlite:197 - Set database path to: C:\Users\wndks\.stmcufinder\plugins\mcufinder//mcu/cs/
2020-05-16 16:13:03,077 [INFO] ApplicationProperties:181 - Using Application install path: C:\ST\STM32CubeIDE_1.3.0\STM32CubeIDE\plugins\com.st.stm32cube.common.mx_5.6.0.202002181639
2020-05-16 16:13:03,077 [INFO] PluginManage:178 - Search for loadable plugins [exclusion list=, tutovideos]
2020-05-16 16:13:03,077 [INFO] PluginManage:292 - Check plugin analytics
2020-05-16 16:13:03,077 [INFO] PluginManage:342 - Loaded plugin analytics (category:tool,tabindex:-1)
2020-05-16 16:13:03,077 [INFO] PluginManage:292 - Check plugin clock
2020-05-16 16:13:03,092 [INFO] PluginManage:342 - Loaded plugin clock (category:base,tabindex:2)
2020-05-16 16:13:03,092 [INFO] PluginManage:292 - Check plugin ddr
2020-05-16 16:13:03,108 [INFO] PluginManage:342 - Loaded plugin ddr (category:tool,tabindex:6)
2020-05-16 16:13:03,108 [INFO] PluginManage:292 - Check plugin filemanager
2020-05-16 16:13:03,264 [INFO] PluginManage:342 - Loaded plugin filemanager (category:base,tabindex:10)
2020-05-16 16:13:03,264 [INFO] PluginManage:292 - Check plugin ipmanager
2020-05-16 16:13:03,280 [INFO] PluginManage:342 - Loaded plugin ipmanager (category:base,tabindex:5)
2020-05-16 16:13:03,280 [INFO] PluginManage:292 - Check plugin pinoutandconfiguration
2020-05-16 16:13:03,295 [INFO] PluginManage:342 - Loaded plugin pinoutandconfiguration (category:base,tabindex:1)
2020-05-16 16:13:03,295 [INFO] PluginManage:292 - Check plugin pinoutconfig
2020-05-16 16:13:03,342 [INFO] PluginManage:342 - Loaded plugin pinoutconfig (category:base,tabindex:0)
2020-05-16 16:13:03,342 [INFO] PluginManage:292 - Check plugin power
2020-05-16 16:13:03,358 [INFO] PluginManage:342 - Loaded plugin power (category:power,tabindex:4)
2020-05-16 16:13:03,358 [INFO] PluginManage:292 - Check plugin projectmanager
2020-05-16 16:13:03,389 [INFO] PluginManage:342 - Loaded plugin projectmanager (category:projectmanager,tabindex:3)
2020-05-16 16:13:03,389 [INFO] PluginManage:292 - Check plugin thirdparty
2020-05-16 16:13:03,483 [INFO] ThirdPartyDb:295 - Open Third Party DataBase File (C:/Users/wndks/.stm32cubemx/plugins/thirdparty/db/thirdparties_db.xml) : 47 ms. number of Sw pack : 16
2020-05-16 16:13:04,389 [INFO] PluginManage:342 - Loaded plugin thirdparty (category:base,tabindex:-1)
2020-05-16 16:13:04,389 [INFO] PluginManage:292 - Check plugin tools
2020-05-16 16:13:04,389 [INFO] PluginManage:342 - Loaded plugin tools (category:base,tabindex:7)
2020-05-16 16:13:04,389 [INFO] PluginManage:292 - Check plugin tutovideos
2020-05-16 16:13:04,389 [INFO] PluginManage:347 - Ignore plugin tutovideos (category:base)
2020-05-16 16:13:04,389 [INFO] PluginManage:292 - Check plugin updater
2020-05-16 16:13:04,404 [INFO] PluginManage:342 - Loaded plugin updater (category:base,tabindex:12)
2020-05-16 16:13:04,404 [INFO] PluginManage:265 - PluginManage : Loaded plugins [12]
2020-05-16 16:13:04,795 [INFO] PinOutPanel:1420 - setPackage(No Configuration,No Configuration)
2020-05-16 16:13:04,935 [INFO] IPUIPlugin:65 - create IPUIPlugin
2020-05-16 16:13:04,935 [INFO] PluginManager:200 - loadIPPluginJar : add adc
2020-05-16 16:13:04,935 [INFO] IPUIPlugin:65 - create IPUIPlugin
2020-05-16 16:13:04,951 [INFO] PluginManager:200 - loadIPPluginJar : add aes
2020-05-16 16:13:04,951 [INFO] IPUIPlugin:65 - create IPUIPlugin
2020-05-16 16:13:04,951 [INFO] PluginManager:200 - loadIPPluginJar : add can
2020-05-16 16:13:04,951 [INFO] IPUIPlugin:65 - create IPUIPlugin
2020-05-16 16:13:04,951 [INFO] PluginManager:200 - loadIPPluginJar : add comp
2020-05-16 16:13:04,951 [INFO] IPUIPlugin:65 - create IPUIPlugin
2020-05-16 16:13:04,967 [INFO] PluginManager:200 - loadIPPluginJar : add cryp
2020-05-16 16:13:04,967 [INFO] IPUIPlugin:65 - create IPUIPlugin
2020-05-16 16:13:04,967 [INFO] PluginManager:200 - loadIPPluginJar : add dfsdm
2020-05-16 16:13:04,967 [INFO] IPUIPlugin:65 - create IPUIPlugin
2020-05-16 16:13:04,982 [INFO] PluginManager:200 - loadIPPluginJar : add dma
2020-05-16 16:13:04,982 [INFO] IPUIPlugin:65 - create IPUIPlugin
2020-05-16 16:13:04,982 [INFO] PluginManager:200 - loadIPPluginJar : add fatfs
2020-05-16 16:13:04,982 [INFO] IPUIPlugin:65 - create IPUIPlugin
2020-05-16 16:13:04,982 [INFO] PluginManager:200 - loadIPPluginJar : add fmc
2020-05-16 16:13:04,998 [INFO] IPUIPlugin:65 - create IPUIPlugin
2020-05-16 16:13:04,998 [INFO] PluginManager:200 - loadIPPluginJar : add freertos
2020-05-16 16:13:04,998 [INFO] IPUIPlugin:65 - create IPUIPlugin
2020-05-16 16:13:04,998 [INFO] PluginManager:200 - loadIPPluginJar : add genericplugin
2020-05-16 16:13:05,014 [INFO] IPUIPlugin:65 - create IPUIPlugin
2020-05-16 16:13:05,014 [INFO] PluginManager:200 - loadIPPluginJar : add gfxmmu
2020-05-16 16:13:05,014 [INFO] IPUIPlugin:65 - create IPUIPlugin
2020-05-16 16:13:05,014 [INFO] PluginManager:200 - loadIPPluginJar : add gic
2020-05-16 16:13:05,029 [INFO] IPUIPlugin:65 - create IPUIPlugin
2020-05-16 16:13:05,029 [INFO] PluginManager:200 - loadIPPluginJar : add gpio
2020-05-16 16:13:05,029 [INFO] IPUIPlugin:65 - create IPUIPlugin
2020-05-16 16:13:05,029 [INFO] PluginManager:200 - loadIPPluginJar : add gtzc
2020-05-16 16:13:05,029 [INFO] IPUIPlugin:65 - create IPUIPlugin
2020-05-16 16:13:05,029 [INFO] PluginManager:200 - loadIPPluginJar : add hash
2020-05-16 16:13:05,045 [INFO] IPUIPlugin:65 - create IPUIPlugin
2020-05-16 16:13:05,045 [INFO] PluginManager:200 - loadIPPluginJar : add i2c
2020-05-16 16:13:05,045 [INFO] IPUIPlugin:65 - create IPUIPlugin
2020-05-16 16:13:05,045 [INFO] PluginManager:200 - loadIPPluginJar : add i2s
2020-05-16 16:13:05,060 [INFO] IPUIPlugin:65 - create IPUIPlugin
2020-05-16 16:13:05,060 [INFO] PluginManager:200 - loadIPPluginJar : add ipddr
2020-05-16 16:13:05,060 [INFO] IPUIPlugin:65 - create IPUIPlugin
2020-05-16 16:13:05,060 [INFO] PluginManager:200 - loadIPPluginJar : add ltdc
2020-05-16 16:13:05,060 [INFO] IPUIPlugin:65 - create IPUIPlugin
2020-05-16 16:13:05,060 [INFO] PluginManager:200 - loadIPPluginJar : add mdma
2020-05-16 16:13:05,076 [INFO] IPUIPlugin:65 - create IPUIPlugin
2020-05-16 16:13:05,076 [INFO] PluginManager:200 - loadIPPluginJar : add nvic
2020-05-16 16:13:05,076 [INFO] IPUIPlugin:65 - create IPUIPlugin
2020-05-16 16:13:05,076 [INFO] PluginManager:200 - loadIPPluginJar : add opamp
2020-05-16 16:13:05,092 [INFO] IPUIPlugin:65 - create IPUIPlugin
2020-05-16 16:13:05,092 [INFO] PluginManager:200 - loadIPPluginJar : add pdm2pcm
2020-05-16 16:13:05,092 [INFO] IPUIPlugin:65 - create IPUIPlugin
2020-05-16 16:13:05,108 [INFO] PluginManager:200 - loadIPPluginJar : add plateformsettings
2020-05-16 16:13:05,108 [INFO] IPUIPlugin:65 - create IPUIPlugin
2020-05-16 16:13:05,108 [INFO] PluginManager:200 - loadIPPluginJar : add quadspi
2020-05-16 16:13:05,123 [INFO] IPUIPlugin:65 - create IPUIPlugin
2020-05-16 16:13:05,123 [INFO] PluginManager:200 - loadIPPluginJar : add resmgrutility
2020-05-16 16:13:05,123 [INFO] IPUIPlugin:65 - create IPUIPlugin
2020-05-16 16:13:05,123 [INFO] PluginManager:200 - loadIPPluginJar : add sai
2020-05-16 16:13:05,123 [INFO] IPUIPlugin:65 - create IPUIPlugin
2020-05-16 16:13:05,123 [INFO] PluginManager:200 - loadIPPluginJar : add spi
2020-05-16 16:13:05,139 [INFO] IPUIPlugin:65 - create IPUIPlugin
2020-05-16 16:13:05,139 [INFO] PluginManager:200 - loadIPPluginJar : add stm32_wpan
2020-05-16 16:13:05,139 [INFO] IPUIPlugin:65 - create IPUIPlugin
2020-05-16 16:13:05,139 [INFO] PluginManager:200 - loadIPPluginJar : add tim
2020-05-16 16:13:05,154 [INFO] IPUIPlugin:65 - create IPUIPlugin
2020-05-16 16:13:05,154 [INFO] PluginManager:200 - loadIPPluginJar : add touchsensing
2020-05-16 16:13:05,154 [INFO] IPUIPlugin:65 - create IPUIPlugin
2020-05-16 16:13:05,154 [INFO] PluginManager:200 - loadIPPluginJar : add tracer_emb
2020-05-16 16:13:05,154 [INFO] IPUIPlugin:65 - create IPUIPlugin
2020-05-16 16:13:05,154 [INFO] PluginManager:200 - loadIPPluginJar : add ts
2020-05-16 16:13:05,170 [INFO] IPUIPlugin:65 - create IPUIPlugin
2020-05-16 16:13:05,170 [INFO] PluginManager:200 - loadIPPluginJar : add tsc
2020-05-16 16:13:05,170 [INFO] IPUIPlugin:65 - create IPUIPlugin
2020-05-16 16:13:05,170 [INFO] PluginManager:200 - loadIPPluginJar : add ucpd
2020-05-16 16:13:05,170 [INFO] IPUIPlugin:65 - create IPUIPlugin
2020-05-16 16:13:05,170 [INFO] PluginManager:200 - loadIPPluginJar : add usart
2020-05-16 16:13:06,279 [INFO] BoardConnectionPanel:3472 - [DDR PANEL] STM32CubeIDE environment
2020-05-16 16:13:06,279 [INFO] MainDdrPanel:103 - [DDR PANEL] GETTER - cubeProgrammerPath is: null
2020-05-16 16:13:06,505 [FATAL] Updater:277 - Updater called before beeing initialized
2020-05-16 16:13:06,817 [FATAL] Updater:277 - Updater called before beeing initialized
2020-05-16 16:13:06,817 [INFO] PinOutPanel:1420 - setPackage(No Configuration,No Configuration)
2020-05-16 16:13:06,817 [FATAL] Updater:277 - Updater called before beeing initialized
2020-05-16 16:13:06,880 [INFO] BoardConnectionPanel:3472 - [DDR PANEL] STM32CubeIDE environment
2020-05-16 16:13:06,880 [INFO] MainDdrPanel:103 - [DDR PANEL] GETTER - cubeProgrammerPath is: C:\ST\STM32CubeIDE_1.3.0\STM32CubeIDE\plugins\com.st.stm32cube.ide.mcu.externaltools.cubeprogrammer.win32_1.3.0.202002181050\tools\bin
2020-05-16 16:13:06,880 [INFO] ProgrammerExecThread:148 - [ProgrammerAPI] CubeProgrammer command construction: C:\ST\STM32CubeIDE_1.3.0\STM32CubeIDE\plugins\com.st.stm32cube.ide.mcu.externaltools.cubeprogrammer.win32_1.3.0.202002181050\tools\bin\STM32_Programmer_CLI.exe -l
2020-05-16 16:13:07,208 [INFO] MainDdrPanel:93 - [DDR PANEL] SETTER - Set cubeProgrammerPath to: C:\ST\STM32CubeIDE_1.3.0\STM32CubeIDE\plugins\com.st.stm32cube.ide.mcu.externaltools.cubeprogrammer.win32_1.3.0.202002181050\tools\bin
2020-05-16 16:13:07,286 [INFO] Updater:886 - Updater Version found : 5.6.0
2020-05-16 16:13:07,302 [INFO] ApplicationProperties:181 - Using Application install path: C:\ST\STM32CubeIDE_1.3.0\STM32CubeIDE\plugins\com.st.stm32cube.common.mx_5.6.0.202002181639
2020-05-16 16:13:07,380 [FATAL] Updater:277 - Updater called before beeing initialized
2020-05-16 16:13:07,380 [ERROR] IntegrityCheckThread:252 - Cannot obtain thirdParties list 21
2020-05-16 16:13:07,380 [ERROR] IntegrityCheckThread:100 - Unexpected exception IntegrityCheckThread Thread: Updater error
2020-05-16 16:13:07,380 [INFO] ThirdPartyDb:261 - Close Third Party DataBase File (C:/Users/wndks/.stm32cubemx/plugins/thirdparty/db/thirdparties_db.xml)
2020-05-16 16:13:07,833 [INFO] MainUpdater:2230 - connection check result : 10
2020-05-16 16:13:07,833 [INFO] MainUpdater:236 - Updater Check For Update Now.
2020-05-16 16:13:07,833 [INFO] MicroXplorer:420 - Change Database Version : DB.5.0.60
2020-05-16 16:13:07,880 [INFO] CheckServerUpdateThread:92 - End of CheckServer Thread
2020-05-16 16:13:08,052 [INFO] MainUpdater:2230 - connection check result : 10
2020-05-16 16:13:09,332 [INFO] MicroXplorer:390 - Change Database Path : 
2020-05-16 16:13:09,332 [INFO] MicroXplorer:420 - Change Database Version : DB.5.0.60
2020-05-16 16:13:09,348 [INFO] PinOutPanel:1420 - setPackage(No Configuration,No Configuration)
2020-05-16 16:13:09,348 [INFO] UtilMem:74 - Begin LoadConfig() Used Memory: 141356104 Bytes (268435456)
2020-05-16 16:13:09,348 [INFO] MicroXplorer:390 - Change Database Path : 
2020-05-16 16:13:09,348 [INFO] MicroXplorer:420 - Change Database Version : DB.5.0.60
2020-05-16 16:13:09,348 [INFO] OpenFileManager:274 - Change cursor
2020-05-16 16:13:26,235 [INFO] ImportTextPane:162 - (OptionalMessage_ERROR) IP (RCC) : Parameter (48MHZClocksFreq_Value) has invalid value (84000000)
2020-05-16 16:13:26,235 [INFO] ImportTextPane:162 - (OptionalMessage_ERROR) IP (RCC) : Parameter (FLatency) has Id (AdvancedSettings) currently not set
2020-05-16 16:13:26,235 [INFO] ImportTextPane:162 - (OptionalMessage_ERROR) IP (RCC) : Parameter (RTCHSEDivFreq_Value) has invalid value (4000000)
2020-05-16 16:13:27,063 [INFO] UtilMem:74 - End LoadConfig() Used Memory: 145353352 Bytes (268435456)
2020-05-16 16:13:27,063 [INFO] DbMcusXml:110 - Load MCU database from C:\ST\STM32CubeIDE_1.3.0\STM32CubeIDE\plugins\com.st.stm32cube.common.mx_5.6.0.202002181639\\db\/mcu/families.xml
2020-05-16 16:13:27,984 [INFO] DbMcusJson:90 - JSON generation date=Wed Apr 15 14:54:18 KST 2020 (1586930058)
2020-05-16 16:13:28,953 [INFO] DbMcus:171 - Found 1670 MCUs (1625 are supported by CubeMX, 1625 are visible in CubeMX)
2020-05-16 16:13:28,953 [INFO] ApiDb:158 - Load user favorites file C:\Users\wndks/.stm32cubemx/favorites.mcus.txt: 0 item(s)
2020-05-16 16:13:28,953 [INFO] ApiDb:163 - User favorites MCUs=[]
2020-05-16 16:13:28,953 [INFO] DbMcus:183 - Set 0 / 0 favorites MCUs
2020-05-16 16:13:28,984 [INFO] ThirdPartyDb:295 - Open Third Party DataBase File (C:/Users/wndks/.stm32cubemx/plugins/thirdparty/db/thirdparties_db.xml) : 16 ms. number of Sw pack : 16
2020-05-16 16:13:29,015 [INFO] DependencyParser:785 - This component is not compatible with the current MCU : [1578402155916]
2020-05-16 16:13:29,015 [INFO] ThirdPartyModel:521 - Component with status : MCU_INCOMPATIBLE for condition : OS Tick GTIM id : 1578402155243
2020-05-16 16:13:29,015 [INFO] DependencyParser:785 - This component is not compatible with the current MCU : [1578402158492, 1578402155999]
2020-05-16 16:13:29,218 [INFO] ThirdParty:899 - CMSIS Pack Vendor :STMicroelectronics X-CUBE-SUBG2 1.1.0
2020-05-16 16:13:29,218 [INFO] ThirdParty:899 - CMSIS Pack Vendor :STMicroelectronics X-CUBE-SUBG2 1.0.0
2020-05-16 16:13:29,218 [INFO] ThirdParty:899 - CMSIS Pack Vendor :ARM CMSIS 5.6.0
2020-05-16 16:13:29,218 [INFO] ThirdParty:899 - CMSIS Pack Vendor :STMicroelectronics X-CUBE-NFC4 1.4.0
2020-05-16 16:13:29,218 [INFO] ThirdParty:899 - CMSIS Pack Vendor :STMicroelectronics X-CUBE-NFC4 1.5.1
2020-05-16 16:13:29,218 [INFO] ThirdParty:899 - CMSIS Pack Vendor :STMicroelectronics FreeRTOS 0.0.1
2020-05-16 16:13:29,218 [INFO] ThirdParty:899 - CMSIS Pack Vendor :STMicroelectronics X-CUBE-ALGOBUILD 1.0.0
2020-05-16 16:13:29,218 [INFO] ThirdParty:899 - CMSIS Pack Vendor :STMicroelectronics X-CUBE-MEMS1 6.2.0
2020-05-16 16:13:29,218 [INFO] ThirdParty:899 - CMSIS Pack Vendor :STMicroelectronics X-CUBE-AI 4.0.0
2020-05-16 16:13:29,218 [INFO] ThirdParty:899 - CMSIS Pack Vendor :STMicroelectronics X-CUBE-BLE1 4.4.0
2020-05-16 16:13:29,218 [INFO] ThirdParty:899 - CMSIS Pack Vendor :STMicroelectronics X-CUBE-MEMS1 7.0.0
2020-05-16 16:13:29,218 [INFO] ThirdParty:899 - CMSIS Pack Vendor :STMicroelectronics X-CUBE-GNSS1 3.0.0
2020-05-16 16:13:29,218 [INFO] ThirdParty:899 - CMSIS Pack Vendor :STMicroelectronics X-CUBE-TOUCHGFX 4.13.0
2020-05-16 16:13:29,218 [INFO] ThirdParty:899 - CMSIS Pack Vendor :STMicroelectronics X-CUBE-NFC4 1.5.2
2020-05-16 16:13:29,218 [INFO] ThirdParty:899 - CMSIS Pack Vendor :STMicroelectronics X-CUBE-MEMS1 7.1.0
2020-05-16 16:13:29,218 [INFO] ThirdParty:899 - CMSIS Pack Vendor :STMicroelectronics X-CUBE-AI 5.0.0
2020-05-16 16:13:29,843 [INFO] PinOutPanel:1420 - setPackage(No Configuration,No Configuration)
2020-05-16 16:13:29,859 [INFO] PinOutPanel:1420 - setPackage(STM32F411RETx,LQFP64)
2020-05-16 16:13:30,593 [INFO] UtilMem:74 - Before build in PCC Used Memory: 143330280 Bytes (326107136)
2020-05-16 16:13:31,280 [INFO] SharedServices:71 - Folder for power plug-in: C:/Users/wndks/.stm32cubemx/plugins/power
2020-05-16 16:13:31,358 [INFO] SharedServices:71 - Folder for power plug-in: C:/Users/wndks/.stm32cubemx/plugins/power
2020-05-16 16:13:31,421 [INFO] SharedServices:71 - Folder for power plug-in: C:/Users/wndks/.stm32cubemx/plugins/power
2020-05-16 16:13:31,437 [INFO] SharedServices:71 - Folder for power plug-in: C:/Users/wndks/.stm32cubemx/plugins/power
2020-05-16 16:13:31,765 [INFO] UtilMem:74 - After build in PCC Used Memory: 169761480 Bytes (326107136)
2020-05-16 16:13:31,796 [INFO] IPUIPlugin:65 - create IPUIPlugin
2020-05-16 16:13:31,796 [INFO] IPUIPlugin:65 - create IPUIPlugin
2020-05-16 16:13:31,796 [INFO] IPUIPlugin:65 - create IPUIPlugin
2020-05-16 16:13:31,796 [INFO] IPUIPlugin:65 - create IPUIPlugin
2020-05-16 16:13:31,796 [INFO] IPUIPlugin:65 - create IPUIPlugin
2020-05-16 16:13:31,796 [INFO] IPUIPlugin:65 - create IPUIPlugin
2020-05-16 16:13:31,796 [INFO] IPUIPlugin:65 - create IPUIPlugin
2020-05-16 16:13:31,796 [INFO] IPUIPlugin:65 - create IPUIPlugin
2020-05-16 16:13:31,796 [INFO] IPUIPlugin:65 - create IPUIPlugin
2020-05-16 16:13:31,796 [INFO] IPUIPlugin:65 - create IPUIPlugin
2020-05-16 16:13:31,796 [INFO] IPUIPlugin:65 - create IPUIPlugin
2020-05-16 16:13:31,796 [INFO] IPUIPlugin:65 - create IPUIPlugin
2020-05-16 16:13:31,796 [INFO] IPUIPlugin:65 - create IPUIPlugin
2020-05-16 16:13:31,796 [INFO] IPUIPlugin:65 - create IPUIPlugin
2020-05-16 16:13:31,796 [INFO] IPUIPlugin:65 - create IPUIPlugin
2020-05-16 16:13:31,811 [INFO] IPUIPlugin:65 - create IPUIPlugin
2020-05-16 16:13:31,811 [INFO] IPUIPlugin:65 - create IPUIPlugin
2020-05-16 16:13:31,811 [INFO] IPUIPlugin:65 - create IPUIPlugin
2020-05-16 16:13:31,811 [INFO] IPUIPlugin:65 - create IPUIPlugin
2020-05-16 16:13:31,811 [INFO] IPUIPlugin:65 - create IPUIPlugin
2020-05-16 16:13:31,811 [INFO] IPUIPlugin:65 - create IPUIPlugin
2020-05-16 16:13:31,811 [INFO] IPUIPlugin:65 - create IPUIPlugin
2020-05-16 16:13:31,811 [INFO] IPUIPlugin:65 - create IPUIPlugin
2020-05-16 16:13:31,811 [INFO] IPUIPlugin:65 - create IPUIPlugin
2020-05-16 16:13:31,811 [INFO] IPUIPlugin:65 - create IPUIPlugin
2020-05-16 16:13:31,811 [INFO] IPUIPlugin:65 - create IPUIPlugin
2020-05-16 16:13:31,811 [INFO] IPUIPlugin:65 - create IPUIPlugin
2020-05-16 16:13:31,811 [INFO] IPUIPlugin:65 - create IPUIPlugin
2020-05-16 16:13:31,811 [INFO] IPUIPlugin:65 - create IPUIPlugin
2020-05-16 16:13:31,811 [INFO] IPUIPlugin:65 - create IPUIPlugin
2020-05-16 16:13:31,811 [INFO] IPUIPlugin:65 - create IPUIPlugin
2020-05-16 16:13:31,811 [INFO] IPUIPlugin:65 - create IPUIPlugin
2020-05-16 16:13:31,811 [INFO] IPUIPlugin:65 - create IPUIPlugin
2020-05-16 16:13:31,811 [INFO] IPUIPlugin:65 - create IPUIPlugin
2020-05-16 16:13:31,811 [INFO] IPUIPlugin:65 - create IPUIPlugin
2020-05-16 16:13:31,811 [INFO] IPUIPlugin:65 - create IPUIPlugin
2020-05-16 16:13:31,811 [INFO] IPUIPlugin:65 - create IPUIPlugin
2020-05-16 16:13:31,811 [INFO] IPUIPlugin:65 - create IPUIPlugin
2020-05-16 16:13:31,811 [INFO] IPUIPlugin:65 - create IPUIPlugin
2020-05-16 16:13:31,811 [INFO] IPUIPlugin:65 - create IPUIPlugin
2020-05-16 16:13:31,811 [INFO] IPUIPlugin:65 - create IPUIPlugin
2020-05-16 16:13:31,811 [INFO] IPUIPlugin:65 - create IPUIPlugin
2020-05-16 16:13:31,811 [INFO] IPUIPlugin:65 - create IPUIPlugin
2020-05-16 16:13:31,858 [INFO] LogOutputStream:76 - [STDOUT_REDIRECT] toolchainItems.length=====1
2020-05-16 16:13:32,015 [INFO] OpenFileManager:294 - Restore cursor
2020-05-16 16:13:57,615 [INFO] RetryExec:97 - I/O exception (org.apache.http.NoHttpResponseException) caught when processing request to {s}->https://download.eclipse.org:443: The target server failed to respond
2020-05-16 16:13:57,615 [INFO] RetryExec:113 - Retrying request to {s}->https://download.eclipse.org:443
2020-05-16 16:14:18,196 [INFO] UtilMem:74 - End SaveConfig() Used Memory: 241912080 Bytes (375390208)
2020-05-16 16:14:22,180 [INFO] UtilMem:74 - End SaveConfig() Used Memory: 252746264 Bytes (375390208)
2020-05-16 16:14:22,601 [INFO] UtilMem:74 - End SaveConfig() Used Memory: 262884656 Bytes (375390208)
2020-05-16 16:14:23,445 [INFO] BlockDiagram:2671 - set Specific Code input for plugin: NVIC
2020-05-16 16:14:23,445 [INFO] BlockDiagram:2671 - set Specific Code input for plugin: USART
2020-05-16 16:14:23,445 [INFO] BlockDiagram:2671 - set Specific Code input for plugin: USART
2020-05-16 16:14:23,445 [INFO] BlockDiagram:2671 - set Specific Code input for plugin: SYS
2020-05-16 16:14:23,445 [INFO] BlockDiagram:2671 - set Specific Code input for plugin: GPIO
2020-05-16 16:14:23,445 [INFO] BlockDiagram:2671 - set Specific Code input for plugin: RCC
2020-05-16 16:14:23,445 [INFO] CodeGenerator:603 - code generatio: config db path: C:\ST\STM32CubeIDE_1.3.0\STM32CubeIDE\plugins\com.st.stm32cube.common.mx_5.6.0.202002181639\\db\
2020-05-16 16:14:24,101 [INFO] CodeEngine:188 - oldGeneratedFile, C:\source\juankim\juankim\MXTmpFiles\license.tmp_save
2020-05-16 16:14:24,726 [INFO] CodeEngine:206 - Generated code: C:\source\juankim\juankim\MXTmpFiles\license.tmp
2020-05-16 16:14:24,913 [INFO] CodeEngine:188 - oldGeneratedFile, C:\source\juankim\juankim\MXTmpFiles\gpio.tmp_save
2020-05-16 16:14:25,070 [INFO] CodeEngine:206 - Generated code: C:\source\juankim\juankim\MXTmpFiles\gpio.tmp
2020-05-16 16:14:25,273 [INFO] LogOutputStream:76 - [STDOUT_REDIRECT] Command line
2020-05-16 16:14:25,273 [INFO] LogOutputStream:76 - [STDOUT_REDIRECT] Debug : prepare data for USART
2020-05-16 16:14:25,273 [INFO] LogOutputStream:76 - [STDOUT_REDIRECT] Command line test
2020-05-16 16:14:25,273 [INFO] LogOutputStream:76 - [STDOUT_REDIRECT] Debug : prepare data for NVIC
2020-05-16 16:14:25,273 [INFO] LogOutputStream:76 - [STDOUT_REDIRECT] Command line test
2020-05-16 16:14:25,304 [INFO] CodeEngine:188 - oldGeneratedFile, C:\source\juankim\juankim\Core\Src\stm32f4xx_it.c_save
2020-05-16 16:14:25,569 [INFO] CodeEngine:206 - Generated code: C:\source\juankim\juankim\Core\Src\stm32f4xx_it.c
2020-05-16 16:14:25,585 [INFO] CodeEngine:188 - oldGeneratedFile, C:\source\juankim\juankim\Core\Inc\stm32f4xx_it.h_save
2020-05-16 16:14:25,757 [INFO] CodeEngine:206 - Generated code: C:\source\juankim\juankim\Core\Inc\stm32f4xx_it.h
2020-05-16 16:14:25,788 [INFO] CodeEngine:188 - oldGeneratedFile, C:\source\juankim\juankim\Core\Src\stm32f4xx_hal_msp.c_save
2020-05-16 16:14:26,101 [INFO] CodeEngine:206 - Generated code: C:\source\juankim\juankim\Core\Src\stm32f4xx_hal_msp.c
2020-05-16 16:14:26,147 [INFO] CodeEngine:188 - oldGeneratedFile, C:\source\juankim\juankim\MXTmpFiles\system.tmp_save
2020-05-16 16:14:26,272 [INFO] CodeEngine:206 - Generated code: C:\source\juankim\juankim\MXTmpFiles\system.tmp
2020-05-16 16:14:26,288 [INFO] CodeEngine:188 - oldGeneratedFile, C:\source\juankim\juankim\Core\Inc\stm32f4xx_hal_conf.h_save
2020-05-16 16:14:26,460 [INFO] CodeEngine:206 - Generated code: C:\source\juankim\juankim\Core\Inc\stm32f4xx_hal_conf.h
2020-05-16 16:14:26,507 [WARN] IPConfigManager:2701 - IP not found : gpio
2020-05-16 16:14:26,507 [WARN] CodeGenerator:2649 - IP not found : gpio
2020-05-16 16:14:26,522 [INFO] CodeEngine:188 - oldGeneratedFile, C:\source\juankim\juankim\Core\Inc\main.h_save
2020-05-16 16:14:26,741 [INFO] CodeEngine:206 - Generated code: C:\source\juankim\juankim\Core\Inc\main.h
2020-05-16 16:14:26,772 [INFO] CodeEngine:188 - oldGeneratedFile, C:\source\juankim\juankim\Core\Src\main.c_save
2020-05-16 16:14:27,085 [INFO] CodeEngine:206 - Generated code: C:\source\juankim\juankim\Core\Src\main.c
2020-05-16 16:14:28,241 [INFO] ProjectBuilder:2002 - Time for Copy HAL[1] : 203mS.
2020-05-16 16:14:28,256 [INFO] ProjectBuilder:2727 - Project Generator version: 3.7.1
2020-05-16 16:14:28,990 [INFO] ConfigFileManager:1066 - The Die is : DIE431
2020-05-16 16:14:32,052 [INFO] ProjectBuilder:2894 - Time for Generating toolchain IDE Files: 3796mS.
2020-05-16 16:14:32,052 [INFO] ProjectBuilder:1878 - Time for Copy CMSIS : 0mS.
2020-05-16 16:14:32,052 [INFO] ProjectBuilder:1878 - Time for Copy CMSIS : 0mS.
